三月 09, 2018 10:20:12 上午 org.apache.catalina.core.AprLifecycleListener init
信息: The APR based Apache Tomcat Native library which allows optimal performance in production environments was not found on the java.library.path: C:\Program Files\Java\jdk1.7.0_67\bin;C:\Windows\Sun\Java\bin;C:\Windows\system32;C:\Windows;C:\ProgramData\Oracle\Java\javapath;C:\Program Files (x86)\Common Files\NetSarang;C:\Program Files (x86)\Intel\iCLS Client\;C:\Program Files\Intel\iCLS Client\;C:\Windows\system32;C:\Windows;C:\Windows\System32\Wbem;C:\Windows\System32\WindowsPowerShell\v1.0\;C:\Program Files (x86)\Intel\Intel(R) Management Engine Components\DAL;C:\Program Files\Intel\Intel(R) Management Engine Components\DAL;C:\Program Files (x86)\Intel\Intel(R) Management Engine Components\IPT;C:\Program Files\Intel\Intel(R) Management Engine Components\IPT;C:\Program Files\Intel\WiFi\bin\;C:\Program Files\Common Files\Intel\WirelessCommon\;C:\Program Files (x86)\NVIDIA Corporation\PhysX\Common;F:\Mysql\bin;F:\apache-maven-3.3.9\bin;C:\Program Files\Java\jdk1.8.0_121\bin;E:\BaiduNetdiskDownload\oracle\oracle.（53-55天）\oracle课件\安装介质\Oracle客户端\oracleInstanceClient\64bit\instantclient_12_1;C:\Users\17310\AppData\Local\Microsoft\WindowsApps;;.
三月 09, 2018 10:20:12 上午 org.apache.coyote.AbstractProtocol init
信息: Initializing ProtocolHandler ["http-bio-8081"]
三月 09, 2018 10:20:12 上午 org.apache.coyote.AbstractProtocol init
信息: Initializing ProtocolHandler ["ajp-bio-8010"]
三月 09, 2018 10:20:12 上午 org.apache.catalina.startup.Catalina load
信息: Initialization processed in 434 ms
三月 09, 2018 10:20:12 上午 org.apache.catalina.core.StandardService startInternal
信息: Starting service Catalina
三月 09, 2018 10:20:12 上午 org.apache.catalina.core.StandardEngine startInternal
信息: Starting Servlet Engine: Apache Tomcat/7.0.42
三月 09, 2018 10:20:12 上午 org.apache.catalina.startup.HostConfig deployDirectory
信息: Deploying web application directory F:\solr\apache-tomcat-7.0.42\webapps\docs
三月 09, 2018 10:20:13 上午 org.apache.catalina.util.SessionIdGenerator createSecureRandom
信息: Creation of SecureRandom instance for session ID generation using [SHA1PRNG] took [172] milliseconds.
三月 09, 2018 10:20:13 上午 org.apache.catalina.startup.HostConfig deployDirectory
信息: Deploying web application directory F:\solr\apache-tomcat-7.0.42\webapps\examples
三月 09, 2018 10:20:13 上午 org.apache.catalina.startup.HostConfig deployDirectory
信息: Deploying web application directory F:\solr\apache-tomcat-7.0.42\webapps\host-manager
三月 09, 2018 10:20:13 上午 org.apache.catalina.startup.HostConfig deployDirectory
信息: Deploying web application directory F:\solr\apache-tomcat-7.0.42\webapps\manager
三月 09, 2018 10:20:13 上午 org.apache.catalina.startup.HostConfig deployDirectory
信息: Deploying web application directory F:\solr\apache-tomcat-7.0.42\webapps\ROOT
三月 09, 2018 10:20:13 上午 org.apache.catalina.startup.HostConfig deployDirectory
信息: Deploying web application directory F:\solr\apache-tomcat-7.0.42\webapps\solr
三月 09, 2018 10:20:15 上午 org.apache.catalina.startup.HostConfig deployDirectory
信息: Deploying web application directory F:\solr\apache-tomcat-7.0.42\webapps\test
三月 09, 2018 10:20:15 上午 org.apache.coyote.AbstractProtocol start
信息: Starting ProtocolHandler ["http-bio-8081"]
三月 09, 2018 10:20:15 上午 org.apache.coyote.AbstractProtocol start
信息: Starting ProtocolHandler ["ajp-bio-8010"]
三月 09, 2018 10:20:15 上午 org.apache.catalina.startup.Catalina start
信息: Server startup in 3032 ms
三月 09, 2018 1:43:32 下午 org.apache.catalina.core.AprLifecycleListener init
信息: The APR based Apache Tomcat Native library which allows optimal performance in production environments was not found on the java.library.path: C:\Program Files\Java\jdk1.7.0_67\bin;C:\Windows\Sun\Java\bin;C:\Windows\system32;C:\Windows;C:\ProgramData\Oracle\Java\javapath;C:\Program Files (x86)\Common Files\NetSarang;C:\Program Files (x86)\Intel\iCLS Client\;C:\Program Files\Intel\iCLS Client\;C:\Windows\system32;C:\Windows;C:\Windows\System32\Wbem;C:\Windows\System32\WindowsPowerShell\v1.0\;C:\Program Files (x86)\Intel\Intel(R) Management Engine Components\DAL;C:\Program Files\Intel\Intel(R) Management Engine Components\DAL;C:\Program Files (x86)\Intel\Intel(R) Management Engine Components\IPT;C:\Program Files\Intel\Intel(R) Management Engine Components\IPT;C:\Program Files\Intel\WiFi\bin\;C:\Program Files\Common Files\Intel\WirelessCommon\;C:\Program Files (x86)\NVIDIA Corporation\PhysX\Common;F:\Mysql\bin;F:\apache-maven-3.3.9\bin;C:\Program Files\Java\jdk1.8.0_121\bin;E:\BaiduNetdiskDownload\oracle\oracle.（53-55天）\oracle课件\安装介质\Oracle客户端\oracleInstanceClient\64bit\instantclient_12_1;C:\Users\17310\AppData\Local\Microsoft\WindowsApps;;.
三月 09, 2018 1:43:32 下午 org.apache.coyote.AbstractProtocol init
信息: Initializing ProtocolHandler ["http-bio-8081"]
三月 09, 2018 1:43:32 下午 org.apache.coyote.AbstractProtocol init
信息: Initializing ProtocolHandler ["ajp-bio-8010"]
三月 09, 2018 1:43:32 下午 org.apache.catalina.startup.Catalina load
信息: Initialization processed in 451 ms
三月 09, 2018 1:43:32 下午 org.apache.catalina.core.StandardService startInternal
信息: Starting service Catalina
三月 09, 2018 1:43:32 下午 org.apache.catalina.core.StandardEngine startInternal
信息: Starting Servlet Engine: Apache Tomcat/7.0.42
三月 09, 2018 1:43:32 下午 org.apache.catalina.startup.HostConfig deployDirectory
信息: Deploying web application directory F:\solr\apache-tomcat-7.0.42\webapps\docs
三月 09, 2018 1:43:33 下午 org.apache.catalina.util.SessionIdGenerator createSecureRandom
信息: Creation of SecureRandom instance for session ID generation using [SHA1PRNG] took [169] milliseconds.
三月 09, 2018 1:43:33 下午 org.apache.catalina.startup.HostConfig deployDirectory
信息: Deploying web application directory F:\solr\apache-tomcat-7.0.42\webapps\examples
三月 09, 2018 1:43:33 下午 org.apache.catalina.startup.HostConfig deployDirectory
信息: Deploying web application directory F:\solr\apache-tomcat-7.0.42\webapps\host-manager
三月 09, 2018 1:43:33 下午 org.apache.catalina.startup.HostConfig deployDirectory
信息: Deploying web application directory F:\solr\apache-tomcat-7.0.42\webapps\manager
三月 09, 2018 1:43:33 下午 org.apache.catalina.startup.HostConfig deployDirectory
信息: Deploying web application directory F:\solr\apache-tomcat-7.0.42\webapps\ROOT
三月 09, 2018 1:43:33 下午 org.apache.catalina.startup.HostConfig deployDirectory
信息: Deploying web application directory F:\solr\apache-tomcat-7.0.42\webapps\solr
三月 09, 2018 1:43:35 下午 org.apache.catalina.startup.HostConfig deployDirectory
信息: Deploying web application directory F:\solr\apache-tomcat-7.0.42\webapps\test
三月 09, 2018 1:43:35 下午 org.apache.coyote.AbstractProtocol start
信息: Starting ProtocolHandler ["http-bio-8081"]
三月 09, 2018 1:43:35 下午 org.apache.coyote.AbstractProtocol start
信息: Starting ProtocolHandler ["ajp-bio-8010"]
三月 09, 2018 1:43:35 下午 org.apache.catalina.startup.Catalina start
信息: Server startup in 2927 ms
三月 09, 2018 1:59:55 下午 org.apache.catalina.core.AprLifecycleListener init
信息: The APR based Apache Tomcat Native library which allows optimal performance in production environments was not found on the java.library.path: C:\Program Files\Java\jdk1.7.0_67\bin;C:\Windows\Sun\Java\bin;C:\Windows\system32;C:\Windows;C:\ProgramData\Oracle\Java\javapath;C:\Program Files (x86)\Common Files\NetSarang;C:\Program Files (x86)\Intel\iCLS Client\;C:\Program Files\Intel\iCLS Client\;C:\Windows\system32;C:\Windows;C:\Windows\System32\Wbem;C:\Windows\System32\WindowsPowerShell\v1.0\;C:\Program Files (x86)\Intel\Intel(R) Management Engine Components\DAL;C:\Program Files\Intel\Intel(R) Management Engine Components\DAL;C:\Program Files (x86)\Intel\Intel(R) Management Engine Components\IPT;C:\Program Files\Intel\Intel(R) Management Engine Components\IPT;C:\Program Files\Intel\WiFi\bin\;C:\Program Files\Common Files\Intel\WirelessCommon\;C:\Program Files (x86)\NVIDIA Corporation\PhysX\Common;F:\Mysql\bin;F:\apache-maven-3.3.9\bin;C:\Program Files\Java\jdk1.8.0_121\bin;E:\BaiduNetdiskDownload\oracle\oracle.（53-55天）\oracle课件\安装介质\Oracle客户端\oracleInstanceClient\64bit\instantclient_12_1;C:\Users\17310\AppData\Local\Microsoft\WindowsApps;;.
三月 09, 2018 1:59:55 下午 org.apache.coyote.AbstractProtocol init
信息: Initializing ProtocolHandler ["http-bio-8081"]
三月 09, 2018 1:59:55 下午 org.apache.coyote.AbstractProtocol init
信息: Initializing ProtocolHandler ["ajp-bio-8010"]
三月 09, 2018 1:59:55 下午 org.apache.catalina.startup.Catalina load
信息: Initialization processed in 436 ms
三月 09, 2018 1:59:55 下午 org.apache.catalina.core.StandardService startInternal
信息: Starting service Catalina
三月 09, 2018 1:59:55 下午 org.apache.catalina.core.StandardEngine startInternal
信息: Starting Servlet Engine: Apache Tomcat/7.0.42
三月 09, 2018 1:59:55 下午 org.apache.catalina.startup.HostConfig deployDirectory
信息: Deploying web application directory F:\solr\apache-tomcat-7.0.42\webapps\docs
三月 09, 2018 1:59:55 下午 org.apache.catalina.util.SessionIdGenerator createSecureRandom
信息: Creation of SecureRandom instance for session ID generation using [SHA1PRNG] took [180] milliseconds.
三月 09, 2018 1:59:55 下午 org.apache.catalina.startup.HostConfig deployDirectory
信息: Deploying web application directory F:\solr\apache-tomcat-7.0.42\webapps\examples
三月 09, 2018 1:59:55 下午 org.apache.catalina.startup.HostConfig deployDirectory
信息: Deploying web application directory F:\solr\apache-tomcat-7.0.42\webapps\host-manager
三月 09, 2018 1:59:55 下午 org.apache.catalina.startup.HostConfig deployDirectory
信息: Deploying web application directory F:\solr\apache-tomcat-7.0.42\webapps\manager
三月 09, 2018 1:59:56 下午 org.apache.catalina.startup.HostConfig deployDirectory
信息: Deploying web application directory F:\solr\apache-tomcat-7.0.42\webapps\ROOT
三月 09, 2018 1:59:56 下午 org.apache.catalina.startup.HostConfig deployDirectory
信息: Deploying web application directory F:\solr\apache-tomcat-7.0.42\webapps\solr
三月 09, 2018 1:59:58 下午 org.apache.catalina.startup.HostConfig deployDirectory
信息: Deploying web application directory F:\solr\apache-tomcat-7.0.42\webapps\test
三月 09, 2018 1:59:58 下午 org.apache.coyote.AbstractProtocol start
信息: Starting ProtocolHandler ["http-bio-8081"]
三月 09, 2018 1:59:58 下午 org.apache.coyote.AbstractProtocol start
信息: Starting ProtocolHandler ["ajp-bio-8010"]
三月 09, 2018 1:59:58 下午 org.apache.catalina.startup.Catalina start
信息: Server startup in 2972 ms
三月 09, 2018 2:03:23 下午 org.apache.catalina.core.StandardServer await
信息: A valid shutdown command was received via the shutdown port. Stopping the Server instance.
三月 09, 2018 2:03:23 下午 org.apache.coyote.AbstractProtocol pause
信息: Pausing ProtocolHandler ["http-bio-8081"]
三月 09, 2018 2:03:23 下午 org.apache.coyote.AbstractProtocol pause
信息: Pausing ProtocolHandler ["ajp-bio-8010"]
三月 09, 2018 2:03:24 下午 org.apache.catalina.core.StandardService stopInternal
信息: Stopping service Catalina
三月 09, 2018 2:03:24 下午 org.apache.catalina.loader.WebappClassLoader clearReferencesThreads
严重: The web application [/solr] appears to have started a thread named [MySQL Statement Cancellation Timer] but has failed to stop it. This is very likely to create a memory leak.
三月 09, 2018 2:03:24 下午 org.apache.catalina.loader.WebappClassLoader checkThreadLocalMapForLeaks
严重: The web application [/solr] created a ThreadLocal with key of type [org.apache.solr.schema.DateField.ThreadLocalDateFormat] (value [org.apache.solr.schema.DateField$ThreadLocalDateFormat@452b9c90]) and a value of type [org.apache.solr.schema.DateField.ISO8601CanonicalDateFormat] (value [org.apache.solr.schema.DateField$ISO8601CanonicalDateFormat@6b2ed43a]) but failed to remove it when the web application was stopped. Threads are going to be renewed over time to try and avoid a probable memory leak.
三月 09, 2018 2:03:24 下午 org.apache.catalina.loader.WebappClassLoader checkThreadLocalMapForLeaks
严重: The web application [/solr] created a ThreadLocal with key of type [org.apache.solr.schema.DateField.ThreadLocalDateFormat] (value [org.apache.solr.schema.DateField$ThreadLocalDateFormat@452b9c90]) and a value of type [org.apache.solr.schema.DateField.ISO8601CanonicalDateFormat] (value [org.apache.solr.schema.DateField$ISO8601CanonicalDateFormat@6b2ed43a]) but failed to remove it when the web application was stopped. Threads are going to be renewed over time to try and avoid a probable memory leak.
三月 09, 2018 2:03:24 下午 org.apache.catalina.loader.WebappClassLoader checkThreadLocalMapForLeaks
严重: The web application [/solr] created a ThreadLocal with key of type [org.apache.solr.schema.DateField.ThreadLocalDateFormat] (value [org.apache.solr.schema.DateField$ThreadLocalDateFormat@452b9c90]) and a value of type [org.apache.solr.schema.DateField.ISO8601CanonicalDateFormat] (value [org.apache.solr.schema.DateField$ISO8601CanonicalDateFormat@6b2ed43a]) but failed to remove it when the web application was stopped. Threads are going to be renewed over time to try and avoid a probable memory leak.
三月 09, 2018 2:03:24 下午 org.apache.catalina.loader.WebappClassLoader checkThreadLocalMapForLeaks
严重: The web application [/solr] created a ThreadLocal with key of type [org.apache.solr.schema.DateField.ThreadLocalDateFormat] (value [org.apache.solr.schema.DateField$ThreadLocalDateFormat@452b9c90]) and a value of type [org.apache.solr.schema.DateField.ISO8601CanonicalDateFormat] (value [org.apache.solr.schema.DateField$ISO8601CanonicalDateFormat@6b2ed43a]) but failed to remove it when the web application was stopped. Threads are going to be renewed over time to try and avoid a probable memory leak.
三月 09, 2018 2:03:24 下午 org.apache.coyote.AbstractProtocol stop
信息: Stopping ProtocolHandler ["http-bio-8081"]
三月 09, 2018 2:03:24 下午 org.apache.coyote.AbstractProtocol stop
信息: Stopping ProtocolHandler ["ajp-bio-8010"]
三月 09, 2018 2:03:24 下午 org.apache.coyote.AbstractProtocol destroy
信息: Destroying ProtocolHandler ["http-bio-8081"]
三月 09, 2018 2:03:24 下午 org.apache.coyote.AbstractProtocol destroy
信息: Destroying ProtocolHandler ["ajp-bio-8010"]
三月 09, 2018 2:03:27 下午 org.apache.catalina.core.AprLifecycleListener init
信息: The APR based Apache Tomcat Native library which allows optimal performance in production environments was not found on the java.library.path: C:\Program Files\Java\jdk1.7.0_67\bin;C:\Windows\Sun\Java\bin;C:\Windows\system32;C:\Windows;C:\ProgramData\Oracle\Java\javapath;C:\Program Files (x86)\Common Files\NetSarang;C:\Program Files (x86)\Intel\iCLS Client\;C:\Program Files\Intel\iCLS Client\;C:\Windows\system32;C:\Windows;C:\Windows\System32\Wbem;C:\Windows\System32\WindowsPowerShell\v1.0\;C:\Program Files (x86)\Intel\Intel(R) Management Engine Components\DAL;C:\Program Files\Intel\Intel(R) Management Engine Components\DAL;C:\Program Files (x86)\Intel\Intel(R) Management Engine Components\IPT;C:\Program Files\Intel\Intel(R) Management Engine Components\IPT;C:\Program Files\Intel\WiFi\bin\;C:\Program Files\Common Files\Intel\WirelessCommon\;C:\Program Files (x86)\NVIDIA Corporation\PhysX\Common;F:\Mysql\bin;F:\apache-maven-3.3.9\bin;C:\Program Files\Java\jdk1.8.0_121\bin;E:\BaiduNetdiskDownload\oracle\oracle.（53-55天）\oracle课件\安装介质\Oracle客户端\oracleInstanceClient\64bit\instantclient_12_1;C:\Users\17310\AppData\Local\Microsoft\WindowsApps;;.
三月 09, 2018 2:03:27 下午 org.apache.coyote.AbstractProtocol init
信息: Initializing ProtocolHandler ["http-bio-8081"]
三月 09, 2018 2:03:27 下午 org.apache.coyote.AbstractProtocol init
信息: Initializing ProtocolHandler ["ajp-bio-8010"]
三月 09, 2018 2:03:27 下午 org.apache.catalina.startup.Catalina load
信息: Initialization processed in 435 ms
三月 09, 2018 2:03:27 下午 org.apache.catalina.core.StandardService startInternal
信息: Starting service Catalina
三月 09, 2018 2:03:27 下午 org.apache.catalina.core.StandardEngine startInternal
信息: Starting Servlet Engine: Apache Tomcat/7.0.42
三月 09, 2018 2:03:27 下午 org.apache.catalina.startup.HostConfig deployDirectory
信息: Deploying web application directory F:\solr\apache-tomcat-7.0.42\webapps\docs
三月 09, 2018 2:03:28 下午 org.apache.catalina.util.SessionIdGenerator createSecureRandom
信息: Creation of SecureRandom instance for session ID generation using [SHA1PRNG] took [165] milliseconds.
三月 09, 2018 2:03:28 下午 org.apache.catalina.startup.HostConfig deployDirectory
信息: Deploying web application directory F:\solr\apache-tomcat-7.0.42\webapps\examples
三月 09, 2018 2:03:28 下午 org.apache.catalina.startup.HostConfig deployDirectory
信息: Deploying web application directory F:\solr\apache-tomcat-7.0.42\webapps\host-manager
三月 09, 2018 2:03:28 下午 org.apache.catalina.startup.HostConfig deployDirectory
信息: Deploying web application directory F:\solr\apache-tomcat-7.0.42\webapps\manager
三月 09, 2018 2:03:28 下午 org.apache.catalina.startup.HostConfig deployDirectory
信息: Deploying web application directory F:\solr\apache-tomcat-7.0.42\webapps\ROOT
三月 09, 2018 2:03:28 下午 org.apache.catalina.startup.HostConfig deployDirectory
信息: Deploying web application directory F:\solr\apache-tomcat-7.0.42\webapps\solr
三月 09, 2018 2:03:30 下午 org.apache.catalina.startup.HostConfig deployDirectory
信息: Deploying web application directory F:\solr\apache-tomcat-7.0.42\webapps\test
三月 09, 2018 2:03:30 下午 org.apache.coyote.AbstractProtocol start
信息: Starting ProtocolHandler ["http-bio-8081"]
三月 09, 2018 2:03:30 下午 org.apache.coyote.AbstractProtocol start
信息: Starting ProtocolHandler ["ajp-bio-8010"]
三月 09, 2018 2:03:30 下午 org.apache.catalina.startup.Catalina start
信息: Server startup in 2849 ms
三月 09, 2018 2:05:06 下午 org.apache.catalina.core.StandardServer await
信息: A valid shutdown command was received via the shutdown port. Stopping the Server instance.
三月 09, 2018 2:05:09 下午 org.apache.catalina.core.AprLifecycleListener init
信息: The APR based Apache Tomcat Native library which allows optimal performance in production environments was not found on the java.library.path: C:\Program Files\Java\jdk1.7.0_67\bin;C:\Windows\Sun\Java\bin;C:\Windows\system32;C:\Windows;C:\ProgramData\Oracle\Java\javapath;C:\Program Files (x86)\Common Files\NetSarang;C:\Program Files (x86)\Intel\iCLS Client\;C:\Program Files\Intel\iCLS Client\;C:\Windows\system32;C:\Windows;C:\Windows\System32\Wbem;C:\Windows\System32\WindowsPowerShell\v1.0\;C:\Program Files (x86)\Intel\Intel(R) Management Engine Components\DAL;C:\Program Files\Intel\Intel(R) Management Engine Components\DAL;C:\Program Files (x86)\Intel\Intel(R) Management Engine Components\IPT;C:\Program Files\Intel\Intel(R) Management Engine Components\IPT;C:\Program Files\Intel\WiFi\bin\;C:\Program Files\Common Files\Intel\WirelessCommon\;C:\Program Files (x86)\NVIDIA Corporation\PhysX\Common;F:\Mysql\bin;F:\apache-maven-3.3.9\bin;C:\Program Files\Java\jdk1.8.0_121\bin;E:\BaiduNetdiskDownload\oracle\oracle.（53-55天）\oracle课件\安装介质\Oracle客户端\oracleInstanceClient\64bit\instantclient_12_1;C:\Users\17310\AppData\Local\Microsoft\WindowsApps;;.
三月 09, 2018 2:05:09 下午 org.apache.coyote.AbstractProtocol init
信息: Initializing ProtocolHandler ["http-bio-8081"]
三月 09, 2018 2:05:09 下午 org.apache.coyote.AbstractProtocol init
严重: Failed to initialize end point associated with ProtocolHandler ["http-bio-8081"]
java.net.BindException: Address already in use: JVM_Bind <null>:8081
	at org.apache.tomcat.util.net.JIoEndpoint.bind(JIoEndpoint.java:406)
	at org.apache.tomcat.util.net.AbstractEndpoint.init(AbstractEndpoint.java:610)
	at org.apache.coyote.AbstractProtocol.init(AbstractProtocol.java:429)
	at org.apache.coyote.http11.AbstractHttp11JsseProtocol.init(AbstractHttp11JsseProtocol.java:119)
	at org.apache.catalina.connector.Connector.initInternal(Connector.java:981)
	at org.apache.catalina.util.LifecycleBase.init(LifecycleBase.java:102)
	at org.apache.catalina.core.StandardService.initInternal(StandardService.java:559)
	at org.apache.catalina.util.LifecycleBase.init(LifecycleBase.java:102)
	at org.apache.catalina.core.StandardServer.initInternal(StandardServer.java:814)
	at org.apache.catalina.util.LifecycleBase.init(LifecycleBase.java:102)
	at org.apache.catalina.startup.Catalina.load(Catalina.java:640)
	at org.apache.catalina.startup.Catalina.load(Catalina.java:665)
	at sun.reflect.NativeMethodAccessorImpl.invoke0(Native Method)
	at sun.reflect.NativeMethodAccessorImpl.invoke(NativeMethodAccessorImpl.java:57)
	at sun.reflect.DelegatingMethodAccessorImpl.invoke(DelegatingMethodAccessorImpl.java:43)
	at java.lang.reflect.Method.invoke(Method.java:606)
	at org.apache.catalina.startup.Bootstrap.load(Bootstrap.java:281)
	at org.apache.catalina.startup.Bootstrap.main(Bootstrap.java:455)
Caused by: java.net.BindException: Address already in use: JVM_Bind
	at java.net.DualStackPlainSocketImpl.bind0(Native Method)
	at java.net.DualStackPlainSocketImpl.socketBind(DualStackPlainSocketImpl.java:106)
	at java.net.AbstractPlainSocketImpl.bind(AbstractPlainSocketImpl.java:376)
	at java.net.PlainSocketImpl.bind(PlainSocketImpl.java:190)
	at java.net.ServerSocket.bind(ServerSocket.java:376)
	at java.net.ServerSocket.<init>(ServerSocket.java:237)
	at java.net.ServerSocket.<init>(ServerSocket.java:181)
	at org.apache.tomcat.util.net.DefaultServerSocketFactory.createSocket(DefaultServerSocketFactory.java:49)
	at org.apache.tomcat.util.net.JIoEndpoint.bind(JIoEndpoint.java:393)
	... 17 more

三月 09, 2018 2:05:09 下午 org.apache.catalina.core.StandardService initInternal
严重: Failed to initialize connector [Connector[HTTP/1.1-8081]]
org.apache.catalina.LifecycleException: Failed to initialize component [Connector[HTTP/1.1-8081]]
	at org.apache.catalina.util.LifecycleBase.init(LifecycleBase.java:106)
	at org.apache.catalina.core.StandardService.initInternal(StandardService.java:559)
	at org.apache.catalina.util.LifecycleBase.init(LifecycleBase.java:102)
	at org.apache.catalina.core.StandardServer.initInternal(StandardServer.java:814)
	at org.apache.catalina.util.LifecycleBase.init(LifecycleBase.java:102)
	at org.apache.catalina.startup.Catalina.load(Catalina.java:640)
	at org.apache.catalina.startup.Catalina.load(Catalina.java:665)
	at sun.reflect.NativeMethodAccessorImpl.invoke0(Native Method)
	at sun.reflect.NativeMethodAccessorImpl.invoke(NativeMethodAccessorImpl.java:57)
	at sun.reflect.DelegatingMethodAccessorImpl.invoke(DelegatingMethodAccessorImpl.java:43)
	at java.lang.reflect.Method.invoke(Method.java:606)
	at org.apache.catalina.startup.Bootstrap.load(Bootstrap.java:281)
	at org.apache.catalina.startup.Bootstrap.main(Bootstrap.java:455)
Caused by: org.apache.catalina.LifecycleException: Protocol handler initialization failed
	at org.apache.catalina.connector.Connector.initInternal(Connector.java:983)
	at org.apache.catalina.util.LifecycleBase.init(LifecycleBase.java:102)
	... 12 more
Caused by: java.net.BindException: Address already in use: JVM_Bind <null>:8081
	at org.apache.tomcat.util.net.JIoEndpoint.bind(JIoEndpoint.java:406)
	at org.apache.tomcat.util.net.AbstractEndpoint.init(AbstractEndpoint.java:610)
	at org.apache.coyote.AbstractProtocol.init(AbstractProtocol.java:429)
	at org.apache.coyote.http11.AbstractHttp11JsseProtocol.init(AbstractHttp11JsseProtocol.java:119)
	at org.apache.catalina.connector.Connector.initInternal(Connector.java:981)
	... 13 more
Caused by: java.net.BindException: Address already in use: JVM_Bind
	at java.net.DualStackPlainSocketImpl.bind0(Native Method)
	at java.net.DualStackPlainSocketImpl.socketBind(DualStackPlainSocketImpl.java:106)
	at java.net.AbstractPlainSocketImpl.bind(AbstractPlainSocketImpl.java:376)
	at java.net.PlainSocketImpl.bind(PlainSocketImpl.java:190)
	at java.net.ServerSocket.bind(ServerSocket.java:376)
	at java.net.ServerSocket.<init>(ServerSocket.java:237)
	at java.net.ServerSocket.<init>(ServerSocket.java:181)
	at org.apache.tomcat.util.net.DefaultServerSocketFactory.createSocket(DefaultServerSocketFactory.java:49)
	at org.apache.tomcat.util.net.JIoEndpoint.bind(JIoEndpoint.java:393)
	... 17 more

三月 09, 2018 2:05:09 下午 org.apache.coyote.AbstractProtocol init
信息: Initializing ProtocolHandler ["ajp-bio-8010"]
三月 09, 2018 2:05:09 下午 org.apache.coyote.AbstractProtocol init
严重: Failed to initialize end point associated with ProtocolHandler ["ajp-bio-8010"]
java.net.BindException: Address already in use: JVM_Bind <null>:8010
	at org.apache.tomcat.util.net.JIoEndpoint.bind(JIoEndpoint.java:406)
	at org.apache.tomcat.util.net.AbstractEndpoint.init(AbstractEndpoint.java:610)
	at org.apache.coyote.AbstractProtocol.init(AbstractProtocol.java:429)
	at org.apache.catalina.connector.Connector.initInternal(Connector.java:981)
	at org.apache.catalina.util.LifecycleBase.init(LifecycleBase.java:102)
	at org.apache.catalina.core.StandardService.initInternal(StandardService.java:559)
	at org.apache.catalina.util.LifecycleBase.init(LifecycleBase.java:102)
	at org.apache.catalina.core.StandardServer.initInternal(StandardServer.java:814)
	at org.apache.catalina.util.LifecycleBase.init(LifecycleBase.java:102)
	at org.apache.catalina.startup.Catalina.load(Catalina.java:640)
	at org.apache.catalina.startup.Catalina.load(Catalina.java:665)
	at sun.reflect.NativeMethodAccessorImpl.invoke0(Native Method)
	at sun.reflect.NativeMethodAccessorImpl.invoke(NativeMethodAccessorImpl.java:57)
	at sun.reflect.DelegatingMethodAccessorImpl.invoke(DelegatingMethodAccessorImpl.java:43)
	at java.lang.reflect.Method.invoke(Method.java:606)
	at org.apache.catalina.startup.Bootstrap.load(Bootstrap.java:281)
	at org.apache.catalina.startup.Bootstrap.main(Bootstrap.java:455)
Caused by: java.net.BindException: Address already in use: JVM_Bind
	at java.net.DualStackPlainSocketImpl.bind0(Native Method)
	at java.net.DualStackPlainSocketImpl.socketBind(DualStackPlainSocketImpl.java:106)
	at java.net.AbstractPlainSocketImpl.bind(AbstractPlainSocketImpl.java:376)
	at java.net.PlainSocketImpl.bind(PlainSocketImpl.java:190)
	at java.net.ServerSocket.bind(ServerSocket.java:376)
	at java.net.ServerSocket.<init>(ServerSocket.java:237)
	at java.net.ServerSocket.<init>(ServerSocket.java:181)
	at org.apache.tomcat.util.net.DefaultServerSocketFactory.createSocket(DefaultServerSocketFactory.java:49)
	at org.apache.tomcat.util.net.JIoEndpoint.bind(JIoEndpoint.java:393)
	... 16 more

三月 09, 2018 2:05:09 下午 org.apache.catalina.core.StandardService initInternal
严重: Failed to initialize connector [Connector[AJP/1.3-8010]]
org.apache.catalina.LifecycleException: Failed to initialize component [Connector[AJP/1.3-8010]]
	at org.apache.catalina.util.LifecycleBase.init(LifecycleBase.java:106)
	at org.apache.catalina.core.StandardService.initInternal(StandardService.java:559)
	at org.apache.catalina.util.LifecycleBase.init(LifecycleBase.java:102)
	at org.apache.catalina.core.StandardServer.initInternal(StandardServer.java:814)
	at org.apache.catalina.util.LifecycleBase.init(LifecycleBase.java:102)
	at org.apache.catalina.startup.Catalina.load(Catalina.java:640)
	at org.apache.catalina.startup.Catalina.load(Catalina.java:665)
	at sun.reflect.NativeMethodAccessorImpl.invoke0(Native Method)
	at sun.reflect.NativeMethodAccessorImpl.invoke(NativeMethodAccessorImpl.java:57)
	at sun.reflect.DelegatingMethodAccessorImpl.invoke(DelegatingMethodAccessorImpl.java:43)
	at java.lang.reflect.Method.invoke(Method.java:606)
	at org.apache.catalina.startup.Bootstrap.load(Bootstrap.java:281)
	at org.apache.catalina.startup.Bootstrap.main(Bootstrap.java:455)
Caused by: org.apache.catalina.LifecycleException: Protocol handler initialization failed
	at org.apache.catalina.connector.Connector.initInternal(Connector.java:983)
	at org.apache.catalina.util.LifecycleBase.init(LifecycleBase.java:102)
	... 12 more
Caused by: java.net.BindException: Address already in use: JVM_Bind <null>:8010
	at org.apache.tomcat.util.net.JIoEndpoint.bind(JIoEndpoint.java:406)
	at org.apache.tomcat.util.net.AbstractEndpoint.init(AbstractEndpoint.java:610)
	at org.apache.coyote.AbstractProtocol.init(AbstractProtocol.java:429)
	at org.apache.catalina.connector.Connector.initInternal(Connector.java:981)
	... 13 more
Caused by: java.net.BindException: Address already in use: JVM_Bind
	at java.net.DualStackPlainSocketImpl.bind0(Native Method)
	at java.net.DualStackPlainSocketImpl.socketBind(DualStackPlainSocketImpl.java:106)
	at java.net.AbstractPlainSocketImpl.bind(AbstractPlainSocketImpl.java:376)
	at java.net.PlainSocketImpl.bind(PlainSocketImpl.java:190)
	at java.net.ServerSocket.bind(ServerSocket.java:376)
	at java.net.ServerSocket.<init>(ServerSocket.java:237)
	at java.net.ServerSocket.<init>(ServerSocket.java:181)
	at org.apache.tomcat.util.net.DefaultServerSocketFactory.createSocket(DefaultServerSocketFactory.java:49)
	at org.apache.tomcat.util.net.JIoEndpoint.bind(JIoEndpoint.java:393)
	... 16 more

三月 09, 2018 2:05:09 下午 org.apache.catalina.startup.Catalina load
信息: Initialization processed in 434 ms
三月 09, 2018 2:05:09 下午 org.apache.catalina.core.StandardService startInternal
信息: Starting service Catalina
三月 09, 2018 2:05:09 下午 org.apache.catalina.core.StandardEngine startInternal
信息: Starting Servlet Engine: Apache Tomcat/7.0.42
三月 09, 2018 2:05:09 下午 org.apache.catalina.startup.HostConfig deployDirectory
信息: Deploying web application directory F:\solr\apache-tomcat-7.0.42\webapps\docs
三月 09, 2018 2:05:10 下午 org.apache.catalina.util.SessionIdGenerator createSecureRandom
信息: Creation of SecureRandom instance for session ID generation using [SHA1PRNG] took [168] milliseconds.
三月 09, 2018 2:05:10 下午 org.apache.catalina.startup.HostConfig deployDirectory
信息: Deploying web application directory F:\solr\apache-tomcat-7.0.42\webapps\examples
三月 09, 2018 2:05:10 下午 org.apache.catalina.startup.HostConfig deployDirectory
信息: Deploying web application directory F:\solr\apache-tomcat-7.0.42\webapps\host-manager
三月 09, 2018 2:05:10 下午 org.apache.catalina.startup.HostConfig deployDirectory
信息: Deploying web application directory F:\solr\apache-tomcat-7.0.42\webapps\manager
三月 09, 2018 2:05:10 下午 org.apache.catalina.startup.HostConfig deployDirectory
信息: Deploying web application directory F:\solr\apache-tomcat-7.0.42\webapps\ROOT
三月 09, 2018 2:05:10 下午 org.apache.catalina.startup.HostConfig deployDirectory
信息: Deploying web application directory F:\solr\apache-tomcat-7.0.42\webapps\solr
三月 09, 2018 2:05:12 下午 org.apache.catalina.startup.HostConfig deployDirectory
信息: Deploying web application directory F:\solr\apache-tomcat-7.0.42\webapps\test
三月 09, 2018 2:05:12 下午 org.apache.catalina.startup.Catalina start
信息: Server startup in 2494 ms
三月 09, 2018 2:05:12 下午 org.apache.catalina.core.StandardServer await
严重: StandardServer.await: create[localhost:8006]: 
java.net.BindException: Address already in use: JVM_Bind
	at java.net.DualStackPlainSocketImpl.bind0(Native Method)
	at java.net.DualStackPlainSocketImpl.socketBind(DualStackPlainSocketImpl.java:106)
	at java.net.AbstractPlainSocketImpl.bind(AbstractPlainSocketImpl.java:376)
	at java.net.PlainSocketImpl.bind(PlainSocketImpl.java:190)
	at java.net.ServerSocket.bind(ServerSocket.java:376)
	at java.net.ServerSocket.<init>(ServerSocket.java:237)
	at org.apache.catalina.core.StandardServer.await(StandardServer.java:427)
	at org.apache.catalina.startup.Catalina.await(Catalina.java:779)
	at org.apache.catalina.startup.Catalina.start(Catalina.java:725)
	at sun.reflect.NativeMethodAccessorImpl.invoke0(Native Method)
	at sun.reflect.NativeMethodAccessorImpl.invoke(NativeMethodAccessorImpl.java:57)
	at sun.reflect.DelegatingMethodAccessorImpl.invoke(DelegatingMethodAccessorImpl.java:43)
	at java.lang.reflect.Method.invoke(Method.java:606)
	at org.apache.catalina.startup.Bootstrap.start(Bootstrap.java:322)
	at org.apache.catalina.startup.Bootstrap.main(Bootstrap.java:456)

三月 09, 2018 2:05:12 下午 org.apache.coyote.AbstractProtocol pause
信息: Pausing ProtocolHandler ["http-bio-8081"]
三月 09, 2018 2:05:12 下午 org.apache.coyote.AbstractProtocol pause
信息: Pausing ProtocolHandler ["ajp-bio-8010"]
三月 09, 2018 2:05:12 下午 org.apache.catalina.core.StandardService stopInternal
信息: Stopping service Catalina
三月 09, 2018 2:05:12 下午 org.apache.coyote.AbstractProtocol stop
信息: Stopping ProtocolHandler ["http-bio-8081"]
三月 09, 2018 2:05:12 下午 org.apache.coyote.AbstractProtocol destroy
信息: Destroying ProtocolHandler ["http-bio-8081"]
三月 09, 2018 2:05:12 下午 org.apache.coyote.AbstractProtocol stop
信息: Stopping ProtocolHandler ["ajp-bio-8010"]
三月 09, 2018 2:05:12 下午 org.apache.coyote.AbstractProtocol destroy
信息: Destroying ProtocolHandler ["ajp-bio-8010"]
三月 09, 2018 2:05:52 下午 org.apache.catalina.core.AprLifecycleListener init
信息: The APR based Apache Tomcat Native library which allows optimal performance in production environments was not found on the java.library.path: C:\Program Files\Java\jdk1.7.0_67\bin;C:\Windows\Sun\Java\bin;C:\Windows\system32;C:\Windows;C:\ProgramData\Oracle\Java\javapath;C:\Program Files (x86)\Common Files\NetSarang;C:\Program Files (x86)\Intel\iCLS Client\;C:\Program Files\Intel\iCLS Client\;C:\Windows\system32;C:\Windows;C:\Windows\System32\Wbem;C:\Windows\System32\WindowsPowerShell\v1.0\;C:\Program Files (x86)\Intel\Intel(R) Management Engine Components\DAL;C:\Program Files\Intel\Intel(R) Management Engine Components\DAL;C:\Program Files (x86)\Intel\Intel(R) Management Engine Components\IPT;C:\Program Files\Intel\Intel(R) Management Engine Components\IPT;C:\Program Files\Intel\WiFi\bin\;C:\Program Files\Common Files\Intel\WirelessCommon\;C:\Program Files (x86)\NVIDIA Corporation\PhysX\Common;F:\Mysql\bin;F:\apache-maven-3.3.9\bin;C:\Program Files\Java\jdk1.8.0_121\bin;E:\BaiduNetdiskDownload\oracle\oracle.（53-55天）\oracle课件\安装介质\Oracle客户端\oracleInstanceClient\64bit\instantclient_12_1;C:\Users\17310\AppData\Local\Microsoft\WindowsApps;;.
三月 09, 2018 2:05:53 下午 org.apache.coyote.AbstractProtocol init
信息: Initializing ProtocolHandler ["http-bio-8081"]
三月 09, 2018 2:05:53 下午 org.apache.coyote.AbstractProtocol init
信息: Initializing ProtocolHandler ["ajp-bio-8010"]
三月 09, 2018 2:05:53 下午 org.apache.catalina.startup.Catalina load
信息: Initialization processed in 425 ms
三月 09, 2018 2:05:53 下午 org.apache.catalina.core.StandardService startInternal
信息: Starting service Catalina
三月 09, 2018 2:05:53 下午 org.apache.catalina.core.StandardEngine startInternal
信息: Starting Servlet Engine: Apache Tomcat/7.0.42
三月 09, 2018 2:05:53 下午 org.apache.catalina.startup.HostConfig deployDirectory
信息: Deploying web application directory F:\solr\apache-tomcat-7.0.42\webapps\docs
三月 09, 2018 2:05:53 下午 org.apache.catalina.util.SessionIdGenerator createSecureRandom
信息: Creation of SecureRandom instance for session ID generation using [SHA1PRNG] took [164] milliseconds.
三月 09, 2018 2:05:53 下午 org.apache.catalina.startup.HostConfig deployDirectory
信息: Deploying web application directory F:\solr\apache-tomcat-7.0.42\webapps\examples
三月 09, 2018 2:05:53 下午 org.apache.catalina.startup.HostConfig deployDirectory
信息: Deploying web application directory F:\solr\apache-tomcat-7.0.42\webapps\host-manager
三月 09, 2018 2:05:53 下午 org.apache.catalina.startup.HostConfig deployDirectory
信息: Deploying web application directory F:\solr\apache-tomcat-7.0.42\webapps\manager
三月 09, 2018 2:05:53 下午 org.apache.catalina.startup.HostConfig deployDirectory
信息: Deploying web application directory F:\solr\apache-tomcat-7.0.42\webapps\ROOT
三月 09, 2018 2:05:53 下午 org.apache.catalina.startup.HostConfig deployDirectory
信息: Deploying web application directory F:\solr\apache-tomcat-7.0.42\webapps\solr
三月 09, 2018 2:05:55 下午 org.apache.catalina.startup.HostConfig deployDirectory
信息: Deploying web application directory F:\solr\apache-tomcat-7.0.42\webapps\test
三月 09, 2018 2:05:55 下午 org.apache.coyote.AbstractProtocol start
信息: Starting ProtocolHandler ["http-bio-8081"]
三月 09, 2018 2:05:55 下午 org.apache.coyote.AbstractProtocol start
信息: Starting ProtocolHandler ["ajp-bio-8010"]
三月 09, 2018 2:05:55 下午 org.apache.catalina.startup.Catalina start
信息: Server startup in 2903 ms
三月 09, 2018 5:07:20 下午 org.apache.catalina.core.AprLifecycleListener init
信息: The APR based Apache Tomcat Native library which allows optimal performance in production environments was not found on the java.library.path: C:\Program Files\Java\jdk1.7.0_67\bin;C:\Windows\Sun\Java\bin;C:\Windows\system32;C:\Windows;C:\ProgramData\Oracle\Java\javapath;C:\Program Files (x86)\Common Files\NetSarang;C:\Program Files (x86)\Intel\iCLS Client\;C:\Program Files\Intel\iCLS Client\;C:\Windows\system32;C:\Windows;C:\Windows\System32\Wbem;C:\Windows\System32\WindowsPowerShell\v1.0\;C:\Program Files (x86)\Intel\Intel(R) Management Engine Components\DAL;C:\Program Files\Intel\Intel(R) Management Engine Components\DAL;C:\Program Files (x86)\Intel\Intel(R) Management Engine Components\IPT;C:\Program Files\Intel\Intel(R) Management Engine Components\IPT;C:\Program Files\Intel\WiFi\bin\;C:\Program Files\Common Files\Intel\WirelessCommon\;C:\Program Files (x86)\NVIDIA Corporation\PhysX\Common;F:\Mysql\bin;F:\apache-maven-3.3.9\bin;C:\Program Files\Java\jdk1.8.0_121\bin;E:\BaiduNetdiskDownload\oracle\oracle.（53-55天）\oracle课件\安装介质\Oracle客户端\oracleInstanceClient\64bit\instantclient_12_1;C:\Users\17310\AppData\Local\Microsoft\WindowsApps;;.
三月 09, 2018 5:07:20 下午 org.apache.coyote.AbstractProtocol init
信息: Initializing ProtocolHandler ["http-bio-8081"]
三月 09, 2018 5:07:20 下午 org.apache.coyote.AbstractProtocol init
信息: Initializing ProtocolHandler ["ajp-bio-8010"]
三月 09, 2018 5:07:20 下午 org.apache.catalina.startup.Catalina load
信息: Initialization processed in 426 ms
三月 09, 2018 5:07:20 下午 org.apache.catalina.core.StandardService startInternal
信息: Starting service Catalina
三月 09, 2018 5:07:20 下午 org.apache.catalina.core.StandardEngine startInternal
信息: Starting Servlet Engine: Apache Tomcat/7.0.42
三月 09, 2018 5:07:20 下午 org.apache.catalina.startup.HostConfig deployDirectory
信息: Deploying web application directory F:\solr\apache-tomcat-7.0.42\webapps\docs
三月 09, 2018 5:07:20 下午 org.apache.catalina.util.SessionIdGenerator createSecureRandom
信息: Creation of SecureRandom instance for session ID generation using [SHA1PRNG] took [217] milliseconds.
三月 09, 2018 5:07:20 下午 org.apache.catalina.startup.HostConfig deployDirectory
信息: Deploying web application directory F:\solr\apache-tomcat-7.0.42\webapps\examples
三月 09, 2018 5:07:21 下午 org.apache.catalina.startup.HostConfig deployDirectory
信息: Deploying web application directory F:\solr\apache-tomcat-7.0.42\webapps\host-manager
三月 09, 2018 5:07:21 下午 org.apache.catalina.startup.HostConfig deployDirectory
信息: Deploying web application directory F:\solr\apache-tomcat-7.0.42\webapps\manager
三月 09, 2018 5:07:21 下午 org.apache.catalina.startup.HostConfig deployDirectory
信息: Deploying web application directory F:\solr\apache-tomcat-7.0.42\webapps\ROOT
三月 09, 2018 5:07:21 下午 org.apache.catalina.startup.HostConfig deployDirectory
信息: Deploying web application directory F:\solr\apache-tomcat-7.0.42\webapps\solr
三月 09, 2018 5:07:50 下午 org.apache.catalina.startup.HostConfig deployDirectory
信息: Deploying web application directory F:\solr\apache-tomcat-7.0.42\webapps\test
三月 09, 2018 5:07:50 下午 org.apache.coyote.AbstractProtocol start
信息: Starting ProtocolHandler ["http-bio-8081"]
三月 09, 2018 5:07:50 下午 org.apache.coyote.AbstractProtocol start
信息: Starting ProtocolHandler ["ajp-bio-8010"]
三月 09, 2018 5:07:50 下午 org.apache.catalina.startup.Catalina start
信息: Server startup in 30331 ms
