三月 08, 2018 6:31:50 上午 org.apache.catalina.core.AprLifecycleListener init
信息: The APR based Apache Tomcat Native library which allows optimal performance in production environments was not found on the java.library.path: C:\Program Files\Java\jdk1.7.0_67\bin;C:\Windows\Sun\Java\bin;C:\Windows\system32;C:\Windows;C:\ProgramData\Oracle\Java\javapath;C:\Program Files (x86)\Common Files\NetSarang;C:\Program Files (x86)\Intel\iCLS Client\;C:\Program Files\Intel\iCLS Client\;C:\Windows\system32;C:\Windows;C:\Windows\System32\Wbem;C:\Windows\System32\WindowsPowerShell\v1.0\;C:\Program Files (x86)\Intel\Intel(R) Management Engine Components\DAL;C:\Program Files\Intel\Intel(R) Management Engine Components\DAL;C:\Program Files (x86)\Intel\Intel(R) Management Engine Components\IPT;C:\Program Files\Intel\Intel(R) Management Engine Components\IPT;C:\Program Files\Intel\WiFi\bin\;C:\Program Files\Common Files\Intel\WirelessCommon\;C:\Program Files (x86)\NVIDIA Corporation\PhysX\Common;F:\Mysql\bin;F:\apache-maven-3.3.9\bin;C:\Program Files\Java\jdk1.8.0_121\bin;E:\BaiduNetdiskDownload\oracle\oracle.（53-55天）\oracle课件\安装介质\Oracle客户端\oracleInstanceClient\64bit\instantclient_12_1;C:\Users\17310\AppData\Local\Microsoft\WindowsApps;;.
三月 08, 2018 6:31:51 上午 org.apache.coyote.AbstractProtocol init
信息: Initializing ProtocolHandler ["http-bio-8081"]
三月 08, 2018 6:31:51 上午 org.apache.coyote.AbstractProtocol init
信息: Initializing ProtocolHandler ["ajp-bio-8010"]
三月 08, 2018 6:31:51 上午 org.apache.catalina.startup.Catalina load
信息: Initialization processed in 533 ms
三月 08, 2018 6:31:51 上午 org.apache.catalina.core.StandardService startInternal
信息: Starting service Catalina
三月 08, 2018 6:31:51 上午 org.apache.catalina.core.StandardEngine startInternal
信息: Starting Servlet Engine: Apache Tomcat/7.0.42
三月 08, 2018 6:31:51 上午 org.apache.catalina.startup.HostConfig deployDirectory
信息: Deploying web application directory F:\solr\apache-tomcat-7.0.42\webapps\docs
三月 08, 2018 6:31:51 上午 org.apache.catalina.util.SessionIdGenerator createSecureRandom
信息: Creation of SecureRandom instance for session ID generation using [SHA1PRNG] took [247] milliseconds.
三月 08, 2018 6:31:51 上午 org.apache.catalina.startup.HostConfig deployDirectory
信息: Deploying web application directory F:\solr\apache-tomcat-7.0.42\webapps\examples
三月 08, 2018 6:31:51 上午 org.apache.catalina.startup.HostConfig deployDirectory
信息: Deploying web application directory F:\solr\apache-tomcat-7.0.42\webapps\host-manager
三月 08, 2018 6:31:52 上午 org.apache.catalina.startup.HostConfig deployDirectory
信息: Deploying web application directory F:\solr\apache-tomcat-7.0.42\webapps\manager
三月 08, 2018 6:31:52 上午 org.apache.catalina.startup.HostConfig deployDirectory
信息: Deploying web application directory F:\solr\apache-tomcat-7.0.42\webapps\ROOT
三月 08, 2018 6:31:52 上午 org.apache.catalina.startup.HostConfig deployDirectory
信息: Deploying web application directory F:\solr\apache-tomcat-7.0.42\webapps\solr
三月 08, 2018 6:32:15 上午 org.apache.catalina.startup.HostConfig deployDirectory
信息: Deploying web application directory F:\solr\apache-tomcat-7.0.42\webapps\test
三月 08, 2018 6:32:15 上午 org.apache.coyote.AbstractProtocol start
信息: Starting ProtocolHandler ["http-bio-8081"]
三月 08, 2018 6:32:15 上午 org.apache.coyote.AbstractProtocol start
信息: Starting ProtocolHandler ["ajp-bio-8010"]
三月 08, 2018 6:32:15 上午 org.apache.catalina.startup.Catalina start
信息: Server startup in 24677 ms
三月 08, 2018 4:21:26 下午 org.apache.catalina.core.AprLifecycleListener init
信息: The APR based Apache Tomcat Native library which allows optimal performance in production environments was not found on the java.library.path: C:\Program Files\Java\jdk1.7.0_67\bin;C:\Windows\Sun\Java\bin;C:\Windows\system32;C:\Windows;C:\ProgramData\Oracle\Java\javapath;C:\Program Files (x86)\Common Files\NetSarang;C:\Program Files (x86)\Intel\iCLS Client\;C:\Program Files\Intel\iCLS Client\;C:\Windows\system32;C:\Windows;C:\Windows\System32\Wbem;C:\Windows\System32\WindowsPowerShell\v1.0\;C:\Program Files (x86)\Intel\Intel(R) Management Engine Components\DAL;C:\Program Files\Intel\Intel(R) Management Engine Components\DAL;C:\Program Files (x86)\Intel\Intel(R) Management Engine Components\IPT;C:\Program Files\Intel\Intel(R) Management Engine Components\IPT;C:\Program Files\Intel\WiFi\bin\;C:\Program Files\Common Files\Intel\WirelessCommon\;C:\Program Files (x86)\NVIDIA Corporation\PhysX\Common;F:\Mysql\bin;F:\apache-maven-3.3.9\bin;C:\Program Files\Java\jdk1.8.0_121\bin;E:\BaiduNetdiskDownload\oracle\oracle.（53-55天）\oracle课件\安装介质\Oracle客户端\oracleInstanceClient\64bit\instantclient_12_1;C:\Users\17310\AppData\Local\Microsoft\WindowsApps;;.
三月 08, 2018 4:21:26 下午 org.apache.coyote.AbstractProtocol init
信息: Initializing ProtocolHandler ["http-bio-8081"]
三月 08, 2018 4:21:26 下午 org.apache.coyote.AbstractProtocol init
信息: Initializing ProtocolHandler ["ajp-bio-8010"]
三月 08, 2018 4:21:26 下午 org.apache.catalina.startup.Catalina load
信息: Initialization processed in 695 ms
三月 08, 2018 4:21:26 下午 org.apache.catalina.core.StandardService startInternal
信息: Starting service Catalina
三月 08, 2018 4:21:26 下午 org.apache.catalina.core.StandardEngine startInternal
信息: Starting Servlet Engine: Apache Tomcat/7.0.42
三月 08, 2018 4:21:26 下午 org.apache.catalina.startup.HostConfig deployDirectory
信息: Deploying web application directory F:\solr\apache-tomcat-7.0.42\webapps\docs
三月 08, 2018 4:21:27 下午 org.apache.catalina.util.SessionIdGenerator createSecureRandom
信息: Creation of SecureRandom instance for session ID generation using [SHA1PRNG] took [171] milliseconds.
三月 08, 2018 4:21:27 下午 org.apache.catalina.startup.HostConfig deployDirectory
信息: Deploying web application directory F:\solr\apache-tomcat-7.0.42\webapps\examples
三月 08, 2018 4:21:27 下午 org.apache.catalina.startup.HostConfig deployDirectory
信息: Deploying web application directory F:\solr\apache-tomcat-7.0.42\webapps\host-manager
三月 08, 2018 4:21:27 下午 org.apache.catalina.startup.HostConfig deployDirectory
信息: Deploying web application directory F:\solr\apache-tomcat-7.0.42\webapps\manager
三月 08, 2018 4:21:27 下午 org.apache.catalina.startup.HostConfig deployDirectory
信息: Deploying web application directory F:\solr\apache-tomcat-7.0.42\webapps\ROOT
三月 08, 2018 4:21:27 下午 org.apache.catalina.startup.HostConfig deployDirectory
信息: Deploying web application directory F:\solr\apache-tomcat-7.0.42\webapps\solr
三月 08, 2018 4:21:32 下午 org.apache.catalina.startup.HostConfig deployDirectory
信息: Deploying web application directory F:\solr\apache-tomcat-7.0.42\webapps\test
三月 08, 2018 4:21:32 下午 org.apache.coyote.AbstractProtocol start
信息: Starting ProtocolHandler ["http-bio-8081"]
三月 08, 2018 4:21:32 下午 org.apache.coyote.AbstractProtocol start
信息: Starting ProtocolHandler ["ajp-bio-8010"]
三月 08, 2018 4:21:32 下午 org.apache.catalina.startup.Catalina start
信息: Server startup in 5228 ms
三月 08, 2018 6:10:11 下午 org.apache.catalina.core.AprLifecycleListener init
信息: The APR based Apache Tomcat Native library which allows optimal performance in production environments was not found on the java.library.path: C:\Program Files\Java\jdk1.7.0_67\bin;C:\Windows\Sun\Java\bin;C:\Windows\system32;C:\Windows;C:\ProgramData\Oracle\Java\javapath;C:\Program Files (x86)\Common Files\NetSarang;C:\Program Files (x86)\Intel\iCLS Client\;C:\Program Files\Intel\iCLS Client\;C:\Windows\system32;C:\Windows;C:\Windows\System32\Wbem;C:\Windows\System32\WindowsPowerShell\v1.0\;C:\Program Files (x86)\Intel\Intel(R) Management Engine Components\DAL;C:\Program Files\Intel\Intel(R) Management Engine Components\DAL;C:\Program Files (x86)\Intel\Intel(R) Management Engine Components\IPT;C:\Program Files\Intel\Intel(R) Management Engine Components\IPT;C:\Program Files\Intel\WiFi\bin\;C:\Program Files\Common Files\Intel\WirelessCommon\;C:\Program Files (x86)\NVIDIA Corporation\PhysX\Common;F:\Mysql\bin;F:\apache-maven-3.3.9\bin;C:\Program Files\Java\jdk1.8.0_121\bin;E:\BaiduNetdiskDownload\oracle\oracle.（53-55天）\oracle课件\安装介质\Oracle客户端\oracleInstanceClient\64bit\instantclient_12_1;C:\Users\17310\AppData\Local\Microsoft\WindowsApps;;.
三月 08, 2018 6:10:11 下午 org.apache.coyote.AbstractProtocol init
信息: Initializing ProtocolHandler ["http-bio-8081"]
三月 08, 2018 6:10:11 下午 org.apache.coyote.AbstractProtocol init
信息: Initializing ProtocolHandler ["ajp-bio-8010"]
三月 08, 2018 6:10:11 下午 org.apache.catalina.startup.Catalina load
信息: Initialization processed in 580 ms
三月 08, 2018 6:10:11 下午 org.apache.catalina.core.StandardService startInternal
信息: Starting service Catalina
三月 08, 2018 6:10:11 下午 org.apache.catalina.core.StandardEngine startInternal
信息: Starting Servlet Engine: Apache Tomcat/7.0.42
三月 08, 2018 6:10:11 下午 org.apache.catalina.startup.HostConfig deployDirectory
信息: Deploying web application directory F:\solr\apache-tomcat-7.0.42\webapps\docs
三月 08, 2018 6:10:12 下午 org.apache.catalina.util.SessionIdGenerator createSecureRandom
信息: Creation of SecureRandom instance for session ID generation using [SHA1PRNG] took [179] milliseconds.
三月 08, 2018 6:10:12 下午 org.apache.catalina.startup.HostConfig deployDirectory
信息: Deploying web application directory F:\solr\apache-tomcat-7.0.42\webapps\examples
三月 08, 2018 6:10:12 下午 org.apache.catalina.startup.HostConfig deployDirectory
信息: Deploying web application directory F:\solr\apache-tomcat-7.0.42\webapps\host-manager
三月 08, 2018 6:10:12 下午 org.apache.catalina.startup.HostConfig deployDirectory
信息: Deploying web application directory F:\solr\apache-tomcat-7.0.42\webapps\manager
三月 08, 2018 6:10:12 下午 org.apache.catalina.startup.HostConfig deployDirectory
信息: Deploying web application directory F:\solr\apache-tomcat-7.0.42\webapps\ROOT
三月 08, 2018 6:10:12 下午 org.apache.catalina.startup.HostConfig deployDirectory
信息: Deploying web application directory F:\solr\apache-tomcat-7.0.42\webapps\solr
三月 08, 2018 6:10:43 下午 org.apache.catalina.startup.HostConfig deployDirectory
信息: Deploying web application directory F:\solr\apache-tomcat-7.0.42\webapps\test
三月 08, 2018 6:10:43 下午 org.apache.coyote.AbstractProtocol start
信息: Starting ProtocolHandler ["http-bio-8081"]
三月 08, 2018 6:10:43 下午 org.apache.coyote.AbstractProtocol start
信息: Starting ProtocolHandler ["ajp-bio-8010"]
三月 08, 2018 6:10:43 下午 org.apache.catalina.startup.Catalina start
信息: Server startup in 32155 ms
三月 08, 2018 8:14:31 下午 org.apache.catalina.core.AprLifecycleListener init
信息: The APR based Apache Tomcat Native library which allows optimal performance in production environments was not found on the java.library.path: C:\Program Files\Java\jdk1.7.0_67\bin;C:\Windows\Sun\Java\bin;C:\Windows\system32;C:\Windows;C:\ProgramData\Oracle\Java\javapath;C:\Program Files (x86)\Common Files\NetSarang;C:\Program Files (x86)\Intel\iCLS Client\;C:\Program Files\Intel\iCLS Client\;C:\Windows\system32;C:\Windows;C:\Windows\System32\Wbem;C:\Windows\System32\WindowsPowerShell\v1.0\;C:\Program Files (x86)\Intel\Intel(R) Management Engine Components\DAL;C:\Program Files\Intel\Intel(R) Management Engine Components\DAL;C:\Program Files (x86)\Intel\Intel(R) Management Engine Components\IPT;C:\Program Files\Intel\Intel(R) Management Engine Components\IPT;C:\Program Files\Intel\WiFi\bin\;C:\Program Files\Common Files\Intel\WirelessCommon\;C:\Program Files (x86)\NVIDIA Corporation\PhysX\Common;F:\Mysql\bin;F:\apache-maven-3.3.9\bin;C:\Program Files\Java\jdk1.8.0_121\bin;E:\BaiduNetdiskDownload\oracle\oracle.（53-55天）\oracle课件\安装介质\Oracle客户端\oracleInstanceClient\64bit\instantclient_12_1;C:\Users\17310\AppData\Local\Microsoft\WindowsApps;;.
三月 08, 2018 8:14:31 下午 org.apache.coyote.AbstractProtocol init
信息: Initializing ProtocolHandler ["http-bio-8081"]
三月 08, 2018 8:14:31 下午 org.apache.coyote.AbstractProtocol init
信息: Initializing ProtocolHandler ["ajp-bio-8010"]
三月 08, 2018 8:14:31 下午 org.apache.catalina.startup.Catalina load
信息: Initialization processed in 441 ms
三月 08, 2018 8:14:31 下午 org.apache.catalina.core.StandardService startInternal
信息: Starting service Catalina
三月 08, 2018 8:14:31 下午 org.apache.catalina.core.StandardEngine startInternal
信息: Starting Servlet Engine: Apache Tomcat/7.0.42
三月 08, 2018 8:14:31 下午 org.apache.catalina.startup.HostConfig deployDirectory
信息: Deploying web application directory F:\solr\apache-tomcat-7.0.42\webapps\docs
三月 08, 2018 8:14:32 下午 org.apache.catalina.util.SessionIdGenerator createSecureRandom
信息: Creation of SecureRandom instance for session ID generation using [SHA1PRNG] took [172] milliseconds.
三月 08, 2018 8:14:32 下午 org.apache.catalina.startup.HostConfig deployDirectory
信息: Deploying web application directory F:\solr\apache-tomcat-7.0.42\webapps\examples
三月 08, 2018 8:14:32 下午 org.apache.catalina.startup.HostConfig deployDirectory
信息: Deploying web application directory F:\solr\apache-tomcat-7.0.42\webapps\host-manager
三月 08, 2018 8:14:32 下午 org.apache.catalina.startup.HostConfig deployDirectory
信息: Deploying web application directory F:\solr\apache-tomcat-7.0.42\webapps\manager
三月 08, 2018 8:14:32 下午 org.apache.catalina.startup.HostConfig deployDirectory
信息: Deploying web application directory F:\solr\apache-tomcat-7.0.42\webapps\ROOT
三月 08, 2018 8:14:32 下午 org.apache.catalina.startup.HostConfig deployDirectory
信息: Deploying web application directory F:\solr\apache-tomcat-7.0.42\webapps\solr
三月 08, 2018 8:14:34 下午 org.apache.catalina.startup.HostConfig deployDirectory
信息: Deploying web application directory F:\solr\apache-tomcat-7.0.42\webapps\test
三月 08, 2018 8:14:34 下午 org.apache.coyote.AbstractProtocol start
信息: Starting ProtocolHandler ["http-bio-8081"]
三月 08, 2018 8:14:34 下午 org.apache.coyote.AbstractProtocol start
信息: Starting ProtocolHandler ["ajp-bio-8010"]
三月 08, 2018 8:14:34 下午 org.apache.catalina.startup.Catalina start
信息: Server startup in 3251 ms
