三月 27, 2018 12:07:46 上午 org.apache.catalina.core.AprLifecycleListener init
信息: The APR based Apache Tomcat Native library which allows optimal performance in production environments was not found on the java.library.path: C:\Program Files\Java\jdk1.7.0_67\bin;C:\WINDOWS\Sun\Java\bin;C:\WINDOWS\system32;C:\WINDOWS;C:\ProgramData\Oracle\Java\javapath;C:\Program Files (x86)\Common Files\NetSarang;C:\Program Files (x86)\Intel\iCLS Client\;C:\Program Files\Intel\iCLS Client\;C:\Windows\system32;C:\Windows;C:\Windows\System32\Wbem;C:\Windows\System32\WindowsPowerShell\v1.0\;C:\Program Files (x86)\Intel\Intel(R) Management Engine Components\DAL;C:\Program Files\Intel\Intel(R) Management Engine Components\DAL;C:\Program Files (x86)\Intel\Intel(R) Management Engine Components\IPT;C:\Program Files\Intel\Intel(R) Management Engine Components\IPT;C:\Program Files\Intel\WiFi\bin\;C:\Program Files\Common Files\Intel\WirelessCommon\;C:\Program Files (x86)\NVIDIA Corporation\PhysX\Common;F:\Mysql\bin;F:\apache-maven-3.3.9\bin;C:\Program Files\Java\jdk1.8.0_121\bin;E:\BaiduNetdiskDownload\oracle\oracle.（53-55天）\oracle课件\安装介质\Oracle客户端\oracleInstanceClient\64bit\instantclient_12_1;;C:\WINDOWS\system32;C:\WINDOWS;C:\WINDOWS\System32\Wbem;C:\WINDOWS\System32\WindowsPowerShell\v1.0\;F:\svn-file\bin;F:\svn-client\bin;C:\Users\17310\AppData\Local\Microsoft\WindowsApps;;.
三月 27, 2018 12:07:46 上午 org.apache.coyote.AbstractProtocol init
信息: Initializing ProtocolHandler ["http-bio-8000"]
三月 27, 2018 12:07:46 上午 org.apache.coyote.AbstractProtocol init
信息: Initializing ProtocolHandler ["ajp-bio-8010"]
三月 27, 2018 12:07:46 上午 org.apache.catalina.startup.Catalina load
信息: Initialization processed in 448 ms
三月 27, 2018 12:07:46 上午 org.apache.catalina.core.StandardService startInternal
信息: Starting service Catalina
三月 27, 2018 12:07:46 上午 org.apache.catalina.core.StandardEngine startInternal
信息: Starting Servlet Engine: Apache Tomcat/7.0.42
三月 27, 2018 12:07:46 上午 org.apache.catalina.startup.HostConfig deployDirectory
信息: Deploying web application directory F:\solr\apache-tomcat-7.0.42\webapps\docs
三月 27, 2018 12:07:46 上午 org.apache.catalina.util.SessionIdGenerator createSecureRandom
信息: Creation of SecureRandom instance for session ID generation using [SHA1PRNG] took [156] milliseconds.
三月 27, 2018 12:07:46 上午 org.apache.catalina.startup.HostConfig deployDirectory
信息: Deploying web application directory F:\solr\apache-tomcat-7.0.42\webapps\examples
三月 27, 2018 12:07:46 上午 org.apache.catalina.startup.HostConfig deployDirectory
信息: Deploying web application directory F:\solr\apache-tomcat-7.0.42\webapps\host-manager
三月 27, 2018 12:07:46 上午 org.apache.catalina.startup.HostConfig deployDirectory
信息: Deploying web application directory F:\solr\apache-tomcat-7.0.42\webapps\manager
三月 27, 2018 12:07:46 上午 org.apache.catalina.startup.HostConfig deployDirectory
信息: Deploying web application directory F:\solr\apache-tomcat-7.0.42\webapps\ROOT
三月 27, 2018 12:07:47 上午 org.apache.catalina.startup.HostConfig deployDirectory
信息: Deploying web application directory F:\solr\apache-tomcat-7.0.42\webapps\solr
三月 27, 2018 12:08:07 上午 org.apache.catalina.startup.HostConfig deployDirectory
信息: Deploying web application directory F:\solr\apache-tomcat-7.0.42\webapps\test
三月 27, 2018 12:08:07 上午 org.apache.coyote.AbstractProtocol start
信息: Starting ProtocolHandler ["http-bio-8000"]
三月 27, 2018 12:08:07 上午 org.apache.coyote.AbstractProtocol start
信息: Starting ProtocolHandler ["ajp-bio-8010"]
三月 27, 2018 12:08:07 上午 org.apache.catalina.startup.Catalina start
信息: Server startup in 21319 ms
三月 27, 2018 12:09:36 上午 org.apache.catalina.core.StandardServer await
信息: A valid shutdown command was received via the shutdown port. Stopping the Server instance.
三月 27, 2018 12:09:36 上午 org.apache.coyote.AbstractProtocol pause
信息: Pausing ProtocolHandler ["http-bio-8000"]
三月 27, 2018 12:09:36 上午 org.apache.coyote.AbstractProtocol pause
信息: Pausing ProtocolHandler ["ajp-bio-8010"]
三月 27, 2018 12:09:36 上午 org.apache.catalina.core.StandardService stopInternal
信息: Stopping service Catalina
三月 27, 2018 12:09:36 上午 org.apache.coyote.AbstractProtocol stop
信息: Stopping ProtocolHandler ["http-bio-8000"]
三月 27, 2018 12:09:36 上午 org.apache.coyote.AbstractProtocol stop
信息: Stopping ProtocolHandler ["ajp-bio-8010"]
三月 27, 2018 12:09:36 上午 org.apache.coyote.AbstractProtocol destroy
信息: Destroying ProtocolHandler ["http-bio-8000"]
三月 27, 2018 12:09:36 上午 org.apache.coyote.AbstractProtocol destroy
信息: Destroying ProtocolHandler ["ajp-bio-8010"]
三月 27, 2018 12:09:38 上午 org.apache.catalina.core.AprLifecycleListener init
信息: The APR based Apache Tomcat Native library which allows optimal performance in production environments was not found on the java.library.path: C:\Program Files\Java\jdk1.7.0_67\bin;C:\WINDOWS\Sun\Java\bin;C:\WINDOWS\system32;C:\WINDOWS;C:\ProgramData\Oracle\Java\javapath;C:\Program Files (x86)\Common Files\NetSarang;C:\Program Files (x86)\Intel\iCLS Client\;C:\Program Files\Intel\iCLS Client\;C:\Windows\system32;C:\Windows;C:\Windows\System32\Wbem;C:\Windows\System32\WindowsPowerShell\v1.0\;C:\Program Files (x86)\Intel\Intel(R) Management Engine Components\DAL;C:\Program Files\Intel\Intel(R) Management Engine Components\DAL;C:\Program Files (x86)\Intel\Intel(R) Management Engine Components\IPT;C:\Program Files\Intel\Intel(R) Management Engine Components\IPT;C:\Program Files\Intel\WiFi\bin\;C:\Program Files\Common Files\Intel\WirelessCommon\;C:\Program Files (x86)\NVIDIA Corporation\PhysX\Common;F:\Mysql\bin;F:\apache-maven-3.3.9\bin;C:\Program Files\Java\jdk1.8.0_121\bin;E:\BaiduNetdiskDownload\oracle\oracle.（53-55天）\oracle课件\安装介质\Oracle客户端\oracleInstanceClient\64bit\instantclient_12_1;;C:\WINDOWS\system32;C:\WINDOWS;C:\WINDOWS\System32\Wbem;C:\WINDOWS\System32\WindowsPowerShell\v1.0\;F:\svn-file\bin;F:\svn-client\bin;C:\Users\17310\AppData\Local\Microsoft\WindowsApps;;.
三月 27, 2018 12:09:38 上午 org.apache.coyote.AbstractProtocol init
信息: Initializing ProtocolHandler ["http-bio-8000"]
三月 27, 2018 12:09:38 上午 org.apache.coyote.AbstractProtocol init
信息: Initializing ProtocolHandler ["ajp-bio-8010"]
三月 27, 2018 12:09:38 上午 org.apache.catalina.startup.Catalina load
信息: Initialization processed in 493 ms
三月 27, 2018 12:09:38 上午 org.apache.catalina.core.StandardService startInternal
信息: Starting service Catalina
三月 27, 2018 12:09:38 上午 org.apache.catalina.core.StandardEngine startInternal
信息: Starting Servlet Engine: Apache Tomcat/7.0.42
三月 27, 2018 12:09:38 上午 org.apache.catalina.startup.HostConfig deployDirectory
信息: Deploying web application directory F:\solr\apache-tomcat-7.0.42\webapps\docs
三月 27, 2018 12:09:39 上午 org.apache.catalina.util.SessionIdGenerator createSecureRandom
信息: Creation of SecureRandom instance for session ID generation using [SHA1PRNG] took [227] milliseconds.
三月 27, 2018 12:09:39 上午 org.apache.catalina.startup.HostConfig deployDirectory
信息: Deploying web application directory F:\solr\apache-tomcat-7.0.42\webapps\examples
三月 27, 2018 12:09:39 上午 org.apache.catalina.startup.HostConfig deployDirectory
信息: Deploying web application directory F:\solr\apache-tomcat-7.0.42\webapps\host-manager
三月 27, 2018 12:09:39 上午 org.apache.catalina.startup.HostConfig deployDirectory
信息: Deploying web application directory F:\solr\apache-tomcat-7.0.42\webapps\manager
三月 27, 2018 12:09:39 上午 org.apache.catalina.startup.HostConfig deployDirectory
信息: Deploying web application directory F:\solr\apache-tomcat-7.0.42\webapps\ROOT
三月 27, 2018 12:09:39 上午 org.apache.catalina.startup.HostConfig deployDirectory
信息: Deploying web application directory F:\solr\apache-tomcat-7.0.42\webapps\solr
三月 27, 2018 12:10:00 上午 org.apache.catalina.startup.HostConfig deployDirectory
信息: Deploying web application directory F:\solr\apache-tomcat-7.0.42\webapps\test
三月 27, 2018 12:10:00 上午 org.apache.coyote.AbstractProtocol start
信息: Starting ProtocolHandler ["http-bio-8000"]
三月 27, 2018 12:10:00 上午 org.apache.coyote.AbstractProtocol start
信息: Starting ProtocolHandler ["ajp-bio-8010"]
三月 27, 2018 12:10:00 上午 org.apache.catalina.startup.Catalina start
信息: Server startup in 21770 ms
三月 27, 2018 12:17:35 上午 org.apache.catalina.core.AprLifecycleListener init
信息: The APR based Apache Tomcat Native library which allows optimal performance in production environments was not found on the java.library.path: C:\Program Files\Java\jdk1.7.0_67\bin;C:\WINDOWS\Sun\Java\bin;C:\WINDOWS\system32;C:\WINDOWS;C:\ProgramData\Oracle\Java\javapath;C:\Program Files (x86)\Common Files\NetSarang;C:\Program Files (x86)\Intel\iCLS Client\;C:\Program Files\Intel\iCLS Client\;C:\Windows\system32;C:\Windows;C:\Windows\System32\Wbem;C:\Windows\System32\WindowsPowerShell\v1.0\;C:\Program Files (x86)\Intel\Intel(R) Management Engine Components\DAL;C:\Program Files\Intel\Intel(R) Management Engine Components\DAL;C:\Program Files (x86)\Intel\Intel(R) Management Engine Components\IPT;C:\Program Files\Intel\Intel(R) Management Engine Components\IPT;C:\Program Files\Intel\WiFi\bin\;C:\Program Files\Common Files\Intel\WirelessCommon\;C:\Program Files (x86)\NVIDIA Corporation\PhysX\Common;F:\Mysql\bin;F:\apache-maven-3.3.9\bin;C:\Program Files\Java\jdk1.8.0_121\bin;E:\BaiduNetdiskDownload\oracle\oracle.（53-55天）\oracle课件\安装介质\Oracle客户端\oracleInstanceClient\64bit\instantclient_12_1;;C:\WINDOWS\system32;C:\WINDOWS;C:\WINDOWS\System32\Wbem;C:\WINDOWS\System32\WindowsPowerShell\v1.0\;F:\svn-file\bin;F:\svn-client\bin;C:\Users\17310\AppData\Local\Microsoft\WindowsApps;;.
三月 27, 2018 12:17:35 上午 org.apache.coyote.AbstractProtocol init
信息: Initializing ProtocolHandler ["http-bio-8000"]
三月 27, 2018 12:17:35 上午 org.apache.coyote.AbstractProtocol init
信息: Initializing ProtocolHandler ["ajp-bio-8010"]
三月 27, 2018 12:17:35 上午 org.apache.catalina.startup.Catalina load
信息: Initialization processed in 432 ms
三月 27, 2018 12:17:35 上午 org.apache.catalina.core.StandardService startInternal
信息: Starting service Catalina
三月 27, 2018 12:17:35 上午 org.apache.catalina.core.StandardEngine startInternal
信息: Starting Servlet Engine: Apache Tomcat/7.0.42
三月 27, 2018 12:17:35 上午 org.apache.catalina.startup.HostConfig deployDirectory
信息: Deploying web application directory F:\solr\apache-tomcat-7.0.42\webapps\docs
三月 27, 2018 12:17:36 上午 org.apache.catalina.util.SessionIdGenerator createSecureRandom
信息: Creation of SecureRandom instance for session ID generation using [SHA1PRNG] took [176] milliseconds.
三月 27, 2018 12:20:20 上午 org.apache.catalina.core.AprLifecycleListener init
信息: The APR based Apache Tomcat Native library which allows optimal performance in production environments was not found on the java.library.path: C:\Program Files\Java\jdk1.7.0_67\bin;C:\WINDOWS\Sun\Java\bin;C:\WINDOWS\system32;C:\WINDOWS;C:\ProgramData\Oracle\Java\javapath;C:\Program Files (x86)\Common Files\NetSarang;C:\Program Files (x86)\Intel\iCLS Client\;C:\Program Files\Intel\iCLS Client\;C:\Windows\system32;C:\Windows;C:\Windows\System32\Wbem;C:\Windows\System32\WindowsPowerShell\v1.0\;C:\Program Files (x86)\Intel\Intel(R) Management Engine Components\DAL;C:\Program Files\Intel\Intel(R) Management Engine Components\DAL;C:\Program Files (x86)\Intel\Intel(R) Management Engine Components\IPT;C:\Program Files\Intel\Intel(R) Management Engine Components\IPT;C:\Program Files\Intel\WiFi\bin\;C:\Program Files\Common Files\Intel\WirelessCommon\;C:\Program Files (x86)\NVIDIA Corporation\PhysX\Common;F:\Mysql\bin;F:\apache-maven-3.3.9\bin;C:\Program Files\Java\jdk1.8.0_121\bin;E:\BaiduNetdiskDownload\oracle\oracle.（53-55天）\oracle课件\安装介质\Oracle客户端\oracleInstanceClient\64bit\instantclient_12_1;;C:\WINDOWS\system32;C:\WINDOWS;C:\WINDOWS\System32\Wbem;C:\WINDOWS\System32\WindowsPowerShell\v1.0\;F:\svn-file\bin;F:\svn-client\bin;C:\Users\17310\AppData\Local\Microsoft\WindowsApps;;.
三月 27, 2018 12:20:20 上午 org.apache.coyote.AbstractProtocol init
信息: Initializing ProtocolHandler ["http-bio-8000"]
三月 27, 2018 12:20:20 上午 org.apache.coyote.AbstractProtocol init
信息: Initializing ProtocolHandler ["ajp-bio-8010"]
三月 27, 2018 12:20:20 上午 org.apache.catalina.startup.Catalina load
信息: Initialization processed in 437 ms
三月 27, 2018 12:20:20 上午 org.apache.catalina.core.StandardService startInternal
信息: Starting service Catalina
三月 27, 2018 12:20:20 上午 org.apache.catalina.core.StandardEngine startInternal
信息: Starting Servlet Engine: Apache Tomcat/7.0.42
三月 27, 2018 12:20:20 上午 org.apache.catalina.startup.HostConfig deployDirectory
信息: Deploying web application directory F:\solr\apache-tomcat-7.0.42\webapps\docs
三月 27, 2018 12:20:21 上午 org.apache.catalina.util.SessionIdGenerator createSecureRandom
信息: Creation of SecureRandom instance for session ID generation using [SHA1PRNG] took [182] milliseconds.
三月 27, 2018 12:20:21 上午 org.apache.catalina.startup.HostConfig deployDirectory
信息: Deploying web application directory F:\solr\apache-tomcat-7.0.42\webapps\examples
三月 27, 2018 12:20:21 上午 org.apache.catalina.startup.HostConfig deployDirectory
信息: Deploying web application directory F:\solr\apache-tomcat-7.0.42\webapps\host-manager
三月 27, 2018 12:20:21 上午 org.apache.catalina.startup.HostConfig deployDirectory
信息: Deploying web application directory F:\solr\apache-tomcat-7.0.42\webapps\manager
三月 27, 2018 12:20:21 上午 org.apache.catalina.startup.HostConfig deployDirectory
信息: Deploying web application directory F:\solr\apache-tomcat-7.0.42\webapps\ROOT
三月 27, 2018 12:20:21 上午 org.apache.catalina.startup.HostConfig deployDirectory
信息: Deploying web application directory F:\solr\apache-tomcat-7.0.42\webapps\solr
三月 27, 2018 12:20:41 上午 org.apache.catalina.startup.HostConfig deployDirectory
信息: Deploying web application directory F:\solr\apache-tomcat-7.0.42\webapps\test
三月 27, 2018 12:20:42 上午 org.apache.coyote.AbstractProtocol start
信息: Starting ProtocolHandler ["http-bio-8000"]
三月 27, 2018 12:20:42 上午 org.apache.coyote.AbstractProtocol start
信息: Starting ProtocolHandler ["ajp-bio-8010"]
三月 27, 2018 12:20:42 上午 org.apache.catalina.startup.Catalina start
信息: Server startup in 21503 ms
三月 27, 2018 12:25:20 上午 org.apache.catalina.core.AprLifecycleListener init
信息: The APR based Apache Tomcat Native library which allows optimal performance in production environments was not found on the java.library.path: C:\Program Files\Java\jdk1.7.0_67\bin;C:\WINDOWS\Sun\Java\bin;C:\WINDOWS\system32;C:\WINDOWS;C:\ProgramData\Oracle\Java\javapath;C:\Program Files (x86)\Common Files\NetSarang;C:\Program Files (x86)\Intel\iCLS Client\;C:\Program Files\Intel\iCLS Client\;C:\Windows\system32;C:\Windows;C:\Windows\System32\Wbem;C:\Windows\System32\WindowsPowerShell\v1.0\;C:\Program Files (x86)\Intel\Intel(R) Management Engine Components\DAL;C:\Program Files\Intel\Intel(R) Management Engine Components\DAL;C:\Program Files (x86)\Intel\Intel(R) Management Engine Components\IPT;C:\Program Files\Intel\Intel(R) Management Engine Components\IPT;C:\Program Files\Intel\WiFi\bin\;C:\Program Files\Common Files\Intel\WirelessCommon\;C:\Program Files (x86)\NVIDIA Corporation\PhysX\Common;F:\Mysql\bin;F:\apache-maven-3.3.9\bin;C:\Program Files\Java\jdk1.8.0_121\bin;E:\BaiduNetdiskDownload\oracle\oracle.（53-55天）\oracle课件\安装介质\Oracle客户端\oracleInstanceClient\64bit\instantclient_12_1;;C:\WINDOWS\system32;C:\WINDOWS;C:\WINDOWS\System32\Wbem;C:\WINDOWS\System32\WindowsPowerShell\v1.0\;F:\svn-file\bin;F:\svn-client\bin;C:\Users\17310\AppData\Local\Microsoft\WindowsApps;;.
三月 27, 2018 12:25:20 上午 org.apache.coyote.AbstractProtocol init
信息: Initializing ProtocolHandler ["http-bio-8000"]
三月 27, 2018 12:25:20 上午 org.apache.coyote.AbstractProtocol init
信息: Initializing ProtocolHandler ["ajp-bio-8010"]
三月 27, 2018 12:25:20 上午 org.apache.catalina.startup.Catalina load
信息: Initialization processed in 705 ms
三月 27, 2018 12:25:20 上午 org.apache.catalina.core.StandardService startInternal
信息: Starting service Catalina
三月 27, 2018 12:25:20 上午 org.apache.catalina.core.StandardEngine startInternal
信息: Starting Servlet Engine: Apache Tomcat/7.0.42
三月 27, 2018 12:25:20 上午 org.apache.catalina.startup.HostConfig deployDirectory
信息: Deploying web application directory F:\solr\apache-tomcat-7.0.42\webapps\docs
三月 27, 2018 12:25:21 上午 org.apache.catalina.util.SessionIdGenerator createSecureRandom
信息: Creation of SecureRandom instance for session ID generation using [SHA1PRNG] took [182] milliseconds.
三月 27, 2018 12:25:21 上午 org.apache.catalina.startup.HostConfig deployDirectory
信息: Deploying web application directory F:\solr\apache-tomcat-7.0.42\webapps\examples
三月 27, 2018 12:25:21 上午 org.apache.catalina.startup.HostConfig deployDirectory
信息: Deploying web application directory F:\solr\apache-tomcat-7.0.42\webapps\host-manager
三月 27, 2018 12:25:21 上午 org.apache.catalina.startup.HostConfig deployDirectory
信息: Deploying web application directory F:\solr\apache-tomcat-7.0.42\webapps\manager
三月 27, 2018 12:25:21 上午 org.apache.catalina.startup.HostConfig deployDirectory
信息: Deploying web application directory F:\solr\apache-tomcat-7.0.42\webapps\ROOT
三月 27, 2018 12:25:21 上午 org.apache.catalina.startup.HostConfig deployDirectory
信息: Deploying web application directory F:\solr\apache-tomcat-7.0.42\webapps\solr
三月 27, 2018 12:25:45 上午 org.apache.catalina.startup.HostConfig deployDirectory
信息: Deploying web application directory F:\solr\apache-tomcat-7.0.42\webapps\test
三月 27, 2018 12:25:46 上午 org.apache.coyote.AbstractProtocol start
信息: Starting ProtocolHandler ["http-bio-8000"]
三月 27, 2018 12:25:46 上午 org.apache.coyote.AbstractProtocol start
信息: Starting ProtocolHandler ["ajp-bio-8010"]
三月 27, 2018 12:25:46 上午 org.apache.catalina.startup.Catalina start
信息: Server startup in 25399 ms
三月 27, 2018 12:47:56 上午 org.apache.catalina.core.AprLifecycleListener init
信息: The APR based Apache Tomcat Native library which allows optimal performance in production environments was not found on the java.library.path: C:\Program Files\Java\jdk1.7.0_67\bin;C:\WINDOWS\Sun\Java\bin;C:\WINDOWS\system32;C:\WINDOWS;C:\ProgramData\Oracle\Java\javapath;C:\Program Files (x86)\Common Files\NetSarang;C:\Program Files (x86)\Intel\iCLS Client\;C:\Program Files\Intel\iCLS Client\;C:\Windows\system32;C:\Windows;C:\Windows\System32\Wbem;C:\Windows\System32\WindowsPowerShell\v1.0\;C:\Program Files (x86)\Intel\Intel(R) Management Engine Components\DAL;C:\Program Files\Intel\Intel(R) Management Engine Components\DAL;C:\Program Files (x86)\Intel\Intel(R) Management Engine Components\IPT;C:\Program Files\Intel\Intel(R) Management Engine Components\IPT;C:\Program Files\Intel\WiFi\bin\;C:\Program Files\Common Files\Intel\WirelessCommon\;C:\Program Files (x86)\NVIDIA Corporation\PhysX\Common;F:\Mysql\bin;F:\apache-maven-3.3.9\bin;C:\Program Files\Java\jdk1.8.0_121\bin;E:\BaiduNetdiskDownload\oracle\oracle.（53-55天）\oracle课件\安装介质\Oracle客户端\oracleInstanceClient\64bit\instantclient_12_1;;C:\WINDOWS\system32;C:\WINDOWS;C:\WINDOWS\System32\Wbem;C:\WINDOWS\System32\WindowsPowerShell\v1.0\;F:\svn-file\bin;F:\svn-client\bin;C:\Users\17310\AppData\Local\Microsoft\WindowsApps;;.
三月 27, 2018 12:47:56 上午 org.apache.coyote.AbstractProtocol init
信息: Initializing ProtocolHandler ["http-bio-8000"]
三月 27, 2018 12:47:56 上午 org.apache.coyote.AbstractProtocol init
信息: Initializing ProtocolHandler ["ajp-bio-8010"]
三月 27, 2018 12:47:56 上午 org.apache.catalina.startup.Catalina load
信息: Initialization processed in 429 ms
三月 27, 2018 12:47:56 上午 org.apache.catalina.core.StandardService startInternal
信息: Starting service Catalina
三月 27, 2018 12:47:56 上午 org.apache.catalina.core.StandardEngine startInternal
信息: Starting Servlet Engine: Apache Tomcat/7.0.42
三月 27, 2018 12:47:56 上午 org.apache.catalina.startup.HostConfig deployDirectory
信息: Deploying web application directory F:\solr\apache-tomcat-7.0.42\webapps\docs
三月 27, 2018 12:47:56 上午 org.apache.catalina.util.SessionIdGenerator createSecureRandom
信息: Creation of SecureRandom instance for session ID generation using [SHA1PRNG] took [164] milliseconds.
三月 27, 2018 12:47:56 上午 org.apache.catalina.startup.HostConfig deployDirectory
信息: Deploying web application directory F:\solr\apache-tomcat-7.0.42\webapps\examples
三月 27, 2018 12:47:56 上午 org.apache.catalina.startup.HostConfig deployDirectory
信息: Deploying web application directory F:\solr\apache-tomcat-7.0.42\webapps\host-manager
三月 27, 2018 12:47:56 上午 org.apache.catalina.startup.HostConfig deployDirectory
信息: Deploying web application directory F:\solr\apache-tomcat-7.0.42\webapps\manager
三月 27, 2018 12:47:56 上午 org.apache.catalina.startup.HostConfig deployDirectory
信息: Deploying web application directory F:\solr\apache-tomcat-7.0.42\webapps\ROOT
三月 27, 2018 12:47:56 上午 org.apache.catalina.startup.HostConfig deployDirectory
信息: Deploying web application directory F:\solr\apache-tomcat-7.0.42\webapps\solr
三月 27, 2018 12:48:17 上午 org.apache.catalina.startup.HostConfig deployDirectory
信息: Deploying web application directory F:\solr\apache-tomcat-7.0.42\webapps\test
三月 27, 2018 12:48:17 上午 org.apache.coyote.AbstractProtocol start
信息: Starting ProtocolHandler ["http-bio-8000"]
三月 27, 2018 12:48:17 上午 org.apache.coyote.AbstractProtocol start
信息: Starting ProtocolHandler ["ajp-bio-8010"]
三月 27, 2018 12:48:17 上午 org.apache.catalina.startup.Catalina start
信息: Server startup in 21136 ms
三月 27, 2018 1:05:26 上午 org.apache.catalina.core.StandardServer await
信息: A valid shutdown command was received via the shutdown port. Stopping the Server instance.
三月 27, 2018 1:05:26 上午 org.apache.coyote.AbstractProtocol pause
信息: Pausing ProtocolHandler ["http-bio-8000"]
三月 27, 2018 1:05:26 上午 org.apache.coyote.AbstractProtocol pause
信息: Pausing ProtocolHandler ["ajp-bio-8010"]
三月 27, 2018 1:05:26 上午 org.apache.catalina.core.StandardService stopInternal
信息: Stopping service Catalina
三月 27, 2018 1:05:26 上午 org.apache.coyote.AbstractProtocol stop
信息: Stopping ProtocolHandler ["http-bio-8000"]
三月 27, 2018 1:05:26 上午 org.apache.coyote.AbstractProtocol stop
信息: Stopping ProtocolHandler ["ajp-bio-8010"]
三月 27, 2018 1:05:26 上午 org.apache.coyote.AbstractProtocol destroy
信息: Destroying ProtocolHandler ["http-bio-8000"]
三月 27, 2018 1:05:26 上午 org.apache.coyote.AbstractProtocol destroy
信息: Destroying ProtocolHandler ["ajp-bio-8010"]
三月 27, 2018 1:06:12 上午 org.apache.catalina.startup.Catalina stopServer
严重: Could not contact localhost:8006. Tomcat may not be running.
三月 27, 2018 1:06:12 上午 org.apache.catalina.startup.Catalina stopServer
严重: Catalina.stop: 
java.net.ConnectException: Connection refused: connect
	at java.net.DualStackPlainSocketImpl.connect0(Native Method)
	at java.net.DualStackPlainSocketImpl.socketConnect(DualStackPlainSocketImpl.java:79)
	at java.net.AbstractPlainSocketImpl.doConnect(AbstractPlainSocketImpl.java:339)
	at java.net.AbstractPlainSocketImpl.connectToAddress(AbstractPlainSocketImpl.java:200)
	at java.net.AbstractPlainSocketImpl.connect(AbstractPlainSocketImpl.java:182)
	at java.net.PlainSocketImpl.connect(PlainSocketImpl.java:172)
	at java.net.SocksSocketImpl.connect(SocksSocketImpl.java:392)
	at java.net.Socket.connect(Socket.java:579)
	at java.net.Socket.connect(Socket.java:528)
	at java.net.Socket.<init>(Socket.java:425)
	at java.net.Socket.<init>(Socket.java:208)
	at org.apache.catalina.startup.Catalina.stopServer(Catalina.java:500)
	at sun.reflect.NativeMethodAccessorImpl.invoke0(Native Method)
	at sun.reflect.NativeMethodAccessorImpl.invoke(NativeMethodAccessorImpl.java:57)
	at sun.reflect.DelegatingMethodAccessorImpl.invoke(DelegatingMethodAccessorImpl.java:43)
	at java.lang.reflect.Method.invoke(Method.java:606)
	at org.apache.catalina.startup.Bootstrap.stopServer(Bootstrap.java:371)
	at org.apache.catalina.startup.Bootstrap.main(Bootstrap.java:458)

三月 27, 2018 1:06:15 上午 org.apache.catalina.core.AprLifecycleListener init
信息: The APR based Apache Tomcat Native library which allows optimal performance in production environments was not found on the java.library.path: C:\Program Files\Java\jdk1.7.0_67\bin;C:\WINDOWS\Sun\Java\bin;C:\WINDOWS\system32;C:\WINDOWS;C:\ProgramData\Oracle\Java\javapath;C:\Program Files (x86)\Common Files\NetSarang;C:\Program Files (x86)\Intel\iCLS Client\;C:\Program Files\Intel\iCLS Client\;C:\Windows\system32;C:\Windows;C:\Windows\System32\Wbem;C:\Windows\System32\WindowsPowerShell\v1.0\;C:\Program Files (x86)\Intel\Intel(R) Management Engine Components\DAL;C:\Program Files\Intel\Intel(R) Management Engine Components\DAL;C:\Program Files (x86)\Intel\Intel(R) Management Engine Components\IPT;C:\Program Files\Intel\Intel(R) Management Engine Components\IPT;C:\Program Files\Intel\WiFi\bin\;C:\Program Files\Common Files\Intel\WirelessCommon\;C:\Program Files (x86)\NVIDIA Corporation\PhysX\Common;F:\Mysql\bin;F:\apache-maven-3.3.9\bin;C:\Program Files\Java\jdk1.8.0_121\bin;E:\BaiduNetdiskDownload\oracle\oracle.（53-55天）\oracle课件\安装介质\Oracle客户端\oracleInstanceClient\64bit\instantclient_12_1;;C:\WINDOWS\system32;C:\WINDOWS;C:\WINDOWS\System32\Wbem;C:\WINDOWS\System32\WindowsPowerShell\v1.0\;F:\svn-file\bin;F:\svn-client\bin;C:\Users\17310\AppData\Local\Microsoft\WindowsApps;;.
三月 27, 2018 1:06:15 上午 org.apache.coyote.AbstractProtocol init
信息: Initializing ProtocolHandler ["http-bio-8000"]
三月 27, 2018 1:06:15 上午 org.apache.coyote.AbstractProtocol init
信息: Initializing ProtocolHandler ["ajp-bio-8010"]
三月 27, 2018 1:06:15 上午 org.apache.catalina.startup.Catalina load
信息: Initialization processed in 423 ms
三月 27, 2018 1:06:15 上午 org.apache.catalina.core.StandardService startInternal
信息: Starting service Catalina
三月 27, 2018 1:06:15 上午 org.apache.catalina.core.StandardEngine startInternal
信息: Starting Servlet Engine: Apache Tomcat/7.0.42
三月 27, 2018 1:06:15 上午 org.apache.catalina.startup.HostConfig deployDirectory
信息: Deploying web application directory F:\solr\apache-tomcat-7.0.42\webapps\docs
三月 27, 2018 1:06:16 上午 org.apache.catalina.util.SessionIdGenerator createSecureRandom
信息: Creation of SecureRandom instance for session ID generation using [SHA1PRNG] took [164] milliseconds.
三月 27, 2018 1:06:16 上午 org.apache.catalina.startup.HostConfig deployDirectory
信息: Deploying web application directory F:\solr\apache-tomcat-7.0.42\webapps\examples
三月 27, 2018 1:06:16 上午 org.apache.catalina.startup.HostConfig deployDirectory
信息: Deploying web application directory F:\solr\apache-tomcat-7.0.42\webapps\host-manager
三月 27, 2018 1:06:16 上午 org.apache.catalina.startup.HostConfig deployDirectory
信息: Deploying web application directory F:\solr\apache-tomcat-7.0.42\webapps\manager
三月 27, 2018 1:06:16 上午 org.apache.catalina.startup.HostConfig deployDirectory
信息: Deploying web application directory F:\solr\apache-tomcat-7.0.42\webapps\ROOT
三月 27, 2018 1:06:16 上午 org.apache.catalina.startup.HostConfig deployDirectory
信息: Deploying web application directory F:\solr\apache-tomcat-7.0.42\webapps\solr
三月 27, 2018 1:06:36 上午 org.apache.catalina.startup.HostConfig deployDirectory
信息: Deploying web application directory F:\solr\apache-tomcat-7.0.42\webapps\test
三月 27, 2018 1:06:36 上午 org.apache.coyote.AbstractProtocol start
信息: Starting ProtocolHandler ["http-bio-8000"]
三月 27, 2018 1:06:36 上午 org.apache.coyote.AbstractProtocol start
信息: Starting ProtocolHandler ["ajp-bio-8010"]
三月 27, 2018 1:06:36 上午 org.apache.catalina.startup.Catalina start
信息: Server startup in 21223 ms
三月 27, 2018 1:14:21 上午 org.apache.catalina.core.StandardServer await
信息: A valid shutdown command was received via the shutdown port. Stopping the Server instance.
三月 27, 2018 1:14:21 上午 org.apache.coyote.AbstractProtocol pause
信息: Pausing ProtocolHandler ["http-bio-8000"]
三月 27, 2018 1:14:21 上午 org.apache.coyote.AbstractProtocol pause
信息: Pausing ProtocolHandler ["ajp-bio-8010"]
三月 27, 2018 1:14:21 上午 org.apache.catalina.core.StandardService stopInternal
信息: Stopping service Catalina
三月 27, 2018 1:14:21 上午 org.apache.catalina.loader.WebappClassLoader checkThreadLocalMapForLeaks
严重: The web application [/solr] created a ThreadLocal with key of type [org.apache.solr.schema.DateField.ThreadLocalDateFormat] (value [org.apache.solr.schema.DateField$ThreadLocalDateFormat@6a0fea62]) and a value of type [org.apache.solr.schema.DateField.ISO8601CanonicalDateFormat] (value [org.apache.solr.schema.DateField$ISO8601CanonicalDateFormat@6b2ed43a]) but failed to remove it when the web application was stopped. Threads are going to be renewed over time to try and avoid a probable memory leak.
三月 27, 2018 1:14:21 上午 org.apache.catalina.loader.WebappClassLoader checkThreadLocalMapForLeaks
严重: The web application [/solr] created a ThreadLocal with key of type [org.apache.solr.schema.DateField.ThreadLocalDateFormat] (value [org.apache.solr.schema.DateField$ThreadLocalDateFormat@6a0fea62]) and a value of type [org.apache.solr.schema.DateField.ISO8601CanonicalDateFormat] (value [org.apache.solr.schema.DateField$ISO8601CanonicalDateFormat@6b2ed43a]) but failed to remove it when the web application was stopped. Threads are going to be renewed over time to try and avoid a probable memory leak.
三月 27, 2018 1:14:21 上午 org.apache.catalina.loader.WebappClassLoader checkThreadLocalMapForLeaks
严重: The web application [/solr] created a ThreadLocal with key of type [org.apache.solr.schema.DateField.ThreadLocalDateFormat] (value [org.apache.solr.schema.DateField$ThreadLocalDateFormat@6a0fea62]) and a value of type [org.apache.solr.schema.DateField.ISO8601CanonicalDateFormat] (value [org.apache.solr.schema.DateField$ISO8601CanonicalDateFormat@6b2ed43a]) but failed to remove it when the web application was stopped. Threads are going to be renewed over time to try and avoid a probable memory leak.
三月 27, 2018 1:14:21 上午 org.apache.catalina.loader.WebappClassLoader checkThreadLocalMapForLeaks
严重: The web application [/solr] created a ThreadLocal with key of type [org.apache.solr.schema.DateField.ThreadLocalDateFormat] (value [org.apache.solr.schema.DateField$ThreadLocalDateFormat@6a0fea62]) and a value of type [org.apache.solr.schema.DateField.ISO8601CanonicalDateFormat] (value [org.apache.solr.schema.DateField$ISO8601CanonicalDateFormat@6b2ed43a]) but failed to remove it when the web application was stopped. Threads are going to be renewed over time to try and avoid a probable memory leak.
三月 27, 2018 1:14:21 上午 org.apache.catalina.loader.WebappClassLoader checkThreadLocalMapForLeaks
严重: The web application [/solr] created a ThreadLocal with key of type [org.apache.solr.schema.DateField.ThreadLocalDateFormat] (value [org.apache.solr.schema.DateField$ThreadLocalDateFormat@6a0fea62]) and a value of type [org.apache.solr.schema.DateField.ISO8601CanonicalDateFormat] (value [org.apache.solr.schema.DateField$ISO8601CanonicalDateFormat@6b2ed43a]) but failed to remove it when the web application was stopped. Threads are going to be renewed over time to try and avoid a probable memory leak.
三月 27, 2018 1:14:21 上午 org.apache.catalina.loader.WebappClassLoader checkThreadLocalMapForLeaks
严重: The web application [/solr] created a ThreadLocal with key of type [org.apache.solr.schema.DateField.ThreadLocalDateFormat] (value [org.apache.solr.schema.DateField$ThreadLocalDateFormat@6a0fea62]) and a value of type [org.apache.solr.schema.DateField.ISO8601CanonicalDateFormat] (value [org.apache.solr.schema.DateField$ISO8601CanonicalDateFormat@6b2ed43a]) but failed to remove it when the web application was stopped. Threads are going to be renewed over time to try and avoid a probable memory leak.
三月 27, 2018 1:14:21 上午 org.apache.coyote.AbstractProtocol stop
信息: Stopping ProtocolHandler ["http-bio-8000"]
三月 27, 2018 1:14:21 上午 org.apache.coyote.AbstractProtocol stop
信息: Stopping ProtocolHandler ["ajp-bio-8010"]
三月 27, 2018 1:14:21 上午 org.apache.coyote.AbstractProtocol destroy
信息: Destroying ProtocolHandler ["http-bio-8000"]
三月 27, 2018 1:14:21 上午 org.apache.coyote.AbstractProtocol destroy
信息: Destroying ProtocolHandler ["ajp-bio-8010"]
