三月 23, 2018 10:57:49 上午 org.apache.catalina.core.AprLifecycleListener init
信息: The APR based Apache Tomcat Native library which allows optimal performance in production environments was not found on the java.library.path: C:\Program Files\Java\jdk1.7.0_67\bin;C:\WINDOWS\Sun\Java\bin;C:\WINDOWS\system32;C:\WINDOWS;C:\ProgramData\Oracle\Java\javapath;C:\Program Files (x86)\Common Files\NetSarang;C:\Program Files (x86)\Intel\iCLS Client\;C:\Program Files\Intel\iCLS Client\;C:\Windows\system32;C:\Windows;C:\Windows\System32\Wbem;C:\Windows\System32\WindowsPowerShell\v1.0\;C:\Program Files (x86)\Intel\Intel(R) Management Engine Components\DAL;C:\Program Files\Intel\Intel(R) Management Engine Components\DAL;C:\Program Files (x86)\Intel\Intel(R) Management Engine Components\IPT;C:\Program Files\Intel\Intel(R) Management Engine Components\IPT;C:\Program Files\Intel\WiFi\bin\;C:\Program Files\Common Files\Intel\WirelessCommon\;C:\Program Files (x86)\NVIDIA Corporation\PhysX\Common;F:\Mysql\bin;F:\apache-maven-3.3.9\bin;C:\Program Files\Java\jdk1.8.0_121\bin;E:\BaiduNetdiskDownload\oracle\oracle.（53-55天）\oracle课件\安装介质\Oracle客户端\oracleInstanceClient\64bit\instantclient_12_1;;%SystemRoot%\system32;%SystemRoot%;%SystemRoot%\System32\Wbem;%SYSTEMROOT%\System32\WindowsPowerShell\v1.0\;C:\Users\17310\AppData\Local\Microsoft\WindowsApps;;.
三月 23, 2018 10:57:50 上午 org.apache.coyote.AbstractProtocol init
信息: Initializing ProtocolHandler ["http-bio-8000"]
三月 23, 2018 10:57:50 上午 org.apache.coyote.AbstractProtocol init
信息: Initializing ProtocolHandler ["ajp-bio-8010"]
三月 23, 2018 10:57:50 上午 org.apache.catalina.startup.Catalina load
信息: Initialization processed in 1124 ms
三月 23, 2018 10:57:50 上午 org.apache.catalina.core.StandardService startInternal
信息: Starting service Catalina
三月 23, 2018 10:57:50 上午 org.apache.catalina.core.StandardEngine startInternal
信息: Starting Servlet Engine: Apache Tomcat/7.0.42
三月 23, 2018 10:57:50 上午 org.apache.catalina.startup.HostConfig deployDirectory
信息: Deploying web application directory F:\solr\apache-tomcat-7.0.42\webapps\docs
三月 23, 2018 10:57:50 上午 org.apache.catalina.util.SessionIdGenerator createSecureRandom
信息: Creation of SecureRandom instance for session ID generation using [SHA1PRNG] took [173] milliseconds.
三月 23, 2018 10:57:50 上午 org.apache.catalina.startup.HostConfig deployDirectory
信息: Deploying web application directory F:\solr\apache-tomcat-7.0.42\webapps\examples
三月 23, 2018 10:57:51 上午 org.apache.catalina.startup.HostConfig deployDirectory
信息: Deploying web application directory F:\solr\apache-tomcat-7.0.42\webapps\host-manager
三月 23, 2018 10:57:51 上午 org.apache.catalina.startup.HostConfig deployDirectory
信息: Deploying web application directory F:\solr\apache-tomcat-7.0.42\webapps\manager
三月 23, 2018 10:57:51 上午 org.apache.catalina.startup.HostConfig deployDirectory
信息: Deploying web application directory F:\solr\apache-tomcat-7.0.42\webapps\ROOT
三月 23, 2018 10:57:51 上午 org.apache.catalina.startup.HostConfig deployDirectory
信息: Deploying web application directory F:\solr\apache-tomcat-7.0.42\webapps\solr
三月 23, 2018 10:58:27 上午 org.apache.catalina.startup.HostConfig deployDirectory
信息: Deploying web application directory F:\solr\apache-tomcat-7.0.42\webapps\test
三月 23, 2018 10:58:27 上午 org.apache.coyote.AbstractProtocol start
信息: Starting ProtocolHandler ["http-bio-8000"]
三月 23, 2018 10:58:27 上午 org.apache.coyote.AbstractProtocol start
信息: Starting ProtocolHandler ["ajp-bio-8010"]
三月 23, 2018 10:58:27 上午 org.apache.catalina.startup.Catalina start
信息: Server startup in 37756 ms
三月 23, 2018 1:45:10 下午 org.apache.catalina.core.AprLifecycleListener init
信息: The APR based Apache Tomcat Native library which allows optimal performance in production environments was not found on the java.library.path: C:\Program Files\Java\jdk1.7.0_67\bin;C:\WINDOWS\Sun\Java\bin;C:\WINDOWS\system32;C:\WINDOWS;C:\ProgramData\Oracle\Java\javapath;C:\Program Files (x86)\Common Files\NetSarang;C:\Program Files (x86)\Intel\iCLS Client\;C:\Program Files\Intel\iCLS Client\;C:\Windows\system32;C:\Windows;C:\Windows\System32\Wbem;C:\Windows\System32\WindowsPowerShell\v1.0\;C:\Program Files (x86)\Intel\Intel(R) Management Engine Components\DAL;C:\Program Files\Intel\Intel(R) Management Engine Components\DAL;C:\Program Files (x86)\Intel\Intel(R) Management Engine Components\IPT;C:\Program Files\Intel\Intel(R) Management Engine Components\IPT;C:\Program Files\Intel\WiFi\bin\;C:\Program Files\Common Files\Intel\WirelessCommon\;C:\Program Files (x86)\NVIDIA Corporation\PhysX\Common;F:\Mysql\bin;F:\apache-maven-3.3.9\bin;C:\Program Files\Java\jdk1.8.0_121\bin;E:\BaiduNetdiskDownload\oracle\oracle.（53-55天）\oracle课件\安装介质\Oracle客户端\oracleInstanceClient\64bit\instantclient_12_1;;%SystemRoot%\system32;%SystemRoot%;%SystemRoot%\System32\Wbem;%SYSTEMROOT%\System32\WindowsPowerShell\v1.0\;C:\Users\17310\AppData\Local\Microsoft\WindowsApps;;.
三月 23, 2018 1:45:10 下午 org.apache.coyote.AbstractProtocol init
信息: Initializing ProtocolHandler ["http-bio-8000"]
三月 23, 2018 1:45:10 下午 org.apache.coyote.AbstractProtocol init
信息: Initializing ProtocolHandler ["ajp-bio-8010"]
三月 23, 2018 1:45:10 下午 org.apache.catalina.startup.Catalina load
信息: Initialization processed in 1551 ms
三月 23, 2018 1:45:10 下午 org.apache.catalina.core.StandardService startInternal
信息: Starting service Catalina
三月 23, 2018 1:45:10 下午 org.apache.catalina.core.StandardEngine startInternal
信息: Starting Servlet Engine: Apache Tomcat/7.0.42
三月 23, 2018 1:45:10 下午 org.apache.catalina.startup.HostConfig deployDirectory
信息: Deploying web application directory F:\solr\apache-tomcat-7.0.42\webapps\docs
三月 23, 2018 1:45:11 下午 org.apache.catalina.util.SessionIdGenerator createSecureRandom
信息: Creation of SecureRandom instance for session ID generation using [SHA1PRNG] took [229] milliseconds.
三月 23, 2018 1:45:11 下午 org.apache.catalina.startup.HostConfig deployDirectory
信息: Deploying web application directory F:\solr\apache-tomcat-7.0.42\webapps\examples
三月 23, 2018 1:45:12 下午 org.apache.catalina.startup.HostConfig deployDirectory
信息: Deploying web application directory F:\solr\apache-tomcat-7.0.42\webapps\host-manager
三月 23, 2018 1:45:12 下午 org.apache.catalina.startup.HostConfig deployDirectory
信息: Deploying web application directory F:\solr\apache-tomcat-7.0.42\webapps\manager
三月 23, 2018 1:45:12 下午 org.apache.catalina.startup.HostConfig deployDirectory
信息: Deploying web application directory F:\solr\apache-tomcat-7.0.42\webapps\ROOT
三月 23, 2018 1:45:12 下午 org.apache.catalina.startup.HostConfig deployDirectory
信息: Deploying web application directory F:\solr\apache-tomcat-7.0.42\webapps\solr
三月 23, 2018 1:45:44 下午 org.apache.catalina.startup.HostConfig deployDirectory
信息: Deploying web application directory F:\solr\apache-tomcat-7.0.42\webapps\test
三月 23, 2018 1:45:44 下午 org.apache.coyote.AbstractProtocol start
信息: Starting ProtocolHandler ["http-bio-8000"]
三月 23, 2018 1:45:45 下午 org.apache.coyote.AbstractProtocol start
信息: Starting ProtocolHandler ["ajp-bio-8010"]
三月 23, 2018 1:45:45 下午 org.apache.catalina.startup.Catalina start
信息: Server startup in 34164 ms
