三月 06, 2018 12:11:32 上午 org.apache.catalina.core.AprLifecycleListener init
信息: The APR based Apache Tomcat Native library which allows optimal performance in production environments was not found on the java.library.path: C:\Program Files\Java\jdk1.7.0_67\bin;C:\Windows\Sun\Java\bin;C:\Windows\system32;C:\Windows;C:\ProgramData\Oracle\Java\javapath;C:\Program Files (x86)\Common Files\NetSarang;C:\Program Files (x86)\Intel\iCLS Client\;C:\Program Files\Intel\iCLS Client\;C:\Windows\system32;C:\Windows;C:\Windows\System32\Wbem;C:\Windows\System32\WindowsPowerShell\v1.0\;C:\Program Files (x86)\Intel\Intel(R) Management Engine Components\DAL;C:\Program Files\Intel\Intel(R) Management Engine Components\DAL;C:\Program Files (x86)\Intel\Intel(R) Management Engine Components\IPT;C:\Program Files\Intel\Intel(R) Management Engine Components\IPT;C:\Program Files\Intel\WiFi\bin\;C:\Program Files\Common Files\Intel\WirelessCommon\;C:\Program Files (x86)\NVIDIA Corporation\PhysX\Common;F:\Mysql\bin;F:\apache-maven-3.3.9\bin;C:\Program Files\Java\jdk1.8.0_121\bin;E:\BaiduNetdiskDownload\oracle\oracle.（53-55天）\oracle课件\安装介质\Oracle客户端\oracleInstanceClient\64bit\instantclient_12_1;C:\Users\17310\AppData\Local\Microsoft\WindowsApps;;.
三月 06, 2018 12:11:33 上午 org.apache.coyote.AbstractProtocol init
信息: Initializing ProtocolHandler ["http-bio-8081"]
三月 06, 2018 12:11:33 上午 org.apache.coyote.AbstractProtocol init
严重: Failed to initialize end point associated with ProtocolHandler ["http-bio-8081"]
java.net.BindException: Address already in use: JVM_Bind <null>:8081
	at org.apache.tomcat.util.net.JIoEndpoint.bind(JIoEndpoint.java:406)
	at org.apache.tomcat.util.net.AbstractEndpoint.init(AbstractEndpoint.java:610)
	at org.apache.coyote.AbstractProtocol.init(AbstractProtocol.java:429)
	at org.apache.coyote.http11.AbstractHttp11JsseProtocol.init(AbstractHttp11JsseProtocol.java:119)
	at org.apache.catalina.connector.Connector.initInternal(Connector.java:981)
	at org.apache.catalina.util.LifecycleBase.init(LifecycleBase.java:102)
	at org.apache.catalina.core.StandardService.initInternal(StandardService.java:559)
	at org.apache.catalina.util.LifecycleBase.init(LifecycleBase.java:102)
	at org.apache.catalina.core.StandardServer.initInternal(StandardServer.java:814)
	at org.apache.catalina.util.LifecycleBase.init(LifecycleBase.java:102)
	at org.apache.catalina.startup.Catalina.load(Catalina.java:640)
	at org.apache.catalina.startup.Catalina.load(Catalina.java:665)
	at sun.reflect.NativeMethodAccessorImpl.invoke0(Native Method)
	at sun.reflect.NativeMethodAccessorImpl.invoke(NativeMethodAccessorImpl.java:57)
	at sun.reflect.DelegatingMethodAccessorImpl.invoke(DelegatingMethodAccessorImpl.java:43)
	at java.lang.reflect.Method.invoke(Method.java:606)
	at org.apache.catalina.startup.Bootstrap.load(Bootstrap.java:281)
	at org.apache.catalina.startup.Bootstrap.main(Bootstrap.java:455)
Caused by: java.net.BindException: Address already in use: JVM_Bind
	at java.net.DualStackPlainSocketImpl.bind0(Native Method)
	at java.net.DualStackPlainSocketImpl.socketBind(DualStackPlainSocketImpl.java:106)
	at java.net.AbstractPlainSocketImpl.bind(AbstractPlainSocketImpl.java:376)
	at java.net.PlainSocketImpl.bind(PlainSocketImpl.java:190)
	at java.net.ServerSocket.bind(ServerSocket.java:376)
	at java.net.ServerSocket.<init>(ServerSocket.java:237)
	at java.net.ServerSocket.<init>(ServerSocket.java:181)
	at org.apache.tomcat.util.net.DefaultServerSocketFactory.createSocket(DefaultServerSocketFactory.java:49)
	at org.apache.tomcat.util.net.JIoEndpoint.bind(JIoEndpoint.java:393)
	... 17 more

三月 06, 2018 12:11:33 上午 org.apache.catalina.core.StandardService initInternal
严重: Failed to initialize connector [Connector[HTTP/1.1-8081]]
org.apache.catalina.LifecycleException: Failed to initialize component [Connector[HTTP/1.1-8081]]
	at org.apache.catalina.util.LifecycleBase.init(LifecycleBase.java:106)
	at org.apache.catalina.core.StandardService.initInternal(StandardService.java:559)
	at org.apache.catalina.util.LifecycleBase.init(LifecycleBase.java:102)
	at org.apache.catalina.core.StandardServer.initInternal(StandardServer.java:814)
	at org.apache.catalina.util.LifecycleBase.init(LifecycleBase.java:102)
	at org.apache.catalina.startup.Catalina.load(Catalina.java:640)
	at org.apache.catalina.startup.Catalina.load(Catalina.java:665)
	at sun.reflect.NativeMethodAccessorImpl.invoke0(Native Method)
	at sun.reflect.NativeMethodAccessorImpl.invoke(NativeMethodAccessorImpl.java:57)
	at sun.reflect.DelegatingMethodAccessorImpl.invoke(DelegatingMethodAccessorImpl.java:43)
	at java.lang.reflect.Method.invoke(Method.java:606)
	at org.apache.catalina.startup.Bootstrap.load(Bootstrap.java:281)
	at org.apache.catalina.startup.Bootstrap.main(Bootstrap.java:455)
Caused by: org.apache.catalina.LifecycleException: Protocol handler initialization failed
	at org.apache.catalina.connector.Connector.initInternal(Connector.java:983)
	at org.apache.catalina.util.LifecycleBase.init(LifecycleBase.java:102)
	... 12 more
Caused by: java.net.BindException: Address already in use: JVM_Bind <null>:8081
	at org.apache.tomcat.util.net.JIoEndpoint.bind(JIoEndpoint.java:406)
	at org.apache.tomcat.util.net.AbstractEndpoint.init(AbstractEndpoint.java:610)
	at org.apache.coyote.AbstractProtocol.init(AbstractProtocol.java:429)
	at org.apache.coyote.http11.AbstractHttp11JsseProtocol.init(AbstractHttp11JsseProtocol.java:119)
	at org.apache.catalina.connector.Connector.initInternal(Connector.java:981)
	... 13 more
Caused by: java.net.BindException: Address already in use: JVM_Bind
	at java.net.DualStackPlainSocketImpl.bind0(Native Method)
	at java.net.DualStackPlainSocketImpl.socketBind(DualStackPlainSocketImpl.java:106)
	at java.net.AbstractPlainSocketImpl.bind(AbstractPlainSocketImpl.java:376)
	at java.net.PlainSocketImpl.bind(PlainSocketImpl.java:190)
	at java.net.ServerSocket.bind(ServerSocket.java:376)
	at java.net.ServerSocket.<init>(ServerSocket.java:237)
	at java.net.ServerSocket.<init>(ServerSocket.java:181)
	at org.apache.tomcat.util.net.DefaultServerSocketFactory.createSocket(DefaultServerSocketFactory.java:49)
	at org.apache.tomcat.util.net.JIoEndpoint.bind(JIoEndpoint.java:393)
	... 17 more

三月 06, 2018 12:11:33 上午 org.apache.coyote.AbstractProtocol init
信息: Initializing ProtocolHandler ["ajp-bio-8010"]
三月 06, 2018 12:11:33 上午 org.apache.catalina.startup.Catalina load
信息: Initialization processed in 436 ms
三月 06, 2018 12:11:33 上午 org.apache.catalina.core.StandardService startInternal
信息: Starting service Catalina
三月 06, 2018 12:11:33 上午 org.apache.catalina.core.StandardEngine startInternal
信息: Starting Servlet Engine: Apache Tomcat/7.0.42
三月 06, 2018 12:11:33 上午 org.apache.catalina.startup.HostConfig deployDirectory
信息: Deploying web application directory F:\solr\apache-tomcat-7.0.42\webapps\docs
三月 06, 2018 12:11:33 上午 org.apache.catalina.util.SessionIdGenerator createSecureRandom
信息: Creation of SecureRandom instance for session ID generation using [SHA1PRNG] took [168] milliseconds.
三月 06, 2018 12:11:33 上午 org.apache.catalina.startup.HostConfig deployDirectory
信息: Deploying web application directory F:\solr\apache-tomcat-7.0.42\webapps\examples
三月 06, 2018 12:11:33 上午 org.apache.catalina.startup.HostConfig deployDirectory
信息: Deploying web application directory F:\solr\apache-tomcat-7.0.42\webapps\host-manager
三月 06, 2018 12:11:33 上午 org.apache.catalina.startup.HostConfig deployDirectory
信息: Deploying web application directory F:\solr\apache-tomcat-7.0.42\webapps\manager
三月 06, 2018 12:11:33 上午 org.apache.catalina.startup.HostConfig deployDirectory
信息: Deploying web application directory F:\solr\apache-tomcat-7.0.42\webapps\ROOT
三月 06, 2018 12:11:33 上午 org.apache.catalina.startup.HostConfig deployDirectory
信息: Deploying web application directory F:\solr\apache-tomcat-7.0.42\webapps\solr
三月 06, 2018 12:11:41 上午 org.apache.catalina.core.AprLifecycleListener init
信息: The APR based Apache Tomcat Native library which allows optimal performance in production environments was not found on the java.library.path: C:\Program Files\Java\jdk1.7.0_67\bin;C:\Windows\Sun\Java\bin;C:\Windows\system32;C:\Windows;C:\ProgramData\Oracle\Java\javapath;C:\Program Files (x86)\Common Files\NetSarang;C:\Program Files (x86)\Intel\iCLS Client\;C:\Program Files\Intel\iCLS Client\;C:\Windows\system32;C:\Windows;C:\Windows\System32\Wbem;C:\Windows\System32\WindowsPowerShell\v1.0\;C:\Program Files (x86)\Intel\Intel(R) Management Engine Components\DAL;C:\Program Files\Intel\Intel(R) Management Engine Components\DAL;C:\Program Files (x86)\Intel\Intel(R) Management Engine Components\IPT;C:\Program Files\Intel\Intel(R) Management Engine Components\IPT;C:\Program Files\Intel\WiFi\bin\;C:\Program Files\Common Files\Intel\WirelessCommon\;C:\Program Files (x86)\NVIDIA Corporation\PhysX\Common;F:\Mysql\bin;F:\apache-maven-3.3.9\bin;C:\Program Files\Java\jdk1.8.0_121\bin;E:\BaiduNetdiskDownload\oracle\oracle.（53-55天）\oracle课件\安装介质\Oracle客户端\oracleInstanceClient\64bit\instantclient_12_1;C:\Users\17310\AppData\Local\Microsoft\WindowsApps;;.
三月 06, 2018 12:11:42 上午 org.apache.coyote.AbstractProtocol init
信息: Initializing ProtocolHandler ["http-bio-8081"]
三月 06, 2018 12:11:42 上午 org.apache.coyote.AbstractProtocol init
严重: Failed to initialize end point associated with ProtocolHandler ["http-bio-8081"]
java.net.BindException: Address already in use: JVM_Bind <null>:8081
	at org.apache.tomcat.util.net.JIoEndpoint.bind(JIoEndpoint.java:406)
	at org.apache.tomcat.util.net.AbstractEndpoint.init(AbstractEndpoint.java:610)
	at org.apache.coyote.AbstractProtocol.init(AbstractProtocol.java:429)
	at org.apache.coyote.http11.AbstractHttp11JsseProtocol.init(AbstractHttp11JsseProtocol.java:119)
	at org.apache.catalina.connector.Connector.initInternal(Connector.java:981)
	at org.apache.catalina.util.LifecycleBase.init(LifecycleBase.java:102)
	at org.apache.catalina.core.StandardService.initInternal(StandardService.java:559)
	at org.apache.catalina.util.LifecycleBase.init(LifecycleBase.java:102)
	at org.apache.catalina.core.StandardServer.initInternal(StandardServer.java:814)
	at org.apache.catalina.util.LifecycleBase.init(LifecycleBase.java:102)
	at org.apache.catalina.startup.Catalina.load(Catalina.java:640)
	at org.apache.catalina.startup.Catalina.load(Catalina.java:665)
	at sun.reflect.NativeMethodAccessorImpl.invoke0(Native Method)
	at sun.reflect.NativeMethodAccessorImpl.invoke(NativeMethodAccessorImpl.java:57)
	at sun.reflect.DelegatingMethodAccessorImpl.invoke(DelegatingMethodAccessorImpl.java:43)
	at java.lang.reflect.Method.invoke(Method.java:606)
	at org.apache.catalina.startup.Bootstrap.load(Bootstrap.java:281)
	at org.apache.catalina.startup.Bootstrap.main(Bootstrap.java:455)
Caused by: java.net.BindException: Address already in use: JVM_Bind
	at java.net.DualStackPlainSocketImpl.bind0(Native Method)
	at java.net.DualStackPlainSocketImpl.socketBind(DualStackPlainSocketImpl.java:106)
	at java.net.AbstractPlainSocketImpl.bind(AbstractPlainSocketImpl.java:376)
	at java.net.PlainSocketImpl.bind(PlainSocketImpl.java:190)
	at java.net.ServerSocket.bind(ServerSocket.java:376)
	at java.net.ServerSocket.<init>(ServerSocket.java:237)
	at java.net.ServerSocket.<init>(ServerSocket.java:181)
	at org.apache.tomcat.util.net.DefaultServerSocketFactory.createSocket(DefaultServerSocketFactory.java:49)
	at org.apache.tomcat.util.net.JIoEndpoint.bind(JIoEndpoint.java:393)
	... 17 more

三月 06, 2018 12:11:42 上午 org.apache.catalina.core.StandardService initInternal
严重: Failed to initialize connector [Connector[HTTP/1.1-8081]]
org.apache.catalina.LifecycleException: Failed to initialize component [Connector[HTTP/1.1-8081]]
	at org.apache.catalina.util.LifecycleBase.init(LifecycleBase.java:106)
	at org.apache.catalina.core.StandardService.initInternal(StandardService.java:559)
	at org.apache.catalina.util.LifecycleBase.init(LifecycleBase.java:102)
	at org.apache.catalina.core.StandardServer.initInternal(StandardServer.java:814)
	at org.apache.catalina.util.LifecycleBase.init(LifecycleBase.java:102)
	at org.apache.catalina.startup.Catalina.load(Catalina.java:640)
	at org.apache.catalina.startup.Catalina.load(Catalina.java:665)
	at sun.reflect.NativeMethodAccessorImpl.invoke0(Native Method)
	at sun.reflect.NativeMethodAccessorImpl.invoke(NativeMethodAccessorImpl.java:57)
	at sun.reflect.DelegatingMethodAccessorImpl.invoke(DelegatingMethodAccessorImpl.java:43)
	at java.lang.reflect.Method.invoke(Method.java:606)
	at org.apache.catalina.startup.Bootstrap.load(Bootstrap.java:281)
	at org.apache.catalina.startup.Bootstrap.main(Bootstrap.java:455)
Caused by: org.apache.catalina.LifecycleException: Protocol handler initialization failed
	at org.apache.catalina.connector.Connector.initInternal(Connector.java:983)
	at org.apache.catalina.util.LifecycleBase.init(LifecycleBase.java:102)
	... 12 more
Caused by: java.net.BindException: Address already in use: JVM_Bind <null>:8081
	at org.apache.tomcat.util.net.JIoEndpoint.bind(JIoEndpoint.java:406)
	at org.apache.tomcat.util.net.AbstractEndpoint.init(AbstractEndpoint.java:610)
	at org.apache.coyote.AbstractProtocol.init(AbstractProtocol.java:429)
	at org.apache.coyote.http11.AbstractHttp11JsseProtocol.init(AbstractHttp11JsseProtocol.java:119)
	at org.apache.catalina.connector.Connector.initInternal(Connector.java:981)
	... 13 more
Caused by: java.net.BindException: Address already in use: JVM_Bind
	at java.net.DualStackPlainSocketImpl.bind0(Native Method)
	at java.net.DualStackPlainSocketImpl.socketBind(DualStackPlainSocketImpl.java:106)
	at java.net.AbstractPlainSocketImpl.bind(AbstractPlainSocketImpl.java:376)
	at java.net.PlainSocketImpl.bind(PlainSocketImpl.java:190)
	at java.net.ServerSocket.bind(ServerSocket.java:376)
	at java.net.ServerSocket.<init>(ServerSocket.java:237)
	at java.net.ServerSocket.<init>(ServerSocket.java:181)
	at org.apache.tomcat.util.net.DefaultServerSocketFactory.createSocket(DefaultServerSocketFactory.java:49)
	at org.apache.tomcat.util.net.JIoEndpoint.bind(JIoEndpoint.java:393)
	... 17 more

三月 06, 2018 12:11:42 上午 org.apache.coyote.AbstractProtocol init
信息: Initializing ProtocolHandler ["ajp-bio-8010"]
三月 06, 2018 12:11:42 上午 org.apache.catalina.startup.Catalina load
信息: Initialization processed in 422 ms
三月 06, 2018 12:11:42 上午 org.apache.catalina.core.StandardService startInternal
信息: Starting service Catalina
三月 06, 2018 12:11:42 上午 org.apache.catalina.core.StandardEngine startInternal
信息: Starting Servlet Engine: Apache Tomcat/7.0.42
三月 06, 2018 12:11:42 上午 org.apache.catalina.startup.HostConfig deployDirectory
信息: Deploying web application directory F:\solr\apache-tomcat-7.0.42\webapps\docs
三月 06, 2018 12:11:42 上午 org.apache.catalina.util.SessionIdGenerator createSecureRandom
信息: Creation of SecureRandom instance for session ID generation using [SHA1PRNG] took [157] milliseconds.
三月 06, 2018 12:11:42 上午 org.apache.catalina.startup.HostConfig deployDirectory
信息: Deploying web application directory F:\solr\apache-tomcat-7.0.42\webapps\examples
三月 06, 2018 12:11:42 上午 org.apache.catalina.startup.HostConfig deployDirectory
信息: Deploying web application directory F:\solr\apache-tomcat-7.0.42\webapps\host-manager
三月 06, 2018 12:11:42 上午 org.apache.catalina.startup.HostConfig deployDirectory
信息: Deploying web application directory F:\solr\apache-tomcat-7.0.42\webapps\manager
三月 06, 2018 12:11:42 上午 org.apache.catalina.startup.HostConfig deployDirectory
信息: Deploying web application directory F:\solr\apache-tomcat-7.0.42\webapps\ROOT
三月 06, 2018 12:11:42 上午 org.apache.catalina.startup.HostConfig deployDirectory
信息: Deploying web application directory F:\solr\apache-tomcat-7.0.42\webapps\solr
三月 06, 2018 12:11:57 上午 org.apache.catalina.core.AprLifecycleListener init
信息: The APR based Apache Tomcat Native library which allows optimal performance in production environments was not found on the java.library.path: C:\Program Files\Java\jdk1.7.0_67\bin;C:\Windows\Sun\Java\bin;C:\Windows\system32;C:\Windows;C:\ProgramData\Oracle\Java\javapath;C:\Program Files (x86)\Common Files\NetSarang;C:\Program Files (x86)\Intel\iCLS Client\;C:\Program Files\Intel\iCLS Client\;C:\Windows\system32;C:\Windows;C:\Windows\System32\Wbem;C:\Windows\System32\WindowsPowerShell\v1.0\;C:\Program Files (x86)\Intel\Intel(R) Management Engine Components\DAL;C:\Program Files\Intel\Intel(R) Management Engine Components\DAL;C:\Program Files (x86)\Intel\Intel(R) Management Engine Components\IPT;C:\Program Files\Intel\Intel(R) Management Engine Components\IPT;C:\Program Files\Intel\WiFi\bin\;C:\Program Files\Common Files\Intel\WirelessCommon\;C:\Program Files (x86)\NVIDIA Corporation\PhysX\Common;F:\Mysql\bin;F:\apache-maven-3.3.9\bin;C:\Program Files\Java\jdk1.8.0_121\bin;E:\BaiduNetdiskDownload\oracle\oracle.（53-55天）\oracle课件\安装介质\Oracle客户端\oracleInstanceClient\64bit\instantclient_12_1;C:\Users\17310\AppData\Local\Microsoft\WindowsApps;;.
三月 06, 2018 12:11:57 上午 org.apache.coyote.AbstractProtocol init
信息: Initializing ProtocolHandler ["http-bio-8081"]
三月 06, 2018 12:11:57 上午 org.apache.coyote.AbstractProtocol init
信息: Initializing ProtocolHandler ["ajp-bio-8010"]
三月 06, 2018 12:11:57 上午 org.apache.catalina.startup.Catalina load
信息: Initialization processed in 419 ms
三月 06, 2018 12:11:57 上午 org.apache.catalina.core.StandardService startInternal
信息: Starting service Catalina
三月 06, 2018 12:11:57 上午 org.apache.catalina.core.StandardEngine startInternal
信息: Starting Servlet Engine: Apache Tomcat/7.0.42
三月 06, 2018 12:11:57 上午 org.apache.catalina.startup.HostConfig deployDirectory
信息: Deploying web application directory F:\solr\apache-tomcat-7.0.42\webapps\docs
三月 06, 2018 12:11:58 上午 org.apache.catalina.util.SessionIdGenerator createSecureRandom
信息: Creation of SecureRandom instance for session ID generation using [SHA1PRNG] took [160] milliseconds.
三月 06, 2018 12:11:58 上午 org.apache.catalina.startup.HostConfig deployDirectory
信息: Deploying web application directory F:\solr\apache-tomcat-7.0.42\webapps\examples
三月 06, 2018 12:11:58 上午 org.apache.catalina.startup.HostConfig deployDirectory
信息: Deploying web application directory F:\solr\apache-tomcat-7.0.42\webapps\host-manager
三月 06, 2018 12:11:58 上午 org.apache.catalina.startup.HostConfig deployDirectory
信息: Deploying web application directory F:\solr\apache-tomcat-7.0.42\webapps\manager
三月 06, 2018 12:11:58 上午 org.apache.catalina.startup.HostConfig deployDirectory
信息: Deploying web application directory F:\solr\apache-tomcat-7.0.42\webapps\ROOT
三月 06, 2018 12:11:58 上午 org.apache.catalina.startup.HostConfig deployDirectory
信息: Deploying web application directory F:\solr\apache-tomcat-7.0.42\webapps\solr
三月 06, 2018 12:12:18 上午 org.apache.catalina.startup.HostConfig deployDirectory
信息: Deploying web application directory F:\solr\apache-tomcat-7.0.42\webapps\test
三月 06, 2018 12:13:33 上午 org.apache.catalina.core.AprLifecycleListener init
信息: The APR based Apache Tomcat Native library which allows optimal performance in production environments was not found on the java.library.path: C:\Program Files\Java\jdk1.7.0_67\bin;C:\Windows\Sun\Java\bin;C:\Windows\system32;C:\Windows;C:\ProgramData\Oracle\Java\javapath;C:\Program Files (x86)\Common Files\NetSarang;C:\Program Files (x86)\Intel\iCLS Client\;C:\Program Files\Intel\iCLS Client\;C:\Windows\system32;C:\Windows;C:\Windows\System32\Wbem;C:\Windows\System32\WindowsPowerShell\v1.0\;C:\Program Files (x86)\Intel\Intel(R) Management Engine Components\DAL;C:\Program Files\Intel\Intel(R) Management Engine Components\DAL;C:\Program Files (x86)\Intel\Intel(R) Management Engine Components\IPT;C:\Program Files\Intel\Intel(R) Management Engine Components\IPT;C:\Program Files\Intel\WiFi\bin\;C:\Program Files\Common Files\Intel\WirelessCommon\;C:\Program Files (x86)\NVIDIA Corporation\PhysX\Common;F:\Mysql\bin;F:\apache-maven-3.3.9\bin;C:\Program Files\Java\jdk1.8.0_121\bin;E:\BaiduNetdiskDownload\oracle\oracle.（53-55天）\oracle课件\安装介质\Oracle客户端\oracleInstanceClient\64bit\instantclient_12_1;C:\Users\17310\AppData\Local\Microsoft\WindowsApps;;.
三月 06, 2018 12:13:33 上午 org.apache.coyote.AbstractProtocol init
信息: Initializing ProtocolHandler ["http-bio-8081"]
三月 06, 2018 12:13:33 上午 org.apache.coyote.AbstractProtocol init
信息: Initializing ProtocolHandler ["ajp-bio-8010"]
三月 06, 2018 12:13:33 上午 org.apache.catalina.startup.Catalina load
信息: Initialization processed in 422 ms
三月 06, 2018 12:13:33 上午 org.apache.catalina.core.StandardService startInternal
信息: Starting service Catalina
三月 06, 2018 12:13:33 上午 org.apache.catalina.core.StandardEngine startInternal
信息: Starting Servlet Engine: Apache Tomcat/7.0.42
三月 06, 2018 12:13:33 上午 org.apache.catalina.startup.HostConfig deployDirectory
信息: Deploying web application directory F:\solr\apache-tomcat-7.0.42\webapps\docs
三月 06, 2018 12:13:34 上午 org.apache.catalina.util.SessionIdGenerator createSecureRandom
信息: Creation of SecureRandom instance for session ID generation using [SHA1PRNG] took [163] milliseconds.
三月 06, 2018 12:13:34 上午 org.apache.catalina.startup.HostConfig deployDirectory
信息: Deploying web application directory F:\solr\apache-tomcat-7.0.42\webapps\examples
三月 06, 2018 12:13:34 上午 org.apache.catalina.startup.HostConfig deployDirectory
信息: Deploying web application directory F:\solr\apache-tomcat-7.0.42\webapps\host-manager
三月 06, 2018 12:13:34 上午 org.apache.catalina.startup.HostConfig deployDirectory
信息: Deploying web application directory F:\solr\apache-tomcat-7.0.42\webapps\manager
三月 06, 2018 12:13:34 上午 org.apache.catalina.startup.HostConfig deployDirectory
信息: Deploying web application directory F:\solr\apache-tomcat-7.0.42\webapps\ROOT
三月 06, 2018 12:13:34 上午 org.apache.catalina.startup.HostConfig deployDirectory
信息: Deploying web application directory F:\solr\apache-tomcat-7.0.42\webapps\solr
三月 06, 2018 12:13:54 上午 org.apache.catalina.startup.HostConfig deployDirectory
信息: Deploying web application directory F:\solr\apache-tomcat-7.0.42\webapps\test
三月 06, 2018 12:13:54 上午 org.apache.coyote.AbstractProtocol start
信息: Starting ProtocolHandler ["http-bio-8081"]
三月 06, 2018 12:13:54 上午 org.apache.coyote.AbstractProtocol start
信息: Starting ProtocolHandler ["ajp-bio-8010"]
三月 06, 2018 12:13:54 上午 org.apache.catalina.startup.Catalina start
信息: Server startup in 20988 ms
三月 06, 2018 2:04:23 上午 org.apache.catalina.core.AprLifecycleListener init
信息: The APR based Apache Tomcat Native library which allows optimal performance in production environments was not found on the java.library.path: C:\Program Files\Java\jdk1.7.0_67\bin;C:\Windows\Sun\Java\bin;C:\Windows\system32;C:\Windows;C:\ProgramData\Oracle\Java\javapath;C:\Program Files (x86)\Common Files\NetSarang;C:\Program Files (x86)\Intel\iCLS Client\;C:\Program Files\Intel\iCLS Client\;C:\Windows\system32;C:\Windows;C:\Windows\System32\Wbem;C:\Windows\System32\WindowsPowerShell\v1.0\;C:\Program Files (x86)\Intel\Intel(R) Management Engine Components\DAL;C:\Program Files\Intel\Intel(R) Management Engine Components\DAL;C:\Program Files (x86)\Intel\Intel(R) Management Engine Components\IPT;C:\Program Files\Intel\Intel(R) Management Engine Components\IPT;C:\Program Files\Intel\WiFi\bin\;C:\Program Files\Common Files\Intel\WirelessCommon\;C:\Program Files (x86)\NVIDIA Corporation\PhysX\Common;F:\Mysql\bin;F:\apache-maven-3.3.9\bin;C:\Program Files\Java\jdk1.8.0_121\bin;E:\BaiduNetdiskDownload\oracle\oracle.（53-55天）\oracle课件\安装介质\Oracle客户端\oracleInstanceClient\64bit\instantclient_12_1;C:\Users\17310\AppData\Local\Microsoft\WindowsApps;;.
三月 06, 2018 2:04:23 上午 org.apache.coyote.AbstractProtocol init
信息: Initializing ProtocolHandler ["http-bio-8081"]
三月 06, 2018 2:04:23 上午 org.apache.coyote.AbstractProtocol init
信息: Initializing ProtocolHandler ["ajp-bio-8010"]
三月 06, 2018 2:04:23 上午 org.apache.catalina.startup.Catalina load
信息: Initialization processed in 417 ms
三月 06, 2018 2:04:23 上午 org.apache.catalina.core.StandardService startInternal
信息: Starting service Catalina
三月 06, 2018 2:04:23 上午 org.apache.catalina.core.StandardEngine startInternal
信息: Starting Servlet Engine: Apache Tomcat/7.0.42
三月 06, 2018 2:04:23 上午 org.apache.catalina.startup.HostConfig deployDirectory
信息: Deploying web application directory F:\solr\apache-tomcat-7.0.42\webapps\docs
三月 06, 2018 2:04:23 上午 org.apache.catalina.util.SessionIdGenerator createSecureRandom
信息: Creation of SecureRandom instance for session ID generation using [SHA1PRNG] took [167] milliseconds.
三月 06, 2018 2:04:23 上午 org.apache.catalina.startup.HostConfig deployDirectory
信息: Deploying web application directory F:\solr\apache-tomcat-7.0.42\webapps\examples
三月 06, 2018 2:04:23 上午 org.apache.catalina.startup.HostConfig deployDirectory
信息: Deploying web application directory F:\solr\apache-tomcat-7.0.42\webapps\host-manager
三月 06, 2018 2:04:23 上午 org.apache.catalina.startup.HostConfig deployDirectory
信息: Deploying web application directory F:\solr\apache-tomcat-7.0.42\webapps\manager
三月 06, 2018 2:04:24 上午 org.apache.catalina.startup.HostConfig deployDirectory
信息: Deploying web application directory F:\solr\apache-tomcat-7.0.42\webapps\ROOT
三月 06, 2018 2:04:24 上午 org.apache.catalina.startup.HostConfig deployDirectory
信息: Deploying web application directory F:\solr\apache-tomcat-7.0.42\webapps\solr
三月 06, 2018 2:04:26 上午 org.apache.catalina.startup.HostConfig deployDirectory
信息: Deploying web application directory F:\solr\apache-tomcat-7.0.42\webapps\test
三月 06, 2018 2:04:26 上午 org.apache.coyote.AbstractProtocol start
信息: Starting ProtocolHandler ["http-bio-8081"]
三月 06, 2018 2:04:26 上午 org.apache.coyote.AbstractProtocol start
信息: Starting ProtocolHandler ["ajp-bio-8010"]
三月 06, 2018 2:04:26 上午 org.apache.catalina.startup.Catalina start
信息: Server startup in 2923 ms
三月 06, 2018 10:57:16 上午 org.apache.catalina.core.AprLifecycleListener init
信息: The APR based Apache Tomcat Native library which allows optimal performance in production environments was not found on the java.library.path: C:\Program Files\Java\jdk1.7.0_67\bin;C:\Windows\Sun\Java\bin;C:\Windows\system32;C:\Windows;C:\ProgramData\Oracle\Java\javapath;C:\Program Files (x86)\Common Files\NetSarang;C:\Program Files (x86)\Intel\iCLS Client\;C:\Program Files\Intel\iCLS Client\;C:\Windows\system32;C:\Windows;C:\Windows\System32\Wbem;C:\Windows\System32\WindowsPowerShell\v1.0\;C:\Program Files (x86)\Intel\Intel(R) Management Engine Components\DAL;C:\Program Files\Intel\Intel(R) Management Engine Components\DAL;C:\Program Files (x86)\Intel\Intel(R) Management Engine Components\IPT;C:\Program Files\Intel\Intel(R) Management Engine Components\IPT;C:\Program Files\Intel\WiFi\bin\;C:\Program Files\Common Files\Intel\WirelessCommon\;C:\Program Files (x86)\NVIDIA Corporation\PhysX\Common;F:\Mysql\bin;F:\apache-maven-3.3.9\bin;C:\Program Files\Java\jdk1.8.0_121\bin;E:\BaiduNetdiskDownload\oracle\oracle.（53-55天）\oracle课件\安装介质\Oracle客户端\oracleInstanceClient\64bit\instantclient_12_1;C:\Users\17310\AppData\Local\Microsoft\WindowsApps;;.
三月 06, 2018 10:57:17 上午 org.apache.coyote.AbstractProtocol init
信息: Initializing ProtocolHandler ["http-bio-8081"]
三月 06, 2018 10:57:17 上午 org.apache.coyote.AbstractProtocol init
信息: Initializing ProtocolHandler ["ajp-bio-8010"]
三月 06, 2018 10:57:17 上午 org.apache.catalina.startup.Catalina load
信息: Initialization processed in 510 ms
三月 06, 2018 10:57:17 上午 org.apache.catalina.core.StandardService startInternal
信息: Starting service Catalina
三月 06, 2018 10:57:17 上午 org.apache.catalina.core.StandardEngine startInternal
信息: Starting Servlet Engine: Apache Tomcat/7.0.42
三月 06, 2018 10:57:17 上午 org.apache.catalina.startup.HostConfig deployDirectory
信息: Deploying web application directory F:\solr\apache-tomcat-7.0.42\webapps\docs
三月 06, 2018 10:57:17 上午 org.apache.catalina.util.SessionIdGenerator createSecureRandom
信息: Creation of SecureRandom instance for session ID generation using [SHA1PRNG] took [171] milliseconds.
三月 06, 2018 10:57:17 上午 org.apache.catalina.startup.HostConfig deployDirectory
信息: Deploying web application directory F:\solr\apache-tomcat-7.0.42\webapps\examples
三月 06, 2018 10:57:17 上午 org.apache.catalina.startup.HostConfig deployDirectory
信息: Deploying web application directory F:\solr\apache-tomcat-7.0.42\webapps\host-manager
三月 06, 2018 10:57:17 上午 org.apache.catalina.startup.HostConfig deployDirectory
信息: Deploying web application directory F:\solr\apache-tomcat-7.0.42\webapps\manager
三月 06, 2018 10:57:17 上午 org.apache.catalina.startup.HostConfig deployDirectory
信息: Deploying web application directory F:\solr\apache-tomcat-7.0.42\webapps\ROOT
三月 06, 2018 10:57:17 上午 org.apache.catalina.startup.HostConfig deployDirectory
信息: Deploying web application directory F:\solr\apache-tomcat-7.0.42\webapps\solr
三月 06, 2018 10:57:21 上午 org.apache.catalina.startup.HostConfig deployDirectory
信息: Deploying web application directory F:\solr\apache-tomcat-7.0.42\webapps\test
三月 06, 2018 10:57:21 上午 org.apache.coyote.AbstractProtocol start
信息: Starting ProtocolHandler ["http-bio-8081"]
三月 06, 2018 10:57:21 上午 org.apache.coyote.AbstractProtocol start
信息: Starting ProtocolHandler ["ajp-bio-8010"]
三月 06, 2018 10:57:21 上午 org.apache.catalina.startup.Catalina start
信息: Server startup in 4445 ms
三月 06, 2018 1:25:57 下午 org.apache.catalina.core.AprLifecycleListener init
信息: The APR based Apache Tomcat Native library which allows optimal performance in production environments was not found on the java.library.path: C:\Program Files\Java\jdk1.7.0_67\bin;C:\Windows\Sun\Java\bin;C:\Windows\system32;C:\Windows;C:\ProgramData\Oracle\Java\javapath;C:\Program Files (x86)\Common Files\NetSarang;C:\Program Files (x86)\Intel\iCLS Client\;C:\Program Files\Intel\iCLS Client\;C:\Windows\system32;C:\Windows;C:\Windows\System32\Wbem;C:\Windows\System32\WindowsPowerShell\v1.0\;C:\Program Files (x86)\Intel\Intel(R) Management Engine Components\DAL;C:\Program Files\Intel\Intel(R) Management Engine Components\DAL;C:\Program Files (x86)\Intel\Intel(R) Management Engine Components\IPT;C:\Program Files\Intel\Intel(R) Management Engine Components\IPT;C:\Program Files\Intel\WiFi\bin\;C:\Program Files\Common Files\Intel\WirelessCommon\;C:\Program Files (x86)\NVIDIA Corporation\PhysX\Common;F:\Mysql\bin;F:\apache-maven-3.3.9\bin;C:\Program Files\Java\jdk1.8.0_121\bin;E:\BaiduNetdiskDownload\oracle\oracle.（53-55天）\oracle课件\安装介质\Oracle客户端\oracleInstanceClient\64bit\instantclient_12_1;C:\Users\17310\AppData\Local\Microsoft\WindowsApps;;.
三月 06, 2018 1:25:58 下午 org.apache.coyote.AbstractProtocol init
信息: Initializing ProtocolHandler ["http-bio-8081"]
三月 06, 2018 1:25:58 下午 org.apache.coyote.AbstractProtocol init
信息: Initializing ProtocolHandler ["ajp-bio-8010"]
三月 06, 2018 1:25:58 下午 org.apache.catalina.startup.Catalina load
信息: Initialization processed in 1940 ms
三月 06, 2018 1:25:58 下午 org.apache.catalina.core.StandardService startInternal
信息: Starting service Catalina
三月 06, 2018 1:25:59 下午 org.apache.catalina.core.StandardEngine startInternal
信息: Starting Servlet Engine: Apache Tomcat/7.0.42
三月 06, 2018 1:25:59 下午 org.apache.catalina.startup.HostConfig deployDirectory
信息: Deploying web application directory F:\solr\apache-tomcat-7.0.42\webapps\docs
三月 06, 2018 1:25:59 下午 org.apache.catalina.core.AprLifecycleListener init
信息: The APR based Apache Tomcat Native library which allows optimal performance in production environments was not found on the java.library.path: C:\Program Files\Java\jdk1.7.0_67\bin;C:\Windows\Sun\Java\bin;C:\Windows\system32;C:\Windows;C:\ProgramData\Oracle\Java\javapath;C:\Program Files (x86)\Common Files\NetSarang;C:\Program Files (x86)\Intel\iCLS Client\;C:\Program Files\Intel\iCLS Client\;C:\Windows\system32;C:\Windows;C:\Windows\System32\Wbem;C:\Windows\System32\WindowsPowerShell\v1.0\;C:\Program Files (x86)\Intel\Intel(R) Management Engine Components\DAL;C:\Program Files\Intel\Intel(R) Management Engine Components\DAL;C:\Program Files (x86)\Intel\Intel(R) Management Engine Components\IPT;C:\Program Files\Intel\Intel(R) Management Engine Components\IPT;C:\Program Files\Intel\WiFi\bin\;C:\Program Files\Common Files\Intel\WirelessCommon\;C:\Program Files (x86)\NVIDIA Corporation\PhysX\Common;F:\Mysql\bin;F:\apache-maven-3.3.9\bin;C:\Program Files\Java\jdk1.8.0_121\bin;E:\BaiduNetdiskDownload\oracle\oracle.（53-55天）\oracle课件\安装介质\Oracle客户端\oracleInstanceClient\64bit\instantclient_12_1;C:\Users\17310\AppData\Local\Microsoft\WindowsApps;;.
三月 06, 2018 1:26:00 下午 org.apache.catalina.util.SessionIdGenerator createSecureRandom
信息: Creation of SecureRandom instance for session ID generation using [SHA1PRNG] took [259] milliseconds.
三月 06, 2018 1:26:00 下午 org.apache.catalina.startup.HostConfig deployDirectory
信息: Deploying web application directory F:\solr\apache-tomcat-7.0.42\webapps\examples
三月 06, 2018 1:26:00 下午 org.apache.catalina.startup.HostConfig deployDirectory
信息: Deploying web application directory F:\solr\apache-tomcat-7.0.42\webapps\host-manager
三月 06, 2018 1:26:00 下午 org.apache.catalina.startup.HostConfig deployDirectory
信息: Deploying web application directory F:\solr\apache-tomcat-7.0.42\webapps\manager
三月 06, 2018 1:26:00 下午 org.apache.catalina.startup.HostConfig deployDirectory
信息: Deploying web application directory F:\solr\apache-tomcat-7.0.42\webapps\ROOT
三月 06, 2018 1:26:00 下午 org.apache.catalina.startup.HostConfig deployDirectory
信息: Deploying web application directory F:\solr\apache-tomcat-7.0.42\webapps\solr
三月 06, 2018 1:26:23 下午 org.apache.catalina.startup.HostConfig deployDirectory
信息: Deploying web application directory F:\solr\apache-tomcat-7.0.42\webapps\test
三月 06, 2018 1:26:23 下午 org.apache.coyote.AbstractProtocol start
信息: Starting ProtocolHandler ["http-bio-8081"]
三月 06, 2018 1:26:23 下午 org.apache.coyote.AbstractProtocol start
信息: Starting ProtocolHandler ["ajp-bio-8010"]
三月 06, 2018 1:26:23 下午 org.apache.catalina.startup.Catalina start
信息: Server startup in 24996 ms
三月 06, 2018 1:45:17 下午 org.apache.catalina.core.AprLifecycleListener init
信息: The APR based Apache Tomcat Native library which allows optimal performance in production environments was not found on the java.library.path: C:\Program Files\Java\jdk1.7.0_67\bin;C:\Windows\Sun\Java\bin;C:\Windows\system32;C:\Windows;C:\ProgramData\Oracle\Java\javapath;C:\Program Files (x86)\Common Files\NetSarang;C:\Program Files (x86)\Intel\iCLS Client\;C:\Program Files\Intel\iCLS Client\;C:\Windows\system32;C:\Windows;C:\Windows\System32\Wbem;C:\Windows\System32\WindowsPowerShell\v1.0\;C:\Program Files (x86)\Intel\Intel(R) Management Engine Components\DAL;C:\Program Files\Intel\Intel(R) Management Engine Components\DAL;C:\Program Files (x86)\Intel\Intel(R) Management Engine Components\IPT;C:\Program Files\Intel\Intel(R) Management Engine Components\IPT;C:\Program Files\Intel\WiFi\bin\;C:\Program Files\Common Files\Intel\WirelessCommon\;C:\Program Files (x86)\NVIDIA Corporation\PhysX\Common;F:\Mysql\bin;F:\apache-maven-3.3.9\bin;C:\Program Files\Java\jdk1.8.0_121\bin;E:\BaiduNetdiskDownload\oracle\oracle.（53-55天）\oracle课件\安装介质\Oracle客户端\oracleInstanceClient\64bit\instantclient_12_1;C:\Users\17310\AppData\Local\Microsoft\WindowsApps;;.
三月 06, 2018 1:45:18 下午 org.apache.coyote.AbstractProtocol init
信息: Initializing ProtocolHandler ["http-bio-8081"]
三月 06, 2018 1:45:18 下午 org.apache.coyote.AbstractProtocol init
信息: Initializing ProtocolHandler ["ajp-bio-8010"]
三月 06, 2018 1:45:18 下午 org.apache.catalina.startup.Catalina load
信息: Initialization processed in 425 ms
三月 06, 2018 1:45:18 下午 org.apache.catalina.core.StandardService startInternal
信息: Starting service Catalina
三月 06, 2018 1:45:18 下午 org.apache.catalina.core.StandardEngine startInternal
信息: Starting Servlet Engine: Apache Tomcat/7.0.42
三月 06, 2018 1:45:18 下午 org.apache.catalina.startup.HostConfig deployDirectory
信息: Deploying web application directory F:\solr\apache-tomcat-7.0.42\webapps\docs
三月 06, 2018 1:45:18 下午 org.apache.catalina.util.SessionIdGenerator createSecureRandom
信息: Creation of SecureRandom instance for session ID generation using [SHA1PRNG] took [172] milliseconds.
三月 06, 2018 1:45:18 下午 org.apache.catalina.startup.HostConfig deployDirectory
信息: Deploying web application directory F:\solr\apache-tomcat-7.0.42\webapps\examples
三月 06, 2018 1:45:18 下午 org.apache.catalina.startup.HostConfig deployDirectory
信息: Deploying web application directory F:\solr\apache-tomcat-7.0.42\webapps\host-manager
三月 06, 2018 1:45:18 下午 org.apache.catalina.startup.HostConfig deployDirectory
信息: Deploying web application directory F:\solr\apache-tomcat-7.0.42\webapps\manager
三月 06, 2018 1:45:18 下午 org.apache.catalina.startup.HostConfig deployDirectory
信息: Deploying web application directory F:\solr\apache-tomcat-7.0.42\webapps\ROOT
三月 06, 2018 1:45:18 下午 org.apache.catalina.startup.HostConfig deployDirectory
信息: Deploying web application directory F:\solr\apache-tomcat-7.0.42\webapps\solr
三月 06, 2018 1:45:39 下午 org.apache.catalina.startup.HostConfig deployDirectory
信息: Deploying web application directory F:\solr\apache-tomcat-7.0.42\webapps\test
三月 06, 2018 1:45:39 下午 org.apache.coyote.AbstractProtocol start
信息: Starting ProtocolHandler ["http-bio-8081"]
三月 06, 2018 1:45:39 下午 org.apache.coyote.AbstractProtocol start
信息: Starting ProtocolHandler ["ajp-bio-8010"]
三月 06, 2018 1:45:39 下午 org.apache.catalina.startup.Catalina start
信息: Server startup in 21066 ms
三月 06, 2018 1:48:49 下午 org.apache.catalina.core.AprLifecycleListener init
信息: The APR based Apache Tomcat Native library which allows optimal performance in production environments was not found on the java.library.path: C:\Program Files\Java\jdk1.7.0_67\bin;C:\Windows\Sun\Java\bin;C:\Windows\system32;C:\Windows;C:\ProgramData\Oracle\Java\javapath;C:\Program Files (x86)\Common Files\NetSarang;C:\Program Files (x86)\Intel\iCLS Client\;C:\Program Files\Intel\iCLS Client\;C:\Windows\system32;C:\Windows;C:\Windows\System32\Wbem;C:\Windows\System32\WindowsPowerShell\v1.0\;C:\Program Files (x86)\Intel\Intel(R) Management Engine Components\DAL;C:\Program Files\Intel\Intel(R) Management Engine Components\DAL;C:\Program Files (x86)\Intel\Intel(R) Management Engine Components\IPT;C:\Program Files\Intel\Intel(R) Management Engine Components\IPT;C:\Program Files\Intel\WiFi\bin\;C:\Program Files\Common Files\Intel\WirelessCommon\;C:\Program Files (x86)\NVIDIA Corporation\PhysX\Common;F:\Mysql\bin;F:\apache-maven-3.3.9\bin;C:\Program Files\Java\jdk1.8.0_121\bin;E:\BaiduNetdiskDownload\oracle\oracle.（53-55天）\oracle课件\安装介质\Oracle客户端\oracleInstanceClient\64bit\instantclient_12_1;C:\Users\17310\AppData\Local\Microsoft\WindowsApps;;.
三月 06, 2018 1:48:50 下午 org.apache.coyote.AbstractProtocol init
信息: Initializing ProtocolHandler ["http-bio-8081"]
三月 06, 2018 1:48:50 下午 org.apache.coyote.AbstractProtocol init
信息: Initializing ProtocolHandler ["ajp-bio-8010"]
三月 06, 2018 1:48:50 下午 org.apache.catalina.startup.Catalina load
信息: Initialization processed in 451 ms
三月 06, 2018 1:48:50 下午 org.apache.catalina.core.StandardService startInternal
信息: Starting service Catalina
三月 06, 2018 1:48:50 下午 org.apache.catalina.core.StandardEngine startInternal
信息: Starting Servlet Engine: Apache Tomcat/7.0.42
三月 06, 2018 1:48:50 下午 org.apache.catalina.startup.HostConfig deployDirectory
信息: Deploying web application directory F:\solr\apache-tomcat-7.0.42\webapps\docs
三月 06, 2018 1:48:50 下午 org.apache.catalina.util.SessionIdGenerator createSecureRandom
信息: Creation of SecureRandom instance for session ID generation using [SHA1PRNG] took [174] milliseconds.
三月 06, 2018 1:48:50 下午 org.apache.catalina.startup.HostConfig deployDirectory
信息: Deploying web application directory F:\solr\apache-tomcat-7.0.42\webapps\examples
三月 06, 2018 1:48:50 下午 org.apache.catalina.startup.HostConfig deployDirectory
信息: Deploying web application directory F:\solr\apache-tomcat-7.0.42\webapps\host-manager
三月 06, 2018 1:48:50 下午 org.apache.catalina.startup.HostConfig deployDirectory
信息: Deploying web application directory F:\solr\apache-tomcat-7.0.42\webapps\manager
三月 06, 2018 1:48:50 下午 org.apache.catalina.startup.HostConfig deployDirectory
信息: Deploying web application directory F:\solr\apache-tomcat-7.0.42\webapps\ROOT
三月 06, 2018 1:48:50 下午 org.apache.catalina.startup.HostConfig deployDirectory
信息: Deploying web application directory F:\solr\apache-tomcat-7.0.42\webapps\solr
三月 06, 2018 1:49:11 下午 org.apache.catalina.startup.HostConfig deployDirectory
信息: Deploying web application directory F:\solr\apache-tomcat-7.0.42\webapps\test
三月 06, 2018 1:49:11 下午 org.apache.coyote.AbstractProtocol start
信息: Starting ProtocolHandler ["http-bio-8081"]
三月 06, 2018 1:49:11 下午 org.apache.coyote.AbstractProtocol start
信息: Starting ProtocolHandler ["ajp-bio-8010"]
三月 06, 2018 1:49:11 下午 org.apache.catalina.startup.Catalina start
信息: Server startup in 21173 ms
三月 06, 2018 1:54:49 下午 org.apache.catalina.core.AprLifecycleListener init
信息: The APR based Apache Tomcat Native library which allows optimal performance in production environments was not found on the java.library.path: C:\Program Files\Java\jdk1.7.0_67\bin;C:\Windows\Sun\Java\bin;C:\Windows\system32;C:\Windows;C:\ProgramData\Oracle\Java\javapath;C:\Program Files (x86)\Common Files\NetSarang;C:\Program Files (x86)\Intel\iCLS Client\;C:\Program Files\Intel\iCLS Client\;C:\Windows\system32;C:\Windows;C:\Windows\System32\Wbem;C:\Windows\System32\WindowsPowerShell\v1.0\;C:\Program Files (x86)\Intel\Intel(R) Management Engine Components\DAL;C:\Program Files\Intel\Intel(R) Management Engine Components\DAL;C:\Program Files (x86)\Intel\Intel(R) Management Engine Components\IPT;C:\Program Files\Intel\Intel(R) Management Engine Components\IPT;C:\Program Files\Intel\WiFi\bin\;C:\Program Files\Common Files\Intel\WirelessCommon\;C:\Program Files (x86)\NVIDIA Corporation\PhysX\Common;F:\Mysql\bin;F:\apache-maven-3.3.9\bin;C:\Program Files\Java\jdk1.8.0_121\bin;E:\BaiduNetdiskDownload\oracle\oracle.（53-55天）\oracle课件\安装介质\Oracle客户端\oracleInstanceClient\64bit\instantclient_12_1;C:\Users\17310\AppData\Local\Microsoft\WindowsApps;;.
三月 06, 2018 1:54:49 下午 org.apache.coyote.AbstractProtocol init
信息: Initializing ProtocolHandler ["http-bio-8081"]
三月 06, 2018 1:54:49 下午 org.apache.coyote.AbstractProtocol init
信息: Initializing ProtocolHandler ["ajp-bio-8010"]
三月 06, 2018 1:54:49 下午 org.apache.catalina.startup.Catalina load
信息: Initialization processed in 440 ms
三月 06, 2018 1:54:49 下午 org.apache.catalina.core.StandardService startInternal
信息: Starting service Catalina
三月 06, 2018 1:54:49 下午 org.apache.catalina.core.StandardEngine startInternal
信息: Starting Servlet Engine: Apache Tomcat/7.0.42
三月 06, 2018 1:54:49 下午 org.apache.catalina.startup.HostConfig deployDirectory
信息: Deploying web application directory F:\solr\apache-tomcat-7.0.42\webapps\docs
三月 06, 2018 1:54:50 下午 org.apache.catalina.util.SessionIdGenerator createSecureRandom
信息: Creation of SecureRandom instance for session ID generation using [SHA1PRNG] took [246] milliseconds.
三月 06, 2018 1:54:50 下午 org.apache.catalina.startup.HostConfig deployDirectory
信息: Deploying web application directory F:\solr\apache-tomcat-7.0.42\webapps\examples
三月 06, 2018 1:54:50 下午 org.apache.catalina.startup.HostConfig deployDirectory
信息: Deploying web application directory F:\solr\apache-tomcat-7.0.42\webapps\host-manager
三月 06, 2018 1:54:50 下午 org.apache.catalina.startup.HostConfig deployDirectory
信息: Deploying web application directory F:\solr\apache-tomcat-7.0.42\webapps\manager
三月 06, 2018 1:54:50 下午 org.apache.catalina.startup.HostConfig deployDirectory
信息: Deploying web application directory F:\solr\apache-tomcat-7.0.42\webapps\ROOT
三月 06, 2018 1:54:50 下午 org.apache.catalina.startup.HostConfig deployDirectory
信息: Deploying web application directory F:\solr\apache-tomcat-7.0.42\webapps\solr
三月 06, 2018 1:55:10 下午 org.apache.catalina.startup.HostConfig deployDirectory
信息: Deploying web application directory F:\solr\apache-tomcat-7.0.42\webapps\test
三月 06, 2018 1:55:11 下午 org.apache.coyote.AbstractProtocol start
信息: Starting ProtocolHandler ["http-bio-8081"]
三月 06, 2018 1:55:11 下午 org.apache.coyote.AbstractProtocol start
信息: Starting ProtocolHandler ["ajp-bio-8010"]
三月 06, 2018 1:55:11 下午 org.apache.catalina.startup.Catalina start
信息: Server startup in 21256 ms
三月 06, 2018 6:31:14 下午 org.apache.catalina.core.AprLifecycleListener init
信息: The APR based Apache Tomcat Native library which allows optimal performance in production environments was not found on the java.library.path: C:\Program Files\Java\jdk1.7.0_67\bin;C:\Windows\Sun\Java\bin;C:\Windows\system32;C:\Windows;C:\ProgramData\Oracle\Java\javapath;C:\Program Files (x86)\Common Files\NetSarang;C:\Program Files (x86)\Intel\iCLS Client\;C:\Program Files\Intel\iCLS Client\;C:\Windows\system32;C:\Windows;C:\Windows\System32\Wbem;C:\Windows\System32\WindowsPowerShell\v1.0\;C:\Program Files (x86)\Intel\Intel(R) Management Engine Components\DAL;C:\Program Files\Intel\Intel(R) Management Engine Components\DAL;C:\Program Files (x86)\Intel\Intel(R) Management Engine Components\IPT;C:\Program Files\Intel\Intel(R) Management Engine Components\IPT;C:\Program Files\Intel\WiFi\bin\;C:\Program Files\Common Files\Intel\WirelessCommon\;C:\Program Files (x86)\NVIDIA Corporation\PhysX\Common;F:\Mysql\bin;F:\apache-maven-3.3.9\bin;C:\Program Files\Java\jdk1.8.0_121\bin;E:\BaiduNetdiskDownload\oracle\oracle.（53-55天）\oracle课件\安装介质\Oracle客户端\oracleInstanceClient\64bit\instantclient_12_1;C:\Users\17310\AppData\Local\Microsoft\WindowsApps;;.
三月 06, 2018 6:31:15 下午 org.apache.coyote.AbstractProtocol init
信息: Initializing ProtocolHandler ["http-bio-8081"]
三月 06, 2018 6:31:15 下午 org.apache.coyote.AbstractProtocol init
信息: Initializing ProtocolHandler ["ajp-bio-8010"]
三月 06, 2018 6:31:15 下午 org.apache.catalina.startup.Catalina load
信息: Initialization processed in 606 ms
三月 06, 2018 6:31:15 下午 org.apache.catalina.core.StandardService startInternal
信息: Starting service Catalina
三月 06, 2018 6:31:15 下午 org.apache.catalina.core.StandardEngine startInternal
信息: Starting Servlet Engine: Apache Tomcat/7.0.42
三月 06, 2018 6:31:15 下午 org.apache.catalina.startup.HostConfig deployDirectory
信息: Deploying web application directory F:\solr\apache-tomcat-7.0.42\webapps\docs
三月 06, 2018 6:31:15 下午 org.apache.catalina.util.SessionIdGenerator createSecureRandom
信息: Creation of SecureRandom instance for session ID generation using [SHA1PRNG] took [191] milliseconds.
三月 06, 2018 6:31:15 下午 org.apache.catalina.startup.HostConfig deployDirectory
信息: Deploying web application directory F:\solr\apache-tomcat-7.0.42\webapps\examples
三月 06, 2018 6:31:15 下午 org.apache.catalina.startup.HostConfig deployDirectory
信息: Deploying web application directory F:\solr\apache-tomcat-7.0.42\webapps\host-manager
三月 06, 2018 6:31:16 下午 org.apache.catalina.startup.HostConfig deployDirectory
信息: Deploying web application directory F:\solr\apache-tomcat-7.0.42\webapps\manager
三月 06, 2018 6:31:16 下午 org.apache.catalina.startup.HostConfig deployDirectory
信息: Deploying web application directory F:\solr\apache-tomcat-7.0.42\webapps\ROOT
三月 06, 2018 6:31:16 下午 org.apache.catalina.startup.HostConfig deployDirectory
信息: Deploying web application directory F:\solr\apache-tomcat-7.0.42\webapps\solr
三月 06, 2018 6:31:47 下午 org.apache.catalina.startup.HostConfig deployDirectory
信息: Deploying web application directory F:\solr\apache-tomcat-7.0.42\webapps\test
三月 06, 2018 6:31:47 下午 org.apache.coyote.AbstractProtocol start
信息: Starting ProtocolHandler ["http-bio-8081"]
三月 06, 2018 6:31:47 下午 org.apache.coyote.AbstractProtocol start
信息: Starting ProtocolHandler ["ajp-bio-8010"]
三月 06, 2018 6:31:47 下午 org.apache.catalina.startup.Catalina start
信息: Server startup in 32670 ms
三月 06, 2018 6:38:41 下午 org.apache.catalina.core.AprLifecycleListener init
信息: The APR based Apache Tomcat Native library which allows optimal performance in production environments was not found on the java.library.path: C:\Program Files\Java\jdk1.7.0_67\bin;C:\Windows\Sun\Java\bin;C:\Windows\system32;C:\Windows;C:\ProgramData\Oracle\Java\javapath;C:\Program Files (x86)\Common Files\NetSarang;C:\Program Files (x86)\Intel\iCLS Client\;C:\Program Files\Intel\iCLS Client\;C:\Windows\system32;C:\Windows;C:\Windows\System32\Wbem;C:\Windows\System32\WindowsPowerShell\v1.0\;C:\Program Files (x86)\Intel\Intel(R) Management Engine Components\DAL;C:\Program Files\Intel\Intel(R) Management Engine Components\DAL;C:\Program Files (x86)\Intel\Intel(R) Management Engine Components\IPT;C:\Program Files\Intel\Intel(R) Management Engine Components\IPT;C:\Program Files\Intel\WiFi\bin\;C:\Program Files\Common Files\Intel\WirelessCommon\;C:\Program Files (x86)\NVIDIA Corporation\PhysX\Common;F:\Mysql\bin;F:\apache-maven-3.3.9\bin;C:\Program Files\Java\jdk1.8.0_121\bin;E:\BaiduNetdiskDownload\oracle\oracle.（53-55天）\oracle课件\安装介质\Oracle客户端\oracleInstanceClient\64bit\instantclient_12_1;C:\Users\17310\AppData\Local\Microsoft\WindowsApps;;.
三月 06, 2018 6:38:42 下午 org.apache.coyote.AbstractProtocol init
信息: Initializing ProtocolHandler ["http-bio-8081"]
三月 06, 2018 6:38:42 下午 org.apache.coyote.AbstractProtocol init
信息: Initializing ProtocolHandler ["ajp-bio-8010"]
三月 06, 2018 6:38:42 下午 org.apache.catalina.startup.Catalina load
信息: Initialization processed in 500 ms
三月 06, 2018 6:38:42 下午 org.apache.catalina.core.StandardService startInternal
信息: Starting service Catalina
三月 06, 2018 6:38:42 下午 org.apache.catalina.core.StandardEngine startInternal
信息: Starting Servlet Engine: Apache Tomcat/7.0.42
三月 06, 2018 6:38:42 下午 org.apache.catalina.startup.HostConfig deployDirectory
信息: Deploying web application directory F:\solr\apache-tomcat-7.0.42\webapps\docs
三月 06, 2018 6:38:42 下午 org.apache.catalina.util.SessionIdGenerator createSecureRandom
信息: Creation of SecureRandom instance for session ID generation using [SHA1PRNG] took [192] milliseconds.
三月 06, 2018 6:38:42 下午 org.apache.catalina.startup.HostConfig deployDirectory
信息: Deploying web application directory F:\solr\apache-tomcat-7.0.42\webapps\examples
三月 06, 2018 6:38:42 下午 org.apache.catalina.startup.HostConfig deployDirectory
信息: Deploying web application directory F:\solr\apache-tomcat-7.0.42\webapps\host-manager
三月 06, 2018 6:38:42 下午 org.apache.catalina.startup.HostConfig deployDirectory
信息: Deploying web application directory F:\solr\apache-tomcat-7.0.42\webapps\manager
三月 06, 2018 6:38:42 下午 org.apache.catalina.startup.HostConfig deployDirectory
信息: Deploying web application directory F:\solr\apache-tomcat-7.0.42\webapps\ROOT
三月 06, 2018 6:38:42 下午 org.apache.catalina.startup.HostConfig deployDirectory
信息: Deploying web application directory F:\solr\apache-tomcat-7.0.42\webapps\solr
三月 06, 2018 6:39:10 下午 org.apache.catalina.startup.HostConfig deployDirectory
信息: Deploying web application directory F:\solr\apache-tomcat-7.0.42\webapps\test
三月 06, 2018 6:39:10 下午 org.apache.coyote.AbstractProtocol start
信息: Starting ProtocolHandler ["http-bio-8081"]
三月 06, 2018 6:39:10 下午 org.apache.coyote.AbstractProtocol start
信息: Starting ProtocolHandler ["ajp-bio-8010"]
三月 06, 2018 6:39:10 下午 org.apache.catalina.startup.Catalina start
信息: Server startup in 28820 ms
三月 06, 2018 6:43:31 下午 org.apache.catalina.core.AprLifecycleListener init
信息: The APR based Apache Tomcat Native library which allows optimal performance in production environments was not found on the java.library.path: C:\Program Files\Java\jdk1.7.0_67\bin;C:\Windows\Sun\Java\bin;C:\Windows\system32;C:\Windows;C:\ProgramData\Oracle\Java\javapath;C:\Program Files (x86)\Common Files\NetSarang;C:\Program Files (x86)\Intel\iCLS Client\;C:\Program Files\Intel\iCLS Client\;C:\Windows\system32;C:\Windows;C:\Windows\System32\Wbem;C:\Windows\System32\WindowsPowerShell\v1.0\;C:\Program Files (x86)\Intel\Intel(R) Management Engine Components\DAL;C:\Program Files\Intel\Intel(R) Management Engine Components\DAL;C:\Program Files (x86)\Intel\Intel(R) Management Engine Components\IPT;C:\Program Files\Intel\Intel(R) Management Engine Components\IPT;C:\Program Files\Intel\WiFi\bin\;C:\Program Files\Common Files\Intel\WirelessCommon\;C:\Program Files (x86)\NVIDIA Corporation\PhysX\Common;F:\Mysql\bin;F:\apache-maven-3.3.9\bin;C:\Program Files\Java\jdk1.8.0_121\bin;E:\BaiduNetdiskDownload\oracle\oracle.（53-55天）\oracle课件\安装介质\Oracle客户端\oracleInstanceClient\64bit\instantclient_12_1;C:\Users\17310\AppData\Local\Microsoft\WindowsApps;;.
三月 06, 2018 6:43:32 下午 org.apache.coyote.AbstractProtocol init
信息: Initializing ProtocolHandler ["http-bio-8081"]
三月 06, 2018 6:43:32 下午 org.apache.coyote.AbstractProtocol init
信息: Initializing ProtocolHandler ["ajp-bio-8010"]
三月 06, 2018 6:43:32 下午 org.apache.catalina.startup.Catalina load
信息: Initialization processed in 869 ms
三月 06, 2018 6:43:32 下午 org.apache.catalina.core.StandardService startInternal
信息: Starting service Catalina
三月 06, 2018 6:43:32 下午 org.apache.catalina.core.StandardEngine startInternal
信息: Starting Servlet Engine: Apache Tomcat/7.0.42
三月 06, 2018 6:43:32 下午 org.apache.catalina.startup.HostConfig deployDirectory
信息: Deploying web application directory F:\solr\apache-tomcat-7.0.42\webapps\docs
三月 06, 2018 6:43:32 下午 org.apache.catalina.util.SessionIdGenerator createSecureRandom
信息: Creation of SecureRandom instance for session ID generation using [SHA1PRNG] took [181] milliseconds.
三月 06, 2018 6:43:32 下午 org.apache.catalina.startup.HostConfig deployDirectory
信息: Deploying web application directory F:\solr\apache-tomcat-7.0.42\webapps\examples
三月 06, 2018 6:43:32 下午 org.apache.catalina.startup.HostConfig deployDirectory
信息: Deploying web application directory F:\solr\apache-tomcat-7.0.42\webapps\host-manager
三月 06, 2018 6:43:32 下午 org.apache.catalina.startup.HostConfig deployDirectory
信息: Deploying web application directory F:\solr\apache-tomcat-7.0.42\webapps\manager
三月 06, 2018 6:43:32 下午 org.apache.catalina.startup.HostConfig deployDirectory
信息: Deploying web application directory F:\solr\apache-tomcat-7.0.42\webapps\ROOT
三月 06, 2018 6:43:33 下午 org.apache.catalina.startup.HostConfig deployDirectory
信息: Deploying web application directory F:\solr\apache-tomcat-7.0.42\webapps\solr
三月 06, 2018 6:44:00 下午 org.apache.catalina.startup.HostConfig deployDirectory
信息: Deploying web application directory F:\solr\apache-tomcat-7.0.42\webapps\test
三月 06, 2018 6:44:00 下午 org.apache.coyote.AbstractProtocol start
信息: Starting ProtocolHandler ["http-bio-8081"]
三月 06, 2018 6:44:00 下午 org.apache.coyote.AbstractProtocol start
信息: Starting ProtocolHandler ["ajp-bio-8010"]
三月 06, 2018 6:44:00 下午 org.apache.catalina.startup.Catalina start
信息: Server startup in 28469 ms
三月 06, 2018 7:02:11 下午 org.apache.catalina.core.AprLifecycleListener init
信息: The APR based Apache Tomcat Native library which allows optimal performance in production environments was not found on the java.library.path: C:\Program Files\Java\jdk1.7.0_67\bin;C:\Windows\Sun\Java\bin;C:\Windows\system32;C:\Windows;C:\ProgramData\Oracle\Java\javapath;C:\Program Files (x86)\Common Files\NetSarang;C:\Program Files (x86)\Intel\iCLS Client\;C:\Program Files\Intel\iCLS Client\;C:\Windows\system32;C:\Windows;C:\Windows\System32\Wbem;C:\Windows\System32\WindowsPowerShell\v1.0\;C:\Program Files (x86)\Intel\Intel(R) Management Engine Components\DAL;C:\Program Files\Intel\Intel(R) Management Engine Components\DAL;C:\Program Files (x86)\Intel\Intel(R) Management Engine Components\IPT;C:\Program Files\Intel\Intel(R) Management Engine Components\IPT;C:\Program Files\Intel\WiFi\bin\;C:\Program Files\Common Files\Intel\WirelessCommon\;C:\Program Files (x86)\NVIDIA Corporation\PhysX\Common;F:\Mysql\bin;F:\apache-maven-3.3.9\bin;C:\Program Files\Java\jdk1.8.0_121\bin;E:\BaiduNetdiskDownload\oracle\oracle.（53-55天）\oracle课件\安装介质\Oracle客户端\oracleInstanceClient\64bit\instantclient_12_1;C:\Users\17310\AppData\Local\Microsoft\WindowsApps;;.
三月 06, 2018 7:02:11 下午 org.apache.coyote.AbstractProtocol init
信息: Initializing ProtocolHandler ["http-bio-8081"]
三月 06, 2018 7:02:11 下午 org.apache.coyote.AbstractProtocol init
信息: Initializing ProtocolHandler ["ajp-bio-8010"]
三月 06, 2018 7:02:11 下午 org.apache.catalina.startup.Catalina load
信息: Initialization processed in 480 ms
三月 06, 2018 7:02:11 下午 org.apache.catalina.core.StandardService startInternal
信息: Starting service Catalina
三月 06, 2018 7:02:11 下午 org.apache.catalina.core.StandardEngine startInternal
信息: Starting Servlet Engine: Apache Tomcat/7.0.42
三月 06, 2018 7:02:11 下午 org.apache.catalina.startup.HostConfig deployDirectory
信息: Deploying web application directory F:\solr\apache-tomcat-7.0.42\webapps\docs
三月 06, 2018 7:02:11 下午 org.apache.catalina.util.SessionIdGenerator createSecureRandom
信息: Creation of SecureRandom instance for session ID generation using [SHA1PRNG] took [189] milliseconds.
三月 06, 2018 7:02:11 下午 org.apache.catalina.startup.HostConfig deployDirectory
信息: Deploying web application directory F:\solr\apache-tomcat-7.0.42\webapps\examples
三月 06, 2018 7:02:12 下午 org.apache.catalina.startup.HostConfig deployDirectory
信息: Deploying web application directory F:\solr\apache-tomcat-7.0.42\webapps\host-manager
三月 06, 2018 7:02:12 下午 org.apache.catalina.startup.HostConfig deployDirectory
信息: Deploying web application directory F:\solr\apache-tomcat-7.0.42\webapps\manager
三月 06, 2018 7:02:12 下午 org.apache.catalina.startup.HostConfig deployDirectory
信息: Deploying web application directory F:\solr\apache-tomcat-7.0.42\webapps\ROOT
三月 06, 2018 7:02:12 下午 org.apache.catalina.startup.HostConfig deployDirectory
信息: Deploying web application directory F:\solr\apache-tomcat-7.0.42\webapps\solr
三月 06, 2018 7:02:40 下午 org.apache.catalina.startup.HostConfig deployDirectory
信息: Deploying web application directory F:\solr\apache-tomcat-7.0.42\webapps\test
三月 06, 2018 7:02:40 下午 org.apache.coyote.AbstractProtocol start
信息: Starting ProtocolHandler ["http-bio-8081"]
三月 06, 2018 7:02:40 下午 org.apache.coyote.AbstractProtocol start
信息: Starting ProtocolHandler ["ajp-bio-8010"]
三月 06, 2018 7:02:40 下午 org.apache.catalina.startup.Catalina start
信息: Server startup in 29431 ms
三月 06, 2018 10:10:30 下午 org.apache.catalina.core.AprLifecycleListener init
信息: The APR based Apache Tomcat Native library which allows optimal performance in production environments was not found on the java.library.path: C:\Program Files\Java\jdk1.7.0_67\bin;C:\Windows\Sun\Java\bin;C:\Windows\system32;C:\Windows;C:\ProgramData\Oracle\Java\javapath;C:\Program Files (x86)\Common Files\NetSarang;C:\Program Files (x86)\Intel\iCLS Client\;C:\Program Files\Intel\iCLS Client\;C:\Windows\system32;C:\Windows;C:\Windows\System32\Wbem;C:\Windows\System32\WindowsPowerShell\v1.0\;C:\Program Files (x86)\Intel\Intel(R) Management Engine Components\DAL;C:\Program Files\Intel\Intel(R) Management Engine Components\DAL;C:\Program Files (x86)\Intel\Intel(R) Management Engine Components\IPT;C:\Program Files\Intel\Intel(R) Management Engine Components\IPT;C:\Program Files\Intel\WiFi\bin\;C:\Program Files\Common Files\Intel\WirelessCommon\;C:\Program Files (x86)\NVIDIA Corporation\PhysX\Common;F:\Mysql\bin;F:\apache-maven-3.3.9\bin;C:\Program Files\Java\jdk1.8.0_121\bin;E:\BaiduNetdiskDownload\oracle\oracle.（53-55天）\oracle课件\安装介质\Oracle客户端\oracleInstanceClient\64bit\instantclient_12_1;C:\Users\17310\AppData\Local\Microsoft\WindowsApps;;.
三月 06, 2018 10:10:30 下午 org.apache.coyote.AbstractProtocol init
信息: Initializing ProtocolHandler ["http-bio-8081"]
三月 06, 2018 10:10:30 下午 org.apache.coyote.AbstractProtocol init
信息: Initializing ProtocolHandler ["ajp-bio-8010"]
三月 06, 2018 10:10:30 下午 org.apache.catalina.startup.Catalina load
信息: Initialization processed in 426 ms
三月 06, 2018 10:10:30 下午 org.apache.catalina.core.StandardService startInternal
信息: Starting service Catalina
三月 06, 2018 10:10:30 下午 org.apache.catalina.core.StandardEngine startInternal
信息: Starting Servlet Engine: Apache Tomcat/7.0.42
三月 06, 2018 10:10:30 下午 org.apache.catalina.startup.HostConfig deployDirectory
信息: Deploying web application directory F:\solr\apache-tomcat-7.0.42\webapps\docs
三月 06, 2018 10:10:30 下午 org.apache.catalina.util.SessionIdGenerator createSecureRandom
信息: Creation of SecureRandom instance for session ID generation using [SHA1PRNG] took [165] milliseconds.
三月 06, 2018 10:10:30 下午 org.apache.catalina.startup.HostConfig deployDirectory
信息: Deploying web application directory F:\solr\apache-tomcat-7.0.42\webapps\examples
三月 06, 2018 10:10:31 下午 org.apache.catalina.startup.HostConfig deployDirectory
信息: Deploying web application directory F:\solr\apache-tomcat-7.0.42\webapps\host-manager
三月 06, 2018 10:10:31 下午 org.apache.catalina.startup.HostConfig deployDirectory
信息: Deploying web application directory F:\solr\apache-tomcat-7.0.42\webapps\manager
三月 06, 2018 10:10:31 下午 org.apache.catalina.startup.HostConfig deployDirectory
信息: Deploying web application directory F:\solr\apache-tomcat-7.0.42\webapps\ROOT
三月 06, 2018 10:10:31 下午 org.apache.catalina.startup.HostConfig deployDirectory
信息: Deploying web application directory F:\solr\apache-tomcat-7.0.42\webapps\solr
三月 06, 2018 10:10:53 下午 org.apache.catalina.startup.HostConfig deployDirectory
信息: Deploying web application directory F:\solr\apache-tomcat-7.0.42\webapps\test
三月 06, 2018 10:10:54 下午 org.apache.coyote.AbstractProtocol start
信息: Starting ProtocolHandler ["http-bio-8081"]
三月 06, 2018 10:10:54 下午 org.apache.coyote.AbstractProtocol start
信息: Starting ProtocolHandler ["ajp-bio-8010"]
三月 06, 2018 10:10:54 下午 org.apache.catalina.startup.Catalina start
信息: Server startup in 23828 ms
