三月 05, 2018 12:02:10 上午 org.apache.catalina.core.ApplicationContext log
信息: ContextListener: contextInitialized()
三月 05, 2018 12:02:10 上午 org.apache.catalina.core.ApplicationContext log
信息: SessionListener: contextInitialized()
三月 05, 2018 12:02:10 上午 org.apache.catalina.core.ApplicationContext log
信息: ContextListener: attributeAdded('org.apache.jasper.compiler.TldLocationsCache', 'org.apache.jasper.compiler.TldLocationsCache@3b45b486')
三月 05, 2018 12:04:35 上午 org.apache.catalina.core.ApplicationContext log
信息: ContextListener: contextInitialized()
三月 05, 2018 12:04:35 上午 org.apache.catalina.core.ApplicationContext log
信息: SessionListener: contextInitialized()
三月 05, 2018 12:04:35 上午 org.apache.catalina.core.ApplicationContext log
信息: ContextListener: attributeAdded('org.apache.jasper.compiler.TldLocationsCache', 'org.apache.jasper.compiler.TldLocationsCache@6755388b')
三月 05, 2018 12:10:40 上午 org.apache.catalina.core.ApplicationContext log
信息: ContextListener: contextInitialized()
三月 05, 2018 12:10:40 上午 org.apache.catalina.core.ApplicationContext log
信息: SessionListener: contextInitialized()
三月 05, 2018 12:10:40 上午 org.apache.catalina.core.ApplicationContext log
信息: ContextListener: attributeAdded('org.apache.jasper.compiler.TldLocationsCache', 'org.apache.jasper.compiler.TldLocationsCache@33c2d176')
三月 05, 2018 12:11:45 上午 org.apache.catalina.core.ApplicationContext log
信息: ContextListener: contextInitialized()
三月 05, 2018 12:11:45 上午 org.apache.catalina.core.ApplicationContext log
信息: SessionListener: contextInitialized()
三月 05, 2018 12:11:45 上午 org.apache.catalina.core.ApplicationContext log
信息: ContextListener: attributeAdded('org.apache.jasper.compiler.TldLocationsCache', 'org.apache.jasper.compiler.TldLocationsCache@bf362ad')
三月 05, 2018 12:14:09 上午 org.apache.catalina.core.ApplicationContext log
信息: ContextListener: contextInitialized()
三月 05, 2018 12:14:09 上午 org.apache.catalina.core.ApplicationContext log
信息: SessionListener: contextInitialized()
三月 05, 2018 12:14:09 上午 org.apache.catalina.core.ApplicationContext log
信息: ContextListener: attributeAdded('org.apache.jasper.compiler.TldLocationsCache', 'org.apache.jasper.compiler.TldLocationsCache@17d351fc')
三月 05, 2018 12:16:53 上午 org.apache.catalina.core.ApplicationContext log
信息: ContextListener: contextInitialized()
三月 05, 2018 12:16:53 上午 org.apache.catalina.core.ApplicationContext log
信息: SessionListener: contextInitialized()
三月 05, 2018 12:16:53 上午 org.apache.catalina.core.ApplicationContext log
信息: ContextListener: attributeAdded('org.apache.jasper.compiler.TldLocationsCache', 'org.apache.jasper.compiler.TldLocationsCache@17d351fc')
三月 05, 2018 12:18:22 上午 org.apache.catalina.core.ApplicationContext log
信息: ContextListener: contextInitialized()
三月 05, 2018 12:18:22 上午 org.apache.catalina.core.ApplicationContext log
信息: SessionListener: contextInitialized()
三月 05, 2018 12:18:22 上午 org.apache.catalina.core.ApplicationContext log
信息: ContextListener: attributeAdded('org.apache.jasper.compiler.TldLocationsCache', 'org.apache.jasper.compiler.TldLocationsCache@3b45b486')
三月 05, 2018 10:22:52 上午 org.apache.catalina.core.ApplicationContext log
信息: ContextListener: contextInitialized()
三月 05, 2018 10:22:52 上午 org.apache.catalina.core.ApplicationContext log
信息: SessionListener: contextInitialized()
三月 05, 2018 10:22:52 上午 org.apache.catalina.core.ApplicationContext log
信息: ContextListener: attributeAdded('org.apache.jasper.compiler.TldLocationsCache', 'org.apache.jasper.compiler.TldLocationsCache@5d4ee7d0')
三月 05, 2018 10:23:53 上午 org.apache.catalina.core.ApplicationContext log
信息: ContextListener: contextInitialized()
三月 05, 2018 10:23:53 上午 org.apache.catalina.core.ApplicationContext log
信息: SessionListener: contextInitialized()
三月 05, 2018 10:23:53 上午 org.apache.catalina.core.ApplicationContext log
信息: ContextListener: attributeAdded('org.apache.jasper.compiler.TldLocationsCache', 'org.apache.jasper.compiler.TldLocationsCache@3b45b486')
三月 05, 2018 3:19:01 下午 org.apache.catalina.core.ApplicationContext log
信息: ContextListener: contextInitialized()
三月 05, 2018 3:19:01 下午 org.apache.catalina.core.ApplicationContext log
信息: SessionListener: contextInitialized()
三月 05, 2018 3:19:01 下午 org.apache.catalina.core.ApplicationContext log
信息: ContextListener: attributeAdded('org.apache.jasper.compiler.TldLocationsCache', 'org.apache.jasper.compiler.TldLocationsCache@bf362ad')
三月 05, 2018 3:19:34 下午 org.apache.catalina.core.ApplicationContext log
信息: ContextListener: contextInitialized()
三月 05, 2018 3:19:34 下午 org.apache.catalina.core.ApplicationContext log
信息: SessionListener: contextInitialized()
三月 05, 2018 3:19:34 下午 org.apache.catalina.core.ApplicationContext log
信息: ContextListener: attributeAdded('org.apache.jasper.compiler.TldLocationsCache', 'org.apache.jasper.compiler.TldLocationsCache@6755388b')
三月 05, 2018 3:21:07 下午 org.apache.catalina.core.ApplicationContext log
信息: ContextListener: contextInitialized()
三月 05, 2018 3:21:07 下午 org.apache.catalina.core.ApplicationContext log
信息: SessionListener: contextInitialized()
三月 05, 2018 3:21:07 下午 org.apache.catalina.core.ApplicationContext log
信息: ContextListener: attributeAdded('org.apache.jasper.compiler.TldLocationsCache', 'org.apache.jasper.compiler.TldLocationsCache@5d4ee7d0')
三月 05, 2018 3:38:31 下午 org.apache.catalina.core.ApplicationContext log
信息: ContextListener: contextInitialized()
三月 05, 2018 3:38:31 下午 org.apache.catalina.core.ApplicationContext log
信息: SessionListener: contextInitialized()
三月 05, 2018 3:38:31 下午 org.apache.catalina.core.ApplicationContext log
信息: ContextListener: attributeAdded('org.apache.jasper.compiler.TldLocationsCache', 'org.apache.jasper.compiler.TldLocationsCache@bf362ad')
三月 05, 2018 3:40:12 下午 org.apache.catalina.core.ApplicationContext log
信息: ContextListener: contextInitialized()
三月 05, 2018 3:40:12 下午 org.apache.catalina.core.ApplicationContext log
信息: SessionListener: contextInitialized()
三月 05, 2018 3:40:12 下午 org.apache.catalina.core.ApplicationContext log
信息: ContextListener: attributeAdded('org.apache.jasper.compiler.TldLocationsCache', 'org.apache.jasper.compiler.TldLocationsCache@6755388b')
三月 05, 2018 3:52:29 下午 org.apache.catalina.core.ApplicationContext log
信息: ContextListener: contextInitialized()
三月 05, 2018 3:52:29 下午 org.apache.catalina.core.ApplicationContext log
信息: SessionListener: contextInitialized()
三月 05, 2018 3:52:29 下午 org.apache.catalina.core.ApplicationContext log
信息: ContextListener: attributeAdded('org.apache.jasper.compiler.TldLocationsCache', 'org.apache.jasper.compiler.TldLocationsCache@5d4ee7d0')
三月 05, 2018 3:54:04 下午 org.apache.catalina.core.ApplicationContext log
信息: ContextListener: contextInitialized()
三月 05, 2018 3:54:04 下午 org.apache.catalina.core.ApplicationContext log
信息: SessionListener: contextInitialized()
三月 05, 2018 3:54:04 下午 org.apache.catalina.core.ApplicationContext log
信息: ContextListener: attributeAdded('org.apache.jasper.compiler.TldLocationsCache', 'org.apache.jasper.compiler.TldLocationsCache@3b45b486')
三月 05, 2018 4:32:03 下午 org.apache.catalina.core.ApplicationContext log
信息: ContextListener: contextInitialized()
三月 05, 2018 4:32:03 下午 org.apache.catalina.core.ApplicationContext log
信息: SessionListener: contextInitialized()
三月 05, 2018 4:32:03 下午 org.apache.catalina.core.ApplicationContext log
信息: ContextListener: attributeAdded('org.apache.jasper.compiler.TldLocationsCache', 'org.apache.jasper.compiler.TldLocationsCache@6755388b')
三月 05, 2018 4:33:14 下午 org.apache.catalina.core.ApplicationContext log
信息: ContextListener: contextInitialized()
三月 05, 2018 4:33:14 下午 org.apache.catalina.core.ApplicationContext log
信息: SessionListener: contextInitialized()
三月 05, 2018 4:33:14 下午 org.apache.catalina.core.ApplicationContext log
信息: ContextListener: attributeAdded('org.apache.jasper.compiler.TldLocationsCache', 'org.apache.jasper.compiler.TldLocationsCache@5d4ee7d0')
三月 05, 2018 4:38:21 下午 org.apache.catalina.core.ApplicationContext log
信息: ContextListener: contextInitialized()
三月 05, 2018 4:38:21 下午 org.apache.catalina.core.ApplicationContext log
信息: SessionListener: contextInitialized()
三月 05, 2018 4:38:21 下午 org.apache.catalina.core.ApplicationContext log
信息: ContextListener: attributeAdded('org.apache.jasper.compiler.TldLocationsCache', 'org.apache.jasper.compiler.TldLocationsCache@bf362ad')
三月 05, 2018 4:43:15 下午 org.apache.catalina.core.ApplicationContext log
信息: ContextListener: contextInitialized()
三月 05, 2018 4:43:15 下午 org.apache.catalina.core.ApplicationContext log
信息: SessionListener: contextInitialized()
三月 05, 2018 4:43:15 下午 org.apache.catalina.core.ApplicationContext log
信息: ContextListener: attributeAdded('org.apache.jasper.compiler.TldLocationsCache', 'org.apache.jasper.compiler.TldLocationsCache@2ad15ee4')
三月 05, 2018 4:47:42 下午 org.apache.catalina.core.ApplicationContext log
信息: ContextListener: contextInitialized()
三月 05, 2018 4:47:42 下午 org.apache.catalina.core.ApplicationContext log
信息: SessionListener: contextInitialized()
三月 05, 2018 4:47:42 下午 org.apache.catalina.core.ApplicationContext log
信息: ContextListener: attributeAdded('org.apache.jasper.compiler.TldLocationsCache', 'org.apache.jasper.compiler.TldLocationsCache@5d4ee7d0')
三月 05, 2018 5:11:33 下午 org.apache.catalina.core.ApplicationContext log
信息: ContextListener: contextInitialized()
三月 05, 2018 5:11:33 下午 org.apache.catalina.core.ApplicationContext log
信息: SessionListener: contextInitialized()
三月 05, 2018 5:11:33 下午 org.apache.catalina.core.ApplicationContext log
信息: ContextListener: attributeAdded('org.apache.jasper.compiler.TldLocationsCache', 'org.apache.jasper.compiler.TldLocationsCache@378c9692')
三月 05, 2018 7:26:39 下午 org.apache.catalina.core.ApplicationContext log
信息: ContextListener: contextInitialized()
三月 05, 2018 7:26:39 下午 org.apache.catalina.core.ApplicationContext log
信息: SessionListener: contextInitialized()
三月 05, 2018 7:26:39 下午 org.apache.catalina.core.ApplicationContext log
信息: ContextListener: attributeAdded('org.apache.jasper.compiler.TldLocationsCache', 'org.apache.jasper.compiler.TldLocationsCache@bf362ad')
三月 05, 2018 7:28:55 下午 org.apache.catalina.core.ApplicationContext log
信息: ContextListener: contextInitialized()
三月 05, 2018 7:28:55 下午 org.apache.catalina.core.ApplicationContext log
信息: SessionListener: contextInitialized()
三月 05, 2018 7:28:55 下午 org.apache.catalina.core.ApplicationContext log
信息: ContextListener: attributeAdded('org.apache.jasper.compiler.TldLocationsCache', 'org.apache.jasper.compiler.TldLocationsCache@6755388b')
三月 05, 2018 7:30:25 下午 org.apache.catalina.core.ApplicationContext log
信息: ContextListener: contextInitialized()
三月 05, 2018 7:30:25 下午 org.apache.catalina.core.ApplicationContext log
信息: SessionListener: contextInitialized()
三月 05, 2018 7:30:25 下午 org.apache.catalina.core.ApplicationContext log
信息: ContextListener: attributeAdded('org.apache.jasper.compiler.TldLocationsCache', 'org.apache.jasper.compiler.TldLocationsCache@5d4ee7d0')
三月 05, 2018 11:57:05 下午 org.apache.catalina.core.ApplicationContext log
信息: ContextListener: contextInitialized()
三月 05, 2018 11:57:06 下午 org.apache.catalina.core.ApplicationContext log
信息: SessionListener: contextInitialized()
三月 05, 2018 11:57:06 下午 org.apache.catalina.core.ApplicationContext log
信息: ContextListener: attributeAdded('org.apache.jasper.compiler.TldLocationsCache', 'org.apache.jasper.compiler.TldLocationsCache@6755388b')
