三月 27, 2018 12:07:46 上午 org.apache.catalina.core.ApplicationContext log
信息: ContextListener: contextInitialized()
三月 27, 2018 12:07:46 上午 org.apache.catalina.core.ApplicationContext log
信息: SessionListener: contextInitialized()
三月 27, 2018 12:07:46 上午 org.apache.catalina.core.ApplicationContext log
信息: ContextListener: attributeAdded('org.apache.jasper.compiler.TldLocationsCache', 'org.apache.jasper.compiler.TldLocationsCache@3b45b486')
三月 27, 2018 12:09:36 上午 org.apache.catalina.core.ApplicationContext log
信息: SessionListener: contextDestroyed()
三月 27, 2018 12:09:36 上午 org.apache.catalina.core.ApplicationContext log
信息: ContextListener: contextDestroyed()
三月 27, 2018 12:09:39 上午 org.apache.catalina.core.ApplicationContext log
信息: ContextListener: contextInitialized()
三月 27, 2018 12:09:39 上午 org.apache.catalina.core.ApplicationContext log
信息: SessionListener: contextInitialized()
三月 27, 2018 12:09:39 上午 org.apache.catalina.core.ApplicationContext log
信息: ContextListener: attributeAdded('org.apache.jasper.compiler.TldLocationsCache', 'org.apache.jasper.compiler.TldLocationsCache@5d4ee7d0')
三月 27, 2018 12:20:21 上午 org.apache.catalina.core.ApplicationContext log
信息: ContextListener: contextInitialized()
三月 27, 2018 12:20:21 上午 org.apache.catalina.core.ApplicationContext log
信息: SessionListener: contextInitialized()
三月 27, 2018 12:20:21 上午 org.apache.catalina.core.ApplicationContext log
信息: ContextListener: attributeAdded('org.apache.jasper.compiler.TldLocationsCache', 'org.apache.jasper.compiler.TldLocationsCache@6755388b')
三月 27, 2018 12:25:21 上午 org.apache.catalina.core.ApplicationContext log
信息: ContextListener: contextInitialized()
三月 27, 2018 12:25:21 上午 org.apache.catalina.core.ApplicationContext log
信息: SessionListener: contextInitialized()
三月 27, 2018 12:25:21 上午 org.apache.catalina.core.ApplicationContext log
信息: ContextListener: attributeAdded('org.apache.jasper.compiler.TldLocationsCache', 'org.apache.jasper.compiler.TldLocationsCache@12082570')
三月 27, 2018 12:47:56 上午 org.apache.catalina.core.ApplicationContext log
信息: ContextListener: contextInitialized()
三月 27, 2018 12:47:56 上午 org.apache.catalina.core.ApplicationContext log
信息: SessionListener: contextInitialized()
三月 27, 2018 12:47:56 上午 org.apache.catalina.core.ApplicationContext log
信息: ContextListener: attributeAdded('org.apache.jasper.compiler.TldLocationsCache', 'org.apache.jasper.compiler.TldLocationsCache@33c2d176')
三月 27, 2018 1:05:26 上午 org.apache.catalina.core.ApplicationContext log
信息: SessionListener: contextDestroyed()
三月 27, 2018 1:05:26 上午 org.apache.catalina.core.ApplicationContext log
信息: ContextListener: contextDestroyed()
三月 27, 2018 1:06:16 上午 org.apache.catalina.core.ApplicationContext log
信息: ContextListener: contextInitialized()
三月 27, 2018 1:06:16 上午 org.apache.catalina.core.ApplicationContext log
信息: SessionListener: contextInitialized()
三月 27, 2018 1:06:16 上午 org.apache.catalina.core.ApplicationContext log
信息: ContextListener: attributeAdded('org.apache.jasper.compiler.TldLocationsCache', 'org.apache.jasper.compiler.TldLocationsCache@bf362ad')
三月 27, 2018 1:14:21 上午 org.apache.catalina.core.ApplicationContext log
信息: SessionListener: contextDestroyed()
三月 27, 2018 1:14:21 上午 org.apache.catalina.core.ApplicationContext log
信息: ContextListener: contextDestroyed()
