三月 08, 2018 6:31:51 上午 org.apache.catalina.core.ApplicationContext log
信息: ContextListener: contextInitialized()
三月 08, 2018 6:31:51 上午 org.apache.catalina.core.ApplicationContext log
信息: SessionListener: contextInitialized()
三月 08, 2018 6:31:51 上午 org.apache.catalina.core.ApplicationContext log
信息: ContextListener: attributeAdded('org.apache.jasper.compiler.TldLocationsCache', 'org.apache.jasper.compiler.TldLocationsCache@5d4ee7d0')
三月 08, 2018 4:21:27 下午 org.apache.catalina.core.ApplicationContext log
信息: ContextListener: contextInitialized()
三月 08, 2018 4:21:27 下午 org.apache.catalina.core.ApplicationContext log
信息: SessionListener: contextInitialized()
三月 08, 2018 4:21:27 下午 org.apache.catalina.core.ApplicationContext log
信息: ContextListener: attributeAdded('org.apache.jasper.compiler.TldLocationsCache', 'org.apache.jasper.compiler.TldLocationsCache@378c9692')
三月 08, 2018 6:10:12 下午 org.apache.catalina.core.ApplicationContext log
信息: ContextListener: contextInitialized()
三月 08, 2018 6:10:12 下午 org.apache.catalina.core.ApplicationContext log
信息: SessionListener: contextInitialized()
三月 08, 2018 6:10:12 下午 org.apache.catalina.core.ApplicationContext log
信息: ContextListener: attributeAdded('org.apache.jasper.compiler.TldLocationsCache', 'org.apache.jasper.compiler.TldLocationsCache@12082570')
三月 08, 2018 8:14:32 下午 org.apache.catalina.core.ApplicationContext log
信息: ContextListener: contextInitialized()
三月 08, 2018 8:14:32 下午 org.apache.catalina.core.ApplicationContext log
信息: SessionListener: contextInitialized()
三月 08, 2018 8:14:32 下午 org.apache.catalina.core.ApplicationContext log
信息: ContextListener: attributeAdded('org.apache.jasper.compiler.TldLocationsCache', 'org.apache.jasper.compiler.TldLocationsCache@bf362ad')
