三月 09, 2018 10:20:13 上午 org.apache.catalina.core.ApplicationContext log
信息: ContextListener: contextInitialized()
三月 09, 2018 10:20:13 上午 org.apache.catalina.core.ApplicationContext log
信息: SessionListener: contextInitialized()
三月 09, 2018 10:20:13 上午 org.apache.catalina.core.ApplicationContext log
信息: ContextListener: attributeAdded('org.apache.jasper.compiler.TldLocationsCache', 'org.apache.jasper.compiler.TldLocationsCache@6755388b')
三月 09, 2018 1:43:33 下午 org.apache.catalina.core.ApplicationContext log
信息: ContextListener: contextInitialized()
三月 09, 2018 1:43:33 下午 org.apache.catalina.core.ApplicationContext log
信息: SessionListener: contextInitialized()
三月 09, 2018 1:43:33 下午 org.apache.catalina.core.ApplicationContext log
信息: ContextListener: attributeAdded('org.apache.jasper.compiler.TldLocationsCache', 'org.apache.jasper.compiler.TldLocationsCache@5d4ee7d0')
三月 09, 2018 1:59:55 下午 org.apache.catalina.core.ApplicationContext log
信息: ContextListener: contextInitialized()
三月 09, 2018 1:59:55 下午 org.apache.catalina.core.ApplicationContext log
信息: SessionListener: contextInitialized()
三月 09, 2018 1:59:55 下午 org.apache.catalina.core.ApplicationContext log
信息: ContextListener: attributeAdded('org.apache.jasper.compiler.TldLocationsCache', 'org.apache.jasper.compiler.TldLocationsCache@5a5a7c64')
三月 09, 2018 2:03:24 下午 org.apache.catalina.core.ApplicationContext log
信息: SessionListener: contextDestroyed()
三月 09, 2018 2:03:24 下午 org.apache.catalina.core.ApplicationContext log
信息: ContextListener: contextDestroyed()
三月 09, 2018 2:03:28 下午 org.apache.catalina.core.ApplicationContext log
信息: ContextListener: contextInitialized()
三月 09, 2018 2:03:28 下午 org.apache.catalina.core.ApplicationContext log
信息: SessionListener: contextInitialized()
三月 09, 2018 2:03:28 下午 org.apache.catalina.core.ApplicationContext log
信息: ContextListener: attributeAdded('org.apache.jasper.compiler.TldLocationsCache', 'org.apache.jasper.compiler.TldLocationsCache@bf362ad')
三月 09, 2018 2:05:10 下午 org.apache.catalina.core.ApplicationContext log
信息: ContextListener: contextInitialized()
三月 09, 2018 2:05:10 下午 org.apache.catalina.core.ApplicationContext log
信息: SessionListener: contextInitialized()
三月 09, 2018 2:05:10 下午 org.apache.catalina.core.ApplicationContext log
信息: ContextListener: attributeAdded('org.apache.jasper.compiler.TldLocationsCache', 'org.apache.jasper.compiler.TldLocationsCache@54d1e54f')
三月 09, 2018 2:05:12 下午 org.apache.catalina.core.ApplicationContext log
信息: SessionListener: contextDestroyed()
三月 09, 2018 2:05:12 下午 org.apache.catalina.core.ApplicationContext log
信息: ContextListener: contextDestroyed()
三月 09, 2018 2:05:53 下午 org.apache.catalina.core.ApplicationContext log
信息: ContextListener: contextInitialized()
三月 09, 2018 2:05:53 下午 org.apache.catalina.core.ApplicationContext log
信息: SessionListener: contextInitialized()
三月 09, 2018 2:05:53 下午 org.apache.catalina.core.ApplicationContext log
信息: ContextListener: attributeAdded('org.apache.jasper.compiler.TldLocationsCache', 'org.apache.jasper.compiler.TldLocationsCache@5d4ee7d0')
三月 09, 2018 5:07:21 下午 org.apache.catalina.core.ApplicationContext log
信息: ContextListener: contextInitialized()
三月 09, 2018 5:07:21 下午 org.apache.catalina.core.ApplicationContext log
信息: SessionListener: contextInitialized()
三月 09, 2018 5:07:21 下午 org.apache.catalina.core.ApplicationContext log
信息: ContextListener: attributeAdded('org.apache.jasper.compiler.TldLocationsCache', 'org.apache.jasper.compiler.TldLocationsCache@bf362ad')
