三月 06, 2018 12:11:33 上午 org.apache.catalina.core.ApplicationContext log
信息: ContextListener: contextInitialized()
三月 06, 2018 12:11:33 上午 org.apache.catalina.core.ApplicationContext log
信息: SessionListener: contextInitialized()
三月 06, 2018 12:11:33 上午 org.apache.catalina.core.ApplicationContext log
信息: ContextListener: attributeAdded('org.apache.jasper.compiler.TldLocationsCache', 'org.apache.jasper.compiler.TldLocationsCache@12082570')
三月 06, 2018 12:11:42 上午 org.apache.catalina.core.ApplicationContext log
信息: ContextListener: contextInitialized()
三月 06, 2018 12:11:42 上午 org.apache.catalina.core.ApplicationContext log
信息: SessionListener: contextInitialized()
三月 06, 2018 12:11:42 上午 org.apache.catalina.core.ApplicationContext log
信息: ContextListener: attributeAdded('org.apache.jasper.compiler.TldLocationsCache', 'org.apache.jasper.compiler.TldLocationsCache@17ace0b2')
三月 06, 2018 12:11:58 上午 org.apache.catalina.core.ApplicationContext log
信息: ContextListener: contextInitialized()
三月 06, 2018 12:11:58 上午 org.apache.catalina.core.ApplicationContext log
信息: SessionListener: contextInitialized()
三月 06, 2018 12:11:58 上午 org.apache.catalina.core.ApplicationContext log
信息: ContextListener: attributeAdded('org.apache.jasper.compiler.TldLocationsCache', 'org.apache.jasper.compiler.TldLocationsCache@17d351fc')
三月 06, 2018 12:13:34 上午 org.apache.catalina.core.ApplicationContext log
信息: ContextListener: contextInitialized()
三月 06, 2018 12:13:34 上午 org.apache.catalina.core.ApplicationContext log
信息: SessionListener: contextInitialized()
三月 06, 2018 12:13:34 上午 org.apache.catalina.core.ApplicationContext log
信息: ContextListener: attributeAdded('org.apache.jasper.compiler.TldLocationsCache', 'org.apache.jasper.compiler.TldLocationsCache@5d4ee7d0')
三月 06, 2018 2:04:23 上午 org.apache.catalina.core.ApplicationContext log
信息: ContextListener: contextInitialized()
三月 06, 2018 2:04:23 上午 org.apache.catalina.core.ApplicationContext log
信息: SessionListener: contextInitialized()
三月 06, 2018 2:04:23 上午 org.apache.catalina.core.ApplicationContext log
信息: ContextListener: attributeAdded('org.apache.jasper.compiler.TldLocationsCache', 'org.apache.jasper.compiler.TldLocationsCache@6755388b')
三月 06, 2018 10:57:17 上午 org.apache.catalina.core.ApplicationContext log
信息: ContextListener: contextInitialized()
三月 06, 2018 10:57:17 上午 org.apache.catalina.core.ApplicationContext log
信息: SessionListener: contextInitialized()
三月 06, 2018 10:57:17 上午 org.apache.catalina.core.ApplicationContext log
信息: ContextListener: attributeAdded('org.apache.jasper.compiler.TldLocationsCache', 'org.apache.jasper.compiler.TldLocationsCache@486f40bd')
三月 06, 2018 1:26:00 下午 org.apache.catalina.core.ApplicationContext log
信息: ContextListener: contextInitialized()
三月 06, 2018 1:26:00 下午 org.apache.catalina.core.ApplicationContext log
信息: SessionListener: contextInitialized()
三月 06, 2018 1:26:00 下午 org.apache.catalina.core.ApplicationContext log
信息: ContextListener: attributeAdded('org.apache.jasper.compiler.TldLocationsCache', 'org.apache.jasper.compiler.TldLocationsCache@32ab839c')
三月 06, 2018 1:45:18 下午 org.apache.catalina.core.ApplicationContext log
信息: ContextListener: contextInitialized()
三月 06, 2018 1:45:18 下午 org.apache.catalina.core.ApplicationContext log
信息: SessionListener: contextInitialized()
三月 06, 2018 1:45:18 下午 org.apache.catalina.core.ApplicationContext log
信息: ContextListener: attributeAdded('org.apache.jasper.compiler.TldLocationsCache', 'org.apache.jasper.compiler.TldLocationsCache@3b45b486')
三月 06, 2018 1:48:50 下午 org.apache.catalina.core.ApplicationContext log
信息: ContextListener: contextInitialized()
三月 06, 2018 1:48:50 下午 org.apache.catalina.core.ApplicationContext log
信息: SessionListener: contextInitialized()
三月 06, 2018 1:48:50 下午 org.apache.catalina.core.ApplicationContext log
信息: ContextListener: attributeAdded('org.apache.jasper.compiler.TldLocationsCache', 'org.apache.jasper.compiler.TldLocationsCache@2025d10a')
三月 06, 2018 1:54:50 下午 org.apache.catalina.core.ApplicationContext log
信息: ContextListener: contextInitialized()
三月 06, 2018 1:54:50 下午 org.apache.catalina.core.ApplicationContext log
信息: SessionListener: contextInitialized()
三月 06, 2018 1:54:50 下午 org.apache.catalina.core.ApplicationContext log
信息: ContextListener: attributeAdded('org.apache.jasper.compiler.TldLocationsCache', 'org.apache.jasper.compiler.TldLocationsCache@5d4ee7d0')
三月 06, 2018 6:31:15 下午 org.apache.catalina.core.ApplicationContext log
信息: ContextListener: contextInitialized()
三月 06, 2018 6:31:15 下午 org.apache.catalina.core.ApplicationContext log
信息: SessionListener: contextInitialized()
三月 06, 2018 6:31:15 下午 org.apache.catalina.core.ApplicationContext log
信息: ContextListener: attributeAdded('org.apache.jasper.compiler.TldLocationsCache', 'org.apache.jasper.compiler.TldLocationsCache@6755388b')
三月 06, 2018 6:38:42 下午 org.apache.catalina.core.ApplicationContext log
信息: ContextListener: contextInitialized()
三月 06, 2018 6:38:42 下午 org.apache.catalina.core.ApplicationContext log
信息: SessionListener: contextInitialized()
三月 06, 2018 6:38:42 下午 org.apache.catalina.core.ApplicationContext log
信息: ContextListener: attributeAdded('org.apache.jasper.compiler.TldLocationsCache', 'org.apache.jasper.compiler.TldLocationsCache@17d351fc')
三月 06, 2018 6:43:32 下午 org.apache.catalina.core.ApplicationContext log
信息: ContextListener: contextInitialized()
三月 06, 2018 6:43:32 下午 org.apache.catalina.core.ApplicationContext log
信息: SessionListener: contextInitialized()
三月 06, 2018 6:43:32 下午 org.apache.catalina.core.ApplicationContext log
信息: ContextListener: attributeAdded('org.apache.jasper.compiler.TldLocationsCache', 'org.apache.jasper.compiler.TldLocationsCache@32ab839c')
三月 06, 2018 7:02:12 下午 org.apache.catalina.core.ApplicationContext log
信息: ContextListener: contextInitialized()
三月 06, 2018 7:02:12 下午 org.apache.catalina.core.ApplicationContext log
信息: SessionListener: contextInitialized()
三月 06, 2018 7:02:12 下午 org.apache.catalina.core.ApplicationContext log
信息: ContextListener: attributeAdded('org.apache.jasper.compiler.TldLocationsCache', 'org.apache.jasper.compiler.TldLocationsCache@6755388b')
三月 06, 2018 10:10:31 下午 org.apache.catalina.core.ApplicationContext log
信息: ContextListener: contextInitialized()
三月 06, 2018 10:10:31 下午 org.apache.catalina.core.ApplicationContext log
信息: SessionListener: contextInitialized()
三月 06, 2018 10:10:31 下午 org.apache.catalina.core.ApplicationContext log
信息: ContextListener: attributeAdded('org.apache.jasper.compiler.TldLocationsCache', 'org.apache.jasper.compiler.TldLocationsCache@3b45b486')
